#
# There is insufficient memory for the Java Runtime Environment to continue.
# Native memory allocation (malloc) failed to allocate 1869936 bytes for Chunk::new
# Possible reasons:
#   The system is out of physical RAM or swap space
#   The process is running with CompressedOops enabled, and the Java Heap may be blocking the growth of the native heap
# Possible solutions:
#   Reduce memory load on the system
#   Increase physical memory or swap space
#   Check if swap backing store is full
#   Decrease Java heap size (-Xmx/-Xms)
#   Decrease number of Java threads
#   Decrease Java thread stack sizes (-Xss)
#   Set larger code cache with -XX:ReservedCodeCacheSize=
#   JVM is running with Unscaled Compressed Oops mode in which the Java heap is
#     placed in the first 4GB address space. The Java Heap base address is the
#     maximum limit for the native heap growth. Please use -XX:HeapBaseMinAddress
#     to set the Java Heap base and to place the Java Heap above 4GB virtual address.
# This output file may be truncated or incomplete.
#
#  Out of Memory Error (arena.cpp:189), pid=5996, tid=3924
#
# JRE version: Java(TM) SE Runtime Environment (17.0.5+9) (build 17.0.5+9-LTS-191)
# Java VM: Java HotSpot(TM) 64-Bit Server VM (17.0.5+9-LTS-191, mixed mode, sharing, tiered, compressed oops, compressed class ptrs, g1 gc, windows-amd64)
# No core dump will be written. Minidumps are not enabled by default on client versions of Windows
#

---------------  S U M M A R Y ------------

Command Line: --add-opens=java.base/java.util.concurrent.atomic=ALL-UNNAMED -XX:MaxMetaspaceSize=256m -XX:+HeapDumpOnOutOfMemoryError --add-opens=java.base/java.util=ALL-UNNAMED --add-opens=java.base/java.lang=ALL-UNNAMED --add-opens=java.base/java.lang.invoke=ALL-UNNAMED --add-opens=java.prefs/java.util.prefs=ALL-UNNAMED --add-opens=java.base/java.nio.charset=ALL-UNNAMED --add-opens=java.base/java.net=ALL-UNNAMED --add-opens=java.base/java.util.concurrent.atomic=ALL-UNNAMED -Xms256m -Xmx512m -Dfile.encoding=UTF-8 -Duser.country=KR -Duser.language=ko -Duser.variant org.gradle.launcher.daemon.bootstrap.GradleDaemon 8.0

Host: Intel(R) Core(TM) i5-8400 CPU @ 2.80GHz, 6 cores, 15G,  Windows 10 , 64 bit Build 19041 (10.0.19041.3155)
Time: Sun Aug 27 19:07:48 2023  Windows 10 , 64 bit Build 19041 (10.0.19041.3155) elapsed time: 40.447611 seconds (0d 0h 0m 40s)

---------------  T H R E A D  ---------------

Current thread (0x0000017f6bd68dd0):  JavaThread "C2 CompilerThread0" daemon [_thread_in_native, id=3924, stack(0x00000027c7800000,0x00000027c7900000)]


Current CompileTask:
C2:  40447 10020       4       sun.reflect.generics.parser.SignatureParser::parsePackageNameAndSimpleClassTypeSignature (119 bytes)

Stack: [0x00000027c7800000,0x00000027c7900000]
Native frames: (J=compiled Java code, j=interpreted, Vv=VM code, C=native code)
V  [jvm.dll+0x672eea]
V  [jvm.dll+0x7d2a04]
V  [jvm.dll+0x7d41ae]
V  [jvm.dll+0x7d4813]
V  [jvm.dll+0x242c15]
V  [jvm.dll+0xaa57b]
V  [jvm.dll+0xaab0c]
V  [jvm.dll+0x35ff42]
V  [jvm.dll+0x32a631]
V  [jvm.dll+0x329ada]
V  [jvm.dll+0x215cc1]
V  [jvm.dll+0x2150e1]
V  [jvm.dll+0x1a18ed]
V  [jvm.dll+0x22493a]
V  [jvm.dll+0x222aa5]
V  [jvm.dll+0x7885db]
V  [jvm.dll+0x782b4a]
V  [jvm.dll+0x671d75]
C  [ucrtbase.dll+0x21bb2]
C  [KERNEL32.DLL+0x17614]
C  [ntdll.dll+0x526b1]


---------------  P R O C E S S  ---------------

Threads class SMR info:
_java_thread_list=0x0000017f72af7f30, length=113, elements={
0x0000017f4f9a4070, 0x0000017f6bd49a20, 0x0000017f6bd4a7a0, 0x0000017f6bd636d0,
0x0000017f6bd65fa0, 0x0000017f6bd67870, 0x0000017f6bd68130, 0x0000017f6bd68dd0,
0x0000017f6bd69780, 0x0000017f6bd6d4a0, 0x0000017f6c868a70, 0x0000017f6c89dae0,
0x0000017f6d7453e0, 0x0000017f6d6d9490, 0x0000017f6da9a230, 0x0000017f6e4e5a00,
0x0000017f6ec565f0, 0x0000017f6d71b250, 0x0000017f6e50a010, 0x0000017f6def2010,
0x0000017f6eefea40, 0x0000017f6eefba20, 0x0000017f6eefb080, 0x0000017f6eefbef0,
0x0000017f6eefd700, 0x0000017f6eefdbd0, 0x0000017f6eefc890, 0x0000017f6eefe0a0,
0x0000017f6eefe570, 0x0000017f6eefcd60, 0x0000017f6eefb550, 0x0000017f6eefd230,
0x0000017f6eefc3c0, 0x0000017f6ddbfaa0, 0x0000017f6ddc3460, 0x0000017f6ddc6950,
0x0000017f6ddc5fb0, 0x0000017f6ddc2120, 0x0000017f6ddc3930, 0x0000017f6ddc25f0,
0x0000017f6ddc5140, 0x0000017f6ddbff70, 0x0000017f6ddc3e00, 0x0000017f6ddc12b0,
0x0000017f6ddc1780, 0x0000017f6ddc5610, 0x0000017f6ddc42d0, 0x0000017f6ddc47a0,
0x0000017f6ddc5ae0, 0x0000017f6ddc4c70, 0x0000017f6ea415f0, 0x0000017f6ea41ac0,
0x0000017f6ea3c8f0, 0x0000017f6ea3ac10, 0x0000017f6ea3dc30, 0x0000017f6ea3d290,
0x0000017f6ea3c420, 0x0000017f6ea3d760, 0x0000017f6ea3e100, 0x0000017f6ea3e5d0,
0x0000017f6ea3ef70, 0x0000017f6ea3eaa0, 0x0000017f6ea3f440, 0x0000017f6ea41f90,
0x0000017f6ea3f910, 0x0000017f6ea3fde0, 0x0000017f6ea402b0, 0x0000017f6ea3bf50,
0x0000017f6ea40780, 0x0000017f6ea40c50, 0x0000017f6ea3a740, 0x0000017f6ea41120,
0x0000017f6ea3b0e0, 0x0000017f6ea3cdc0, 0x0000017f6ea3b5b0, 0x0000017f6ea3ba80,
0x0000017f6e72f8f0, 0x0000017f6e72bf30, 0x0000017f6e72ea80, 0x0000017f6e7293e0,
0x0000017f6e728a40, 0x0000017f6e72f420, 0x0000017f6e72b0c0, 0x0000017f6e72ef50,
0x0000017f6e72b590, 0x0000017f6e72ba60, 0x0000017f6e72c8d0, 0x0000017f6e72e0e0,
0x0000017f6e72abf0, 0x0000017f6e72e5b0, 0x0000017f72a08de0, 0x0000017f6e728570,
0x0000017f6e72dc10, 0x0000017f6e7298b0, 0x0000017f6e729d80, 0x0000017f6e72a250,
0x0000017f6e72a720, 0x0000017f70323d60, 0x0000017f70322080, 0x0000017f70324bd0,
0x0000017f70322a20, 0x0000017f703250a0, 0x0000017f70325570, 0x0000017f70322ef0,
0x0000017f70325a40, 0x0000017f703233c0, 0x0000017f70323890, 0x0000017f70324230,
0x0000017f6ebf3080, 0x0000017f6ebf3550, 0x0000017f6ebf4890, 0x0000017f6ebf8250,
0x0000017f6ebf5700
}

Java Threads: ( => current thread )
  0x0000017f4f9a4070 JavaThread "main" [_thread_blocked, id=26252, stack(0x00000027c6b00000,0x00000027c6c00000)]
  0x0000017f6bd49a20 JavaThread "Reference Handler" daemon [_thread_blocked, id=15652, stack(0x00000027c7200000,0x00000027c7300000)]
  0x0000017f6bd4a7a0 JavaThread "Finalizer" daemon [_thread_blocked, id=28556, stack(0x00000027c7300000,0x00000027c7400000)]
  0x0000017f6bd636d0 JavaThread "Signal Dispatcher" daemon [_thread_blocked, id=25828, stack(0x00000027c7400000,0x00000027c7500000)]
  0x0000017f6bd65fa0 JavaThread "Attach Listener" daemon [_thread_blocked, id=21708, stack(0x00000027c7500000,0x00000027c7600000)]
  0x0000017f6bd67870 JavaThread "Service Thread" daemon [_thread_blocked, id=2036, stack(0x00000027c7600000,0x00000027c7700000)]
  0x0000017f6bd68130 JavaThread "Monitor Deflation Thread" daemon [_thread_blocked, id=1676, stack(0x00000027c7700000,0x00000027c7800000)]
=>0x0000017f6bd68dd0 JavaThread "C2 CompilerThread0" daemon [_thread_in_native, id=3924, stack(0x00000027c7800000,0x00000027c7900000)]
  0x0000017f6bd69780 JavaThread "C1 CompilerThread0" daemon [_thread_blocked, id=10796, stack(0x00000027c7900000,0x00000027c7a00000)]
  0x0000017f6bd6d4a0 JavaThread "Sweeper thread" daemon [_thread_blocked, id=16404, stack(0x00000027c7a00000,0x00000027c7b00000)]
  0x0000017f6c868a70 JavaThread "Common-Cleaner" daemon [_thread_blocked, id=12956, stack(0x00000027c7b00000,0x00000027c7c00000)]
  0x0000017f6c89dae0 JavaThread "Notification Thread" daemon [_thread_blocked, id=17768, stack(0x00000027c7c00000,0x00000027c7d00000)]
  0x0000017f6d7453e0 JavaThread "Daemon health stats" [_thread_blocked, id=25684, stack(0x00000027c8400000,0x00000027c8500000)]
  0x0000017f6d6d9490 JavaThread "Incoming local TCP Connector on port 3823" [_thread_in_native, id=14104, stack(0x00000027c8500000,0x00000027c8600000)]
  0x0000017f6da9a230 JavaThread "Daemon periodic checks" [_thread_blocked, id=24428, stack(0x00000027c8600000,0x00000027c8700000)]
  0x0000017f6e4e5a00 JavaThread "Daemon" [_thread_blocked, id=24340, stack(0x00000027c8700000,0x00000027c8800000)]
  0x0000017f6ec565f0 JavaThread "Handler for socket connection from /127.0.0.1:3823 to /127.0.0.1:3828" [_thread_in_native, id=16712, stack(0x00000027c8800000,0x00000027c8900000)]
  0x0000017f6d71b250 JavaThread "Cancel handler" [_thread_blocked, id=13356, stack(0x00000027c8900000,0x00000027c8a00000)]
  0x0000017f6e50a010 JavaThread "Daemon worker" [_thread_in_vm, id=15896, stack(0x00000027c8a00000,0x00000027c8b00000)]
  0x0000017f6def2010 JavaThread "Asynchronous log dispatcher for DefaultDaemonConnection: socket connection from /127.0.0.1:3823 to /127.0.0.1:3828" [_thread_blocked, id=27264, stack(0x00000027c8b00000,0x00000027c8c00000)]
  0x0000017f6eefea40 JavaThread "Stdin handler" [_thread_blocked, id=20768, stack(0x00000027c8c00000,0x00000027c8d00000)]
  0x0000017f6eefba20 JavaThread "Daemon client event forwarder" [_thread_blocked, id=9768, stack(0x00000027c8d00000,0x00000027c8e00000)]
  0x0000017f6eefb080 JavaThread "Cache worker for journal cache (C:\Users\leejihoon\.gradle\caches\journal-1)" [_thread_blocked, id=15072, stack(0x00000027c8300000,0x00000027c8400000)]
  0x0000017f6eefbef0 JavaThread "File lock request listener" [_thread_in_native, id=16084, stack(0x00000027c8e00000,0x00000027c8f00000)]
  0x0000017f6eefd700 JavaThread "File lock release action executor" [_thread_blocked, id=10124, stack(0x00000027c8f00000,0x00000027c9000000)]
  0x0000017f6eefdbd0 JavaThread "Cache worker for file hash cache (C:\Users\leejihoon\.gradle\caches\8.0\fileHashes)" [_thread_blocked, id=26416, stack(0x00000027c9000000,0x00000027c9100000)]
  0x0000017f6eefc890 JavaThread "File watcher server" daemon [_thread_in_native, id=8856, stack(0x00000027c9200000,0x00000027c9300000)]
  0x0000017f6eefe0a0 JavaThread "File watcher consumer" daemon [_thread_blocked, id=3932, stack(0x00000027c9300000,0x00000027c9400000)]
  0x0000017f6eefe570 JavaThread "jar transforms" [_thread_blocked, id=19608, stack(0x00000027c9100000,0x00000027c9200000)]
  0x0000017f6eefcd60 JavaThread "jar transforms Thread 2" [_thread_blocked, id=11832, stack(0x00000027c9400000,0x00000027c9500000)]
  0x0000017f6eefb550 JavaThread "jar transforms Thread 3" [_thread_blocked, id=12436, stack(0x00000027c9500000,0x00000027c9600000)]
  0x0000017f6eefd230 JavaThread "jar transforms Thread 4" [_thread_blocked, id=19772, stack(0x00000027c9600000,0x00000027c9700000)]
  0x0000017f6eefc3c0 JavaThread "jar transforms Thread 5" [_thread_blocked, id=21548, stack(0x00000027c9700000,0x00000027c9800000)]
  0x0000017f6ddbfaa0 JavaThread "jar transforms Thread 6" [_thread_blocked, id=25456, stack(0x00000027c9800000,0x00000027c9900000)]
  0x0000017f6ddc3460 JavaThread "Cache worker for checksums cache (C:\Users\leejihoon\Desktop\coupon_platform\.gradle\8.0\checksums)" [_thread_blocked, id=28340, stack(0x00000027c9b00000,0x00000027c9c00000)]
  0x0000017f6ddc6950 JavaThread "Cache worker for cache directory md-rule (C:\Users\leejihoon\.gradle\caches\8.0\md-rule)" [_thread_blocked, id=11856, stack(0x00000027c9c00000,0x00000027c9d00000)]
  0x0000017f6ddc5fb0 JavaThread "Cache worker for file content cache (C:\Users\leejihoon\.gradle\caches\8.0\fileContent)" [_thread_blocked, id=24496, stack(0x00000027c9d00000,0x00000027c9e00000)]
  0x0000017f6ddc2120 JavaThread "Cache worker for file hash cache (C:\Users\leejihoon\Desktop\coupon_platform\.gradle\8.0\fileHashes)" [_thread_blocked, id=11512, stack(0x00000027c9e00000,0x00000027c9f00000)]
  0x0000017f6ddc3930 JavaThread "Cache worker for cache directory md-supplier (C:\Users\leejihoon\.gradle\caches\8.0\md-supplier)" [_thread_blocked, id=24788, stack(0x00000027c9f00000,0x00000027ca000000)]
  0x0000017f6ddc25f0 JavaThread "Cache worker for execution history cache (C:\Users\leejihoon\.gradle\caches\8.0\executionHistory)" [_thread_blocked, id=21980, stack(0x00000027c9900000,0x00000027c9a00000)]
  0x0000017f6ddc5140 JavaThread "Cache worker for kotlin-dsl (C:\Users\leejihoon\.gradle\caches\8.0\kotlin-dsl)" [_thread_blocked, id=12252, stack(0x00000027ca200000,0x00000027ca300000)]
  0x0000017f6ddbff70 JavaThread "File lock release action executor Thread 2" [_thread_blocked, id=22792, stack(0x00000027ca000000,0x00000027ca100000)]
  0x0000017f6ddc3e00 JavaThread "Cache worker for dependencies-accessors (C:\Users\leejihoon\Desktop\coupon_platform\.gradle\8.0\dependencies-accessors)" [_thread_blocked, id=19840, stack(0x00000027ca300000,0x00000027ca400000)]
  0x0000017f6ddc12b0 JavaThread "Cache worker for Build Output Cleanup Cache (C:\Users\leejihoon\Desktop\coupon_platform\.gradle\buildOutputCleanup)" [_thread_blocked, id=18888, stack(0x00000027ca500000,0x00000027ca600000)]
  0x0000017f6ddc1780 JavaThread "Unconstrained build operations" [_thread_blocked, id=27840, stack(0x00000027ca400000,0x00000027ca500000)]
  0x0000017f6ddc5610 JavaThread "Unconstrained build operations Thread 2" [_thread_blocked, id=18104, stack(0x00000027ca600000,0x00000027ca700000)]
  0x0000017f6ddc42d0 JavaThread "Unconstrained build operations Thread 3" [_thread_blocked, id=19644, stack(0x00000027ca700000,0x00000027ca800000)]
  0x0000017f6ddc47a0 JavaThread "Unconstrained build operations Thread 4" [_thread_blocked, id=26748, stack(0x00000027ca800000,0x00000027ca900000)]
  0x0000017f6ddc5ae0 JavaThread "Unconstrained build operations Thread 5" [_thread_blocked, id=14168, stack(0x00000027ca900000,0x00000027caa00000)]
  0x0000017f6ddc4c70 JavaThread "Unconstrained build operations Thread 6" [_thread_blocked, id=5472, stack(0x00000027caa00000,0x00000027cab00000)]
  0x0000017f6ea415f0 JavaThread "Unconstrained build operations Thread 7" [_thread_blocked, id=4200, stack(0x00000027cab00000,0x00000027cac00000)]
  0x0000017f6ea41ac0 JavaThread "Unconstrained build operations Thread 8" [_thread_blocked, id=9532, stack(0x00000027cac00000,0x00000027cad00000)]
  0x0000017f6ea3c8f0 JavaThread "Unconstrained build operations Thread 9" [_thread_blocked, id=21876, stack(0x00000027cad00000,0x00000027cae00000)]
  0x0000017f6ea3ac10 JavaThread "Unconstrained build operations Thread 10" [_thread_blocked, id=1568, stack(0x00000027cae00000,0x00000027caf00000)]
  0x0000017f6ea3dc30 JavaThread "Unconstrained build operations Thread 11" [_thread_blocked, id=4252, stack(0x00000027caf00000,0x00000027cb000000)]
  0x0000017f6ea3d290 JavaThread "Unconstrained build operations Thread 12" [_thread_blocked, id=14156, stack(0x00000027cb000000,0x00000027cb100000)]
  0x0000017f6ea3c420 JavaThread "Unconstrained build operations Thread 13" [_thread_blocked, id=10044, stack(0x00000027cb100000,0x00000027cb200000)]
  0x0000017f6ea3d760 JavaThread "Unconstrained build operations Thread 14" [_thread_blocked, id=21044, stack(0x00000027cb200000,0x00000027cb300000)]
  0x0000017f6ea3e100 JavaThread "Unconstrained build operations Thread 15" [_thread_blocked, id=25408, stack(0x00000027cb300000,0x00000027cb400000)]
  0x0000017f6ea3e5d0 JavaThread "Unconstrained build operations Thread 16" [_thread_blocked, id=18720, stack(0x00000027cb400000,0x00000027cb500000)]
  0x0000017f6ea3ef70 JavaThread "Unconstrained build operations Thread 17" [_thread_blocked, id=23580, stack(0x00000027cb500000,0x00000027cb600000)]
  0x0000017f6ea3eaa0 JavaThread "Unconstrained build operations Thread 18" [_thread_blocked, id=12320, stack(0x00000027cb600000,0x00000027cb700000)]
  0x0000017f6ea3f440 JavaThread "Unconstrained build operations Thread 19" [_thread_blocked, id=6428, stack(0x00000027cb700000,0x00000027cb800000)]
  0x0000017f6ea41f90 JavaThread "Unconstrained build operations Thread 20" [_thread_blocked, id=20076, stack(0x00000027cb800000,0x00000027cb900000)]
  0x0000017f6ea3f910 JavaThread "Unconstrained build operations Thread 21" [_thread_blocked, id=16036, stack(0x00000027cb900000,0x00000027cba00000)]
  0x0000017f6ea3fde0 JavaThread "Unconstrained build operations Thread 22" [_thread_blocked, id=20416, stack(0x00000027cba00000,0x00000027cbb00000)]
  0x0000017f6ea402b0 JavaThread "Unconstrained build operations Thread 23" [_thread_blocked, id=28008, stack(0x00000027cbb00000,0x00000027cbc00000)]
  0x0000017f6ea3bf50 JavaThread "Unconstrained build operations Thread 24" [_thread_blocked, id=8916, stack(0x00000027cbc00000,0x00000027cbd00000)]
  0x0000017f6ea40780 JavaThread "Unconstrained build operations Thread 25" [_thread_blocked, id=25692, stack(0x00000027cbd00000,0x00000027cbe00000)]
  0x0000017f6ea40c50 JavaThread "Unconstrained build operations Thread 26" [_thread_blocked, id=9160, stack(0x00000027cbe00000,0x00000027cbf00000)]
  0x0000017f6ea3a740 JavaThread "Unconstrained build operations Thread 27" [_thread_blocked, id=13700, stack(0x00000027cbf00000,0x00000027cc000000)]
  0x0000017f6ea41120 JavaThread "Unconstrained build operations Thread 28" [_thread_blocked, id=10564, stack(0x00000027cc000000,0x00000027cc100000)]
  0x0000017f6ea3b0e0 JavaThread "Unconstrained build operations Thread 29" [_thread_blocked, id=8876, stack(0x00000027cc100000,0x00000027cc200000)]
  0x0000017f6ea3cdc0 JavaThread "Unconstrained build operations Thread 30" [_thread_blocked, id=24104, stack(0x00000027cc200000,0x00000027cc300000)]
  0x0000017f6ea3b5b0 JavaThread "Unconstrained build operations Thread 31" [_thread_blocked, id=27996, stack(0x00000027cc300000,0x00000027cc400000)]
  0x0000017f6ea3ba80 JavaThread "Unconstrained build operations Thread 32" [_thread_blocked, id=24992, stack(0x00000027cc400000,0x00000027cc500000)]
  0x0000017f6e72f8f0 JavaThread "Unconstrained build operations Thread 33" [_thread_blocked, id=13656, stack(0x00000027cc500000,0x00000027cc600000)]
  0x0000017f6e72bf30 JavaThread "Unconstrained build operations Thread 34" [_thread_blocked, id=20564, stack(0x00000027cc600000,0x00000027cc700000)]
  0x0000017f6e72ea80 JavaThread "Unconstrained build operations Thread 35" [_thread_blocked, id=27060, stack(0x00000027cc700000,0x00000027cc800000)]
  0x0000017f6e7293e0 JavaThread "Unconstrained build operations Thread 36" [_thread_blocked, id=18176, stack(0x00000027cc800000,0x00000027cc900000)]
  0x0000017f6e728a40 JavaThread "Unconstrained build operations Thread 37" [_thread_blocked, id=10036, stack(0x00000027cc900000,0x00000027cca00000)]
  0x0000017f6e72f420 JavaThread "Unconstrained build operations Thread 38" [_thread_blocked, id=7748, stack(0x00000027cca00000,0x00000027ccb00000)]
  0x0000017f6e72b0c0 JavaThread "Unconstrained build operations Thread 39" [_thread_blocked, id=22916, stack(0x00000027ccb00000,0x00000027ccc00000)]
  0x0000017f6e72ef50 JavaThread "Unconstrained build operations Thread 40" [_thread_blocked, id=23600, stack(0x00000027ccc00000,0x00000027ccd00000)]
  0x0000017f6e72b590 JavaThread "Unconstrained build operations Thread 41" [_thread_blocked, id=1252, stack(0x00000027ccd00000,0x00000027cce00000)]
  0x0000017f6e72ba60 JavaThread "Unconstrained build operations Thread 42" [_thread_blocked, id=28024, stack(0x00000027cce00000,0x00000027ccf00000)]
  0x0000017f6e72c8d0 JavaThread "Unconstrained build operations Thread 43" [_thread_blocked, id=18976, stack(0x00000027ccf00000,0x00000027cd000000)]
  0x0000017f6e72e0e0 JavaThread "Unconstrained build operations Thread 44" [_thread_blocked, id=23464, stack(0x00000027cd000000,0x00000027cd100000)]
  0x0000017f6e72abf0 JavaThread "Unconstrained build operations Thread 45" [_thread_blocked, id=9728, stack(0x00000027cd100000,0x00000027cd200000)]
  0x0000017f6e72e5b0 JavaThread "Memory manager" [_thread_blocked, id=20256, stack(0x00000027cd300000,0x00000027cd400000)]
  0x0000017f72a08de0 JavaThread "C2 CompilerThread1" daemon [_thread_in_native, id=18336, stack(0x00000027cd500000,0x00000027cd600000)]
  0x0000017f6e728570 JavaThread "included builds" [_thread_blocked, id=9808, stack(0x00000027cd600000,0x00000027cd700000)]
  0x0000017f6e72dc10 JavaThread "Execution worker" [_thread_blocked, id=6136, stack(0x00000027cd700000,0x00000027cd800000)]
  0x0000017f6e7298b0 JavaThread "Execution worker Thread 2" [_thread_blocked, id=27704, stack(0x00000027cd800000,0x00000027cd900000)]
  0x0000017f6e729d80 JavaThread "Execution worker Thread 3" [_thread_blocked, id=20952, stack(0x00000027cd900000,0x00000027cda00000)]
  0x0000017f6e72a250 JavaThread "Execution worker Thread 4" [_thread_blocked, id=7720, stack(0x00000027cda00000,0x00000027cdb00000)]
  0x0000017f6e72a720 JavaThread "Execution worker Thread 5" [_thread_blocked, id=9996, stack(0x00000027cdb00000,0x00000027cdc00000)]
  0x0000017f70323d60 JavaThread "Cache worker for execution history cache (C:\Users\leejihoon\Desktop\coupon_platform\.gradle\8.0\executionHistory)" [_thread_blocked, id=17952, stack(0x00000027cdc00000,0x00000027cdd00000)]
  0x0000017f70322080 JavaThread "Unconstrained build operations Thread 46" [_thread_blocked, id=20176, stack(0x00000027cdd00000,0x00000027cde00000)]
  0x0000017f70324bd0 JavaThread "Unconstrained build operations Thread 47" [_thread_blocked, id=8100, stack(0x00000027cde00000,0x00000027cdf00000)]
  0x0000017f70322a20 JavaThread "Unconstrained build operations Thread 48" [_thread_blocked, id=28508, stack(0x00000027cdf00000,0x00000027ce000000)]
  0x0000017f703250a0 JavaThread "Unconstrained build operations Thread 49" [_thread_blocked, id=25768, stack(0x00000027ce000000,0x00000027ce100000)]
  0x0000017f70325570 JavaThread "Unconstrained build operations Thread 50" [_thread_blocked, id=13976, stack(0x00000027ce100000,0x00000027ce200000)]
  0x0000017f70322ef0 JavaThread "Unconstrained build operations Thread 51" [_thread_blocked, id=6248, stack(0x00000027ce200000,0x00000027ce300000)]
  0x0000017f70325a40 JavaThread "Unconstrained build operations Thread 52" [_thread_blocked, id=23380, stack(0x00000027ce300000,0x00000027ce400000)]
  0x0000017f703233c0 JavaThread "Unconstrained build operations Thread 53" [_thread_blocked, id=22464, stack(0x00000027ce400000,0x00000027ce500000)]
  0x0000017f70323890 JavaThread "Unconstrained build operations Thread 54" [_thread_blocked, id=14332, stack(0x00000027ce500000,0x00000027ce600000)]
  0x0000017f70324230 JavaThread "Unconstrained build operations Thread 55" [_thread_blocked, id=25144, stack(0x00000027ce600000,0x00000027ce700000)]
  0x0000017f6ebf3080 JavaThread "Unconstrained build operations Thread 56" [_thread_blocked, id=2868, stack(0x00000027ce700000,0x00000027ce800000)]
  0x0000017f6ebf3550 JavaThread "Unconstrained build operations Thread 57" [_thread_blocked, id=19860, stack(0x00000027ce800000,0x00000027ce900000)]
  0x0000017f6ebf4890 JavaThread "Unconstrained build operations Thread 58" [_thread_blocked, id=15432, stack(0x00000027ce900000,0x00000027cea00000)]
  0x0000017f6ebf8250 JavaThread "Unconstrained build operations Thread 59" [_thread_blocked, id=9464, stack(0x00000027cea00000,0x00000027ceb00000)]
  0x0000017f6ebf5700 JavaThread "Unconstrained build operations Thread 60" [_thread_blocked, id=24784, stack(0x00000027ceb00000,0x00000027cec00000)]

Other Threads:
  0x0000017f6bd45380 VMThread "VM Thread" [stack: 0x00000027c7100000,0x00000027c7200000] [id=1104]
  0x0000017f6c89ffc0 WatcherThread [stack: 0x00000027c7d00000,0x00000027c7e00000] [id=7924]
  0x0000017f4f9ce8a0 GCTaskThread "GC Thread#0" [stack: 0x00000027c6c00000,0x00000027c6d00000] [id=20844]
  0x0000017f6d14f0c0 GCTaskThread "GC Thread#1" [stack: 0x00000027c7e00000,0x00000027c7f00000] [id=18068]
  0x0000017f6d132fa0 GCTaskThread "GC Thread#2" [stack: 0x00000027c7f00000,0x00000027c8000000] [id=13248]
  0x0000017f6d133250 GCTaskThread "GC Thread#3" [stack: 0x00000027c8000000,0x00000027c8100000] [id=11852]
  0x0000017f6d2587f0 GCTaskThread "GC Thread#4" [stack: 0x00000027c8100000,0x00000027c8200000] [id=17792]
  0x0000017f6d258aa0 GCTaskThread "GC Thread#5" [stack: 0x00000027c8200000,0x00000027c8300000] [id=16976]
  0x0000017f4f9d4700 ConcurrentGCThread "G1 Main Marker" [stack: 0x00000027c6d00000,0x00000027c6e00000] [id=16792]
  0x0000017f4f9d5020 ConcurrentGCThread "G1 Conc#0" [stack: 0x00000027c6e00000,0x00000027c6f00000] [id=8776]
  0x0000017f6db9a9d0 ConcurrentGCThread "G1 Conc#1" [stack: 0x00000027c9a00000,0x00000027c9b00000] [id=17512]
  0x0000017f4fa7e500 ConcurrentGCThread "G1 Refine#0" [stack: 0x00000027c6f00000,0x00000027c7000000] [id=8952]
  0x0000017f6ee09a40 ConcurrentGCThread "G1 Refine#1" [stack: 0x00000027ca100000,0x00000027ca200000] [id=24948]
  0x0000017f70dbdde0 ConcurrentGCThread "G1 Refine#2" [stack: 0x00000027cec00000,0x00000027ced00000] [id=12620]
  0x0000017f70dbafe0 ConcurrentGCThread "G1 Refine#3" [stack: 0x00000027ced00000,0x00000027cee00000] [id=27988]
  0x0000017f6bc0b0f0 ConcurrentGCThread "G1 Service" [stack: 0x00000027c7000000,0x00000027c7100000] [id=25404]

Threads with active compile tasks:
C2 CompilerThread0    40463 10020       4       sun.reflect.generics.parser.SignatureParser::parsePackageNameAndSimpleClassTypeSignature (119 bytes)
C2 CompilerThread1    40463 10018       4       sun.reflect.generics.parser.SignatureParser::parseFieldTypeSignature (73 bytes)

VM state: not at safepoint (normal execution)

VM Mutex/Monitor currently owned by a thread:  ([mutex/lock_event])
[0x0000017f4f9a0580] Metaspace_lock - owner thread: 0x0000017f6e50a010

Heap address: 0x00000000e0000000, size: 512 MB, Compressed Oops mode: 32-bit

CDS archive(s) mapped at: [0x0000000800000000-0x0000000800bd0000-0x0000000800bd0000), size 12386304, SharedBaseAddress: 0x0000000800000000, ArchiveRelocationMode: 0.
Compressed class space mapped at: 0x0000000800c00000-0x000000080dc00000, reserved size: 218103808
Narrow klass base: 0x0000000800000000, Narrow klass shift: 0, Narrow klass range: 0x100000000

GC Precious Log:
 CPUs: 6 total, 6 available
 Memory: 16320M
 Large Page Support: Disabled
 NUMA Support: Disabled
 Compressed Oops: Enabled (32-bit)
 Heap Region Size: 1M
 Heap Min Capacity: 256M
 Heap Initial Capacity: 256M
 Heap Max Capacity: 512M
 Pre-touch: Disabled
 Parallel Workers: 6
 Concurrent Workers: 2
 Concurrent Refinement Workers: 6
 Periodic GC: Disabled

Heap:
 garbage-first heap   total 262144K, used 135812K [0x00000000e0000000, 0x0000000100000000)
  region size 1024K, 36 young (36864K), 17 survivors (17408K)
 Metaspace       used 69332K, committed 70144K, reserved 278528K
  class space    used 9518K, committed 9920K, reserved 212992K

Heap Regions: E=young(eden), S=young(survivor), O=old, HS=humongous(starts), HC=humongous(continues), CS=collection set, F=free, OA=open archive, CA=closed archive, TAMS=top-at-mark-start (previous, next)
|   0|0x00000000e0000000, 0x00000000e0100000, 0x00000000e0100000|100%|HS|  |TAMS 0x00000000e0100000, 0x00000000e0000000| Complete 
|   1|0x00000000e0100000, 0x00000000e0200000, 0x00000000e0200000|100%|HC|  |TAMS 0x00000000e0200000, 0x00000000e0100000| Complete 
|   2|0x00000000e0200000, 0x00000000e0300000, 0x00000000e0300000|100%|HC|  |TAMS 0x00000000e0300000, 0x00000000e0200000| Complete 
|   3|0x00000000e0300000, 0x00000000e0400000, 0x00000000e0400000|100%|HC|  |TAMS 0x00000000e0400000, 0x00000000e0300000| Complete 
|   4|0x00000000e0400000, 0x00000000e0500000, 0x00000000e0500000|100%| O|  |TAMS 0x00000000e0500000, 0x00000000e0400000| Untracked 
|   5|0x00000000e0500000, 0x00000000e0600000, 0x00000000e0600000|100%| O|  |TAMS 0x00000000e0600000, 0x00000000e0500000| Untracked 
|   6|0x00000000e0600000, 0x00000000e0700000, 0x00000000e0700000|100%| O|  |TAMS 0x00000000e0700000, 0x00000000e0600000| Untracked 
|   7|0x00000000e0700000, 0x00000000e0800000, 0x00000000e0800000|100%| O|  |TAMS 0x00000000e0800000, 0x00000000e0700000| Untracked 
|   8|0x00000000e0800000, 0x00000000e0900000, 0x00000000e0900000|100%| O|  |TAMS 0x00000000e0900000, 0x00000000e0800000| Untracked 
|   9|0x00000000e0900000, 0x00000000e0a00000, 0x00000000e0a00000|100%|HS|  |TAMS 0x00000000e0a00000, 0x00000000e0900000| Complete 
|  10|0x00000000e0a00000, 0x00000000e0b00000, 0x00000000e0b00000|100%| O|  |TAMS 0x00000000e0b00000, 0x00000000e0a00000| Untracked 
|  11|0x00000000e0b00000, 0x00000000e0c00000, 0x00000000e0c00000|100%|HS|  |TAMS 0x00000000e0c00000, 0x00000000e0b00000| Complete 
|  12|0x00000000e0c00000, 0x00000000e0d00000, 0x00000000e0d00000|100%|HC|  |TAMS 0x00000000e0d00000, 0x00000000e0c00000| Complete 
|  13|0x00000000e0d00000, 0x00000000e0e00000, 0x00000000e0e00000|100%|HS|  |TAMS 0x00000000e0e00000, 0x00000000e0d00000| Complete 
|  14|0x00000000e0e00000, 0x00000000e0f00000, 0x00000000e0f00000|100%|HC|  |TAMS 0x00000000e0f00000, 0x00000000e0e00000| Complete 
|  15|0x00000000e0f00000, 0x00000000e1000000, 0x00000000e1000000|100%|HC|  |TAMS 0x00000000e1000000, 0x00000000e0f00000| Complete 
|  16|0x00000000e1000000, 0x00000000e1100000, 0x00000000e1100000|100%|HS|  |TAMS 0x00000000e1100000, 0x00000000e1000000| Complete 
|  17|0x00000000e1100000, 0x00000000e1200000, 0x00000000e1200000|100%|HS|  |TAMS 0x00000000e1200000, 0x00000000e1100000| Complete 
|  18|0x00000000e1200000, 0x00000000e1300000, 0x00000000e1300000|100%|HC|  |TAMS 0x00000000e1300000, 0x00000000e1200000| Complete 
|  19|0x00000000e1300000, 0x00000000e1400000, 0x00000000e1400000|100%|HC|  |TAMS 0x00000000e1400000, 0x00000000e1300000| Complete 
|  20|0x00000000e1400000, 0x00000000e1500000, 0x00000000e1500000|100%|HC|  |TAMS 0x00000000e1500000, 0x00000000e1400000| Complete 
|  21|0x00000000e1500000, 0x00000000e1600000, 0x00000000e1600000|100%| O|  |TAMS 0x00000000e1600000, 0x00000000e1500000| Untracked 
|  22|0x00000000e1600000, 0x00000000e1700000, 0x00000000e1700000|100%| O|  |TAMS 0x00000000e1700000, 0x00000000e1600000| Untracked 
|  23|0x00000000e1700000, 0x00000000e1800000, 0x00000000e1800000|100%| O|  |TAMS 0x00000000e1800000, 0x00000000e1700000| Untracked 
|  24|0x00000000e1800000, 0x00000000e1900000, 0x00000000e1900000|100%| O|  |TAMS 0x00000000e1900000, 0x00000000e1800000| Untracked 
|  25|0x00000000e1900000, 0x00000000e1a00000, 0x00000000e1a00000|100%| O|  |TAMS 0x00000000e1a00000, 0x00000000e1900000| Untracked 
|  26|0x00000000e1a00000, 0x00000000e1b00000, 0x00000000e1b00000|100%| O|  |TAMS 0x00000000e1b00000, 0x00000000e1a00000| Untracked 
|  27|0x00000000e1b00000, 0x00000000e1c00000, 0x00000000e1c00000|100%| O|  |TAMS 0x00000000e1c00000, 0x00000000e1b00000| Untracked 
|  28|0x00000000e1c00000, 0x00000000e1d00000, 0x00000000e1d00000|100%| O|  |TAMS 0x00000000e1d00000, 0x00000000e1c00000| Untracked 
|  29|0x00000000e1d00000, 0x00000000e1e00000, 0x00000000e1e00000|100%| O|  |TAMS 0x00000000e1e00000, 0x00000000e1d00000| Untracked 
|  30|0x00000000e1e00000, 0x00000000e1f00000, 0x00000000e1f00000|100%| O|  |TAMS 0x00000000e1f00000, 0x00000000e1e00000| Untracked 
|  31|0x00000000e1f00000, 0x00000000e2000000, 0x00000000e2000000|100%| O|  |TAMS 0x00000000e2000000, 0x00000000e1f00000| Untracked 
|  32|0x00000000e2000000, 0x00000000e2100000, 0x00000000e2100000|100%| O|  |TAMS 0x00000000e2100000, 0x00000000e2000000| Untracked 
|  33|0x00000000e2100000, 0x00000000e2200000, 0x00000000e2200000|100%| O|  |TAMS 0x00000000e2200000, 0x00000000e2100000| Untracked 
|  34|0x00000000e2200000, 0x00000000e2300000, 0x00000000e2300000|100%| O|  |TAMS 0x00000000e2300000, 0x00000000e2200000| Untracked 
|  35|0x00000000e2300000, 0x00000000e2400000, 0x00000000e2400000|100%| O|  |TAMS 0x00000000e2400000, 0x00000000e2300000| Untracked 
|  36|0x00000000e2400000, 0x00000000e2500000, 0x00000000e2500000|100%| O|  |TAMS 0x00000000e2500000, 0x00000000e2400000| Untracked 
|  37|0x00000000e2500000, 0x00000000e2600000, 0x00000000e2600000|100%| O|  |TAMS 0x00000000e2600000, 0x00000000e2500000| Untracked 
|  38|0x00000000e2600000, 0x00000000e2700000, 0x00000000e2700000|100%| O|  |TAMS 0x00000000e2700000, 0x00000000e2600000| Untracked 
|  39|0x00000000e2700000, 0x00000000e2800000, 0x00000000e2800000|100%| O|  |TAMS 0x00000000e2800000, 0x00000000e2700000| Untracked 
|  40|0x00000000e2800000, 0x00000000e2900000, 0x00000000e2900000|100%| O|  |TAMS 0x00000000e2900000, 0x00000000e2800000| Untracked 
|  41|0x00000000e2900000, 0x00000000e2a00000, 0x00000000e2a00000|100%| O|  |TAMS 0x00000000e29d6400, 0x00000000e2900000| Untracked 
|  42|0x00000000e2a00000, 0x00000000e2b00000, 0x00000000e2b00000|100%|HS|  |TAMS 0x00000000e2b00000, 0x00000000e2a00000| Complete 
|  43|0x00000000e2b00000, 0x00000000e2c00000, 0x00000000e2c00000|100%|HC|  |TAMS 0x00000000e2c00000, 0x00000000e2b00000| Complete 
|  44|0x00000000e2c00000, 0x00000000e2d00000, 0x00000000e2d00000|100%|HC|  |TAMS 0x00000000e2d00000, 0x00000000e2c00000| Complete 
|  45|0x00000000e2d00000, 0x00000000e2e00000, 0x00000000e2e00000|100%|HS|  |TAMS 0x00000000e2e00000, 0x00000000e2d00000| Complete 
|  46|0x00000000e2e00000, 0x00000000e2f00000, 0x00000000e2f00000|100%|HC|  |TAMS 0x00000000e2f00000, 0x00000000e2e00000| Complete 
|  47|0x00000000e2f00000, 0x00000000e3000000, 0x00000000e3000000|100%|HC|  |TAMS 0x00000000e3000000, 0x00000000e2f00000| Complete 
|  48|0x00000000e3000000, 0x00000000e3100000, 0x00000000e3100000|100%|HC|  |TAMS 0x00000000e3100000, 0x00000000e3000000| Complete 
|  49|0x00000000e3100000, 0x00000000e3200000, 0x00000000e3200000|100%|HC|  |TAMS 0x00000000e3200000, 0x00000000e3100000| Complete 
|  50|0x00000000e3200000, 0x00000000e3300000, 0x00000000e3300000|100%|HS|  |TAMS 0x00000000e3300000, 0x00000000e3200000| Complete 
|  51|0x00000000e3300000, 0x00000000e3400000, 0x00000000e3400000|100%| O|  |TAMS 0x00000000e3300000, 0x00000000e3300000| Untracked 
|  52|0x00000000e3400000, 0x00000000e3500000, 0x00000000e3500000|100%|HS|  |TAMS 0x00000000e3500000, 0x00000000e3400000| Complete 
|  53|0x00000000e3500000, 0x00000000e3600000, 0x00000000e3600000|100%|HC|  |TAMS 0x00000000e3600000, 0x00000000e3500000| Complete 
|  54|0x00000000e3600000, 0x00000000e3700000, 0x00000000e3700000|100%|HC|  |TAMS 0x00000000e3700000, 0x00000000e3600000| Complete 
|  55|0x00000000e3700000, 0x00000000e3800000, 0x00000000e3800000|100%|HC|  |TAMS 0x00000000e3800000, 0x00000000e3700000| Complete 
|  56|0x00000000e3800000, 0x00000000e3900000, 0x00000000e3900000|100%|HS|  |TAMS 0x00000000e3900000, 0x00000000e3800000| Complete 
|  57|0x00000000e3900000, 0x00000000e3a00000, 0x00000000e3a00000|100%|HC|  |TAMS 0x00000000e3a00000, 0x00000000e3900000| Complete 
|  58|0x00000000e3a00000, 0x00000000e3b00000, 0x00000000e3b00000|100%|HS|  |TAMS 0x00000000e3b00000, 0x00000000e3a00000| Complete 
|  59|0x00000000e3b00000, 0x00000000e3c00000, 0x00000000e3c00000|100%|HC|  |TAMS 0x00000000e3c00000, 0x00000000e3b00000| Complete 
|  60|0x00000000e3c00000, 0x00000000e3d00000, 0x00000000e3d00000|100%|HC|  |TAMS 0x00000000e3d00000, 0x00000000e3c00000| Complete 
|  61|0x00000000e3d00000, 0x00000000e3e00000, 0x00000000e3e00000|100%|HC|  |TAMS 0x00000000e3e00000, 0x00000000e3d00000| Complete 
|  62|0x00000000e3e00000, 0x00000000e3f00000, 0x00000000e3f00000|100%| O|  |TAMS 0x00000000e3e00000, 0x00000000e3e00000| Untracked 
|  63|0x00000000e3f00000, 0x00000000e4000000, 0x00000000e4000000|100%| O|  |TAMS 0x00000000e3f00000, 0x00000000e3f00000| Untracked 
|  64|0x00000000e4000000, 0x00000000e4100000, 0x00000000e4100000|100%| O|  |TAMS 0x00000000e4000000, 0x00000000e4000000| Untracked 
|  65|0x00000000e4100000, 0x00000000e4200000, 0x00000000e4200000|100%| O|  |TAMS 0x00000000e4100000, 0x00000000e4100000| Untracked 
|  66|0x00000000e4200000, 0x00000000e4300000, 0x00000000e4300000|100%| O|  |TAMS 0x00000000e4200000, 0x00000000e4200000| Untracked 
|  67|0x00000000e4300000, 0x00000000e4400000, 0x00000000e4400000|100%| O|  |TAMS 0x00000000e4300000, 0x00000000e4300000| Untracked 
|  68|0x00000000e4400000, 0x00000000e4500000, 0x00000000e4500000|100%| O|  |TAMS 0x00000000e4400000, 0x00000000e4400000| Untracked 
|  69|0x00000000e4500000, 0x00000000e4600000, 0x00000000e4600000|100%| O|  |TAMS 0x00000000e4500000, 0x00000000e4500000| Untracked 
|  70|0x00000000e4600000, 0x00000000e4700000, 0x00000000e4700000|100%| O|  |TAMS 0x00000000e4600000, 0x00000000e4600000| Untracked 
|  71|0x00000000e4700000, 0x00000000e4800000, 0x00000000e4800000|100%| O|  |TAMS 0x00000000e4700000, 0x00000000e4700000| Untracked 
|  72|0x00000000e4800000, 0x00000000e4900000, 0x00000000e4900000|100%| O|  |TAMS 0x00000000e4800000, 0x00000000e4800000| Untracked 
|  73|0x00000000e4900000, 0x00000000e4a00000, 0x00000000e4a00000|100%|HS|  |TAMS 0x00000000e4900000, 0x00000000e4900000| Complete 
|  74|0x00000000e4a00000, 0x00000000e4b00000, 0x00000000e4b00000|100%|HC|  |TAMS 0x00000000e4a00000, 0x00000000e4a00000| Complete 
|  75|0x00000000e4b00000, 0x00000000e4c00000, 0x00000000e4c00000|100%|HC|  |TAMS 0x00000000e4b00000, 0x00000000e4b00000| Complete 
|  76|0x00000000e4c00000, 0x00000000e4d00000, 0x00000000e4d00000|100%|HC|  |TAMS 0x00000000e4c00000, 0x00000000e4c00000| Complete 
|  77|0x00000000e4d00000, 0x00000000e4e00000, 0x00000000e4e00000|100%|HC|  |TAMS 0x00000000e4d00000, 0x00000000e4d00000| Complete 
|  78|0x00000000e4e00000, 0x00000000e4f00000, 0x00000000e4f00000|100%|HS|  |TAMS 0x00000000e4e00000, 0x00000000e4e00000| Complete 
|  79|0x00000000e4f00000, 0x00000000e5000000, 0x00000000e5000000|100%|HC|  |TAMS 0x00000000e4f00000, 0x00000000e4f00000| Complete 
|  80|0x00000000e5000000, 0x00000000e5100000, 0x00000000e5100000|100%|HS|  |TAMS 0x00000000e5000000, 0x00000000e5000000| Complete 
|  81|0x00000000e5100000, 0x00000000e5200000, 0x00000000e5200000|100%|HC|  |TAMS 0x00000000e5100000, 0x00000000e5100000| Complete 
|  82|0x00000000e5200000, 0x00000000e5300000, 0x00000000e5300000|100%|HC|  |TAMS 0x00000000e5200000, 0x00000000e5200000| Complete 
|  83|0x00000000e5300000, 0x00000000e5400000, 0x00000000e5400000|100%|HS|  |TAMS 0x00000000e5300000, 0x00000000e5300000| Complete 
|  84|0x00000000e5400000, 0x00000000e5500000, 0x00000000e5500000|100%|HS|  |TAMS 0x00000000e5400000, 0x00000000e5400000| Complete 
|  85|0x00000000e5500000, 0x00000000e5600000, 0x00000000e5600000|100%|HC|  |TAMS 0x00000000e5500000, 0x00000000e5500000| Complete 
|  86|0x00000000e5600000, 0x00000000e5700000, 0x00000000e5700000|100%|HC|  |TAMS 0x00000000e5600000, 0x00000000e5600000| Complete 
|  87|0x00000000e5700000, 0x00000000e5800000, 0x00000000e5800000|100%|HC|  |TAMS 0x00000000e5700000, 0x00000000e5700000| Complete 
|  88|0x00000000e5800000, 0x00000000e5900000, 0x00000000e5900000|100%|HS|  |TAMS 0x00000000e5800000, 0x00000000e5800000| Complete 
|  89|0x00000000e5900000, 0x00000000e5a00000, 0x00000000e5a00000|100%|HC|  |TAMS 0x00000000e5900000, 0x00000000e5900000| Complete 
|  90|0x00000000e5a00000, 0x00000000e5b00000, 0x00000000e5b00000|100%|HC|  |TAMS 0x00000000e5a00000, 0x00000000e5a00000| Complete 
|  91|0x00000000e5b00000, 0x00000000e5c00000, 0x00000000e5c00000|100%|HC|  |TAMS 0x00000000e5b00000, 0x00000000e5b00000| Complete 
|  92|0x00000000e5c00000, 0x00000000e5d00000, 0x00000000e5d00000|100%|HC|  |TAMS 0x00000000e5c00000, 0x00000000e5c00000| Complete 
|  93|0x00000000e5d00000, 0x00000000e5e00000, 0x00000000e5e00000|100%| O|  |TAMS 0x00000000e5d00000, 0x00000000e5d00000| Untracked 
|  94|0x00000000e5e00000, 0x00000000e5f00000, 0x00000000e5f00000|100%| O|  |TAMS 0x00000000e5e00000, 0x00000000e5e00000| Untracked 
|  95|0x00000000e5f00000, 0x00000000e6000000, 0x00000000e6000000|100%| O|  |TAMS 0x00000000e5f00000, 0x00000000e5f00000| Untracked 
|  96|0x00000000e6000000, 0x00000000e6100000, 0x00000000e6100000|100%| O|  |TAMS 0x00000000e6000000, 0x00000000e6000000| Untracked 
|  97|0x00000000e6100000, 0x00000000e61a1000, 0x00000000e6200000| 62%| O|  |TAMS 0x00000000e6100000, 0x00000000e6100000| Untracked 
|  98|0x00000000e6200000, 0x00000000e6200000, 0x00000000e6300000|  0%| F|  |TAMS 0x00000000e6200000, 0x00000000e6200000| Untracked 
|  99|0x00000000e6300000, 0x00000000e6300000, 0x00000000e6400000|  0%| F|  |TAMS 0x00000000e6300000, 0x00000000e6300000| Untracked 
| 100|0x00000000e6400000, 0x00000000e6400000, 0x00000000e6500000|  0%| F|  |TAMS 0x00000000e6400000, 0x00000000e6400000| Untracked 
| 101|0x00000000e6500000, 0x00000000e6500000, 0x00000000e6600000|  0%| F|  |TAMS 0x00000000e6500000, 0x00000000e6500000| Untracked 
| 102|0x00000000e6600000, 0x00000000e6600000, 0x00000000e6700000|  0%| F|  |TAMS 0x00000000e6600000, 0x00000000e6600000| Untracked 
| 103|0x00000000e6700000, 0x00000000e6700000, 0x00000000e6800000|  0%| F|  |TAMS 0x00000000e6700000, 0x00000000e6700000| Untracked 
| 104|0x00000000e6800000, 0x00000000e6800000, 0x00000000e6900000|  0%| F|  |TAMS 0x00000000e6800000, 0x00000000e6800000| Untracked 
| 105|0x00000000e6900000, 0x00000000e6900000, 0x00000000e6a00000|  0%| F|  |TAMS 0x00000000e6900000, 0x00000000e6900000| Untracked 
| 106|0x00000000e6a00000, 0x00000000e6a00000, 0x00000000e6b00000|  0%| F|  |TAMS 0x00000000e6a00000, 0x00000000e6a00000| Untracked 
| 107|0x00000000e6b00000, 0x00000000e6b00000, 0x00000000e6c00000|  0%| F|  |TAMS 0x00000000e6b00000, 0x00000000e6b00000| Untracked 
| 108|0x00000000e6c00000, 0x00000000e6d00000, 0x00000000e6d00000|100%| S|CS|TAMS 0x00000000e6c00000, 0x00000000e6c00000| Complete 
| 109|0x00000000e6d00000, 0x00000000e6e00000, 0x00000000e6e00000|100%| S|CS|TAMS 0x00000000e6d00000, 0x00000000e6d00000| Complete 
| 110|0x00000000e6e00000, 0x00000000e6f00000, 0x00000000e6f00000|100%| S|CS|TAMS 0x00000000e6e00000, 0x00000000e6e00000| Complete 
| 111|0x00000000e6f00000, 0x00000000e7000000, 0x00000000e7000000|100%| S|CS|TAMS 0x00000000e6f00000, 0x00000000e6f00000| Complete 
| 112|0x00000000e7000000, 0x00000000e7100000, 0x00000000e7100000|100%| S|CS|TAMS 0x00000000e7000000, 0x00000000e7000000| Complete 
| 113|0x00000000e7100000, 0x00000000e7200000, 0x00000000e7200000|100%| S|CS|TAMS 0x00000000e7100000, 0x00000000e7100000| Complete 
| 114|0x00000000e7200000, 0x00000000e7300000, 0x00000000e7300000|100%| S|CS|TAMS 0x00000000e7200000, 0x00000000e7200000| Complete 
| 115|0x00000000e7300000, 0x00000000e7400000, 0x00000000e7400000|100%| S|CS|TAMS 0x00000000e7300000, 0x00000000e7300000| Complete 
| 116|0x00000000e7400000, 0x00000000e7500000, 0x00000000e7500000|100%| S|CS|TAMS 0x00000000e7400000, 0x00000000e7400000| Complete 
| 117|0x00000000e7500000, 0x00000000e7600000, 0x00000000e7600000|100%| S|CS|TAMS 0x00000000e7500000, 0x00000000e7500000| Complete 
| 118|0x00000000e7600000, 0x00000000e7700000, 0x00000000e7700000|100%| S|CS|TAMS 0x00000000e7600000, 0x00000000e7600000| Complete 
| 119|0x00000000e7700000, 0x00000000e7800000, 0x00000000e7800000|100%| S|CS|TAMS 0x00000000e7700000, 0x00000000e7700000| Complete 
| 120|0x00000000e7800000, 0x00000000e7900000, 0x00000000e7900000|100%| S|CS|TAMS 0x00000000e7800000, 0x00000000e7800000| Complete 
| 121|0x00000000e7900000, 0x00000000e7900000, 0x00000000e7a00000|  0%| F|  |TAMS 0x00000000e7900000, 0x00000000e7900000| Untracked 
| 122|0x00000000e7a00000, 0x00000000e7a00000, 0x00000000e7b00000|  0%| F|  |TAMS 0x00000000e7a00000, 0x00000000e7a00000| Untracked 
| 123|0x00000000e7b00000, 0x00000000e7b00000, 0x00000000e7c00000|  0%| F|  |TAMS 0x00000000e7b00000, 0x00000000e7b00000| Untracked 
| 124|0x00000000e7c00000, 0x00000000e7c00000, 0x00000000e7d00000|  0%| F|  |TAMS 0x00000000e7c00000, 0x00000000e7c00000| Untracked 
| 125|0x00000000e7d00000, 0x00000000e7d00000, 0x00000000e7e00000|  0%| F|  |TAMS 0x00000000e7d00000, 0x00000000e7d00000| Untracked 
| 126|0x00000000e7e00000, 0x00000000e7e00000, 0x00000000e7f00000|  0%| F|  |TAMS 0x00000000e7e00000, 0x00000000e7e00000| Untracked 
| 127|0x00000000e7f00000, 0x00000000e7f00000, 0x00000000e8000000|  0%| F|  |TAMS 0x00000000e7f00000, 0x00000000e7f00000| Untracked 
| 128|0x00000000e8000000, 0x00000000e8000000, 0x00000000e8100000|  0%| F|  |TAMS 0x00000000e8000000, 0x00000000e8000000| Untracked 
| 129|0x00000000e8100000, 0x00000000e8200000, 0x00000000e8200000|100%| S|CS|TAMS 0x00000000e8100000, 0x00000000e8100000| Complete 
| 130|0x00000000e8200000, 0x00000000e8300000, 0x00000000e8300000|100%| S|CS|TAMS 0x00000000e8200000, 0x00000000e8200000| Complete 
| 131|0x00000000e8300000, 0x00000000e8400000, 0x00000000e8400000|100%| S|CS|TAMS 0x00000000e8300000, 0x00000000e8300000| Complete 
| 132|0x00000000e8400000, 0x00000000e8500000, 0x00000000e8500000|100%| S|CS|TAMS 0x00000000e8400000, 0x00000000e8400000| Complete 
| 133|0x00000000e8500000, 0x00000000e8500000, 0x00000000e8600000|  0%| F|  |TAMS 0x00000000e8500000, 0x00000000e8500000| Untracked 
| 134|0x00000000e8600000, 0x00000000e8600000, 0x00000000e8700000|  0%| F|  |TAMS 0x00000000e8600000, 0x00000000e8600000| Untracked 
| 135|0x00000000e8700000, 0x00000000e8700000, 0x00000000e8800000|  0%| F|  |TAMS 0x00000000e8700000, 0x00000000e8700000| Untracked 
| 136|0x00000000e8800000, 0x00000000e8800000, 0x00000000e8900000|  0%| F|  |TAMS 0x00000000e8800000, 0x00000000e8800000| Untracked 
| 137|0x00000000e8900000, 0x00000000e8900000, 0x00000000e8a00000|  0%| F|  |TAMS 0x00000000e8900000, 0x00000000e8900000| Untracked 
| 138|0x00000000e8a00000, 0x00000000e8a00000, 0x00000000e8b00000|  0%| F|  |TAMS 0x00000000e8a00000, 0x00000000e8a00000| Untracked 
| 139|0x00000000e8b00000, 0x00000000e8b00000, 0x00000000e8c00000|  0%| F|  |TAMS 0x00000000e8b00000, 0x00000000e8b00000| Untracked 
| 140|0x00000000e8c00000, 0x00000000e8c00000, 0x00000000e8d00000|  0%| F|  |TAMS 0x00000000e8c00000, 0x00000000e8c00000| Untracked 
| 141|0x00000000e8d00000, 0x00000000e8d00000, 0x00000000e8e00000|  0%| F|  |TAMS 0x00000000e8d00000, 0x00000000e8d00000| Untracked 
| 142|0x00000000e8e00000, 0x00000000e8e00000, 0x00000000e8f00000|  0%| F|  |TAMS 0x00000000e8e00000, 0x00000000e8e00000| Untracked 
| 143|0x00000000e8f00000, 0x00000000e8f00000, 0x00000000e9000000|  0%| F|  |TAMS 0x00000000e8f00000, 0x00000000e8f00000| Untracked 
| 144|0x00000000e9000000, 0x00000000e9000000, 0x00000000e9100000|  0%| F|  |TAMS 0x00000000e9000000, 0x00000000e9000000| Untracked 
| 145|0x00000000e9100000, 0x00000000e9100000, 0x00000000e9200000|  0%| F|  |TAMS 0x00000000e9100000, 0x00000000e9100000| Untracked 
| 146|0x00000000e9200000, 0x00000000e9200000, 0x00000000e9300000|  0%| F|  |TAMS 0x00000000e9200000, 0x00000000e9200000| Untracked 
| 147|0x00000000e9300000, 0x00000000e9300000, 0x00000000e9400000|  0%| F|  |TAMS 0x00000000e9300000, 0x00000000e9300000| Untracked 
| 148|0x00000000e9400000, 0x00000000e9400000, 0x00000000e9500000|  0%| F|  |TAMS 0x00000000e9400000, 0x00000000e9400000| Untracked 
| 149|0x00000000e9500000, 0x00000000e9500000, 0x00000000e9600000|  0%| F|  |TAMS 0x00000000e9500000, 0x00000000e9500000| Untracked 
| 150|0x00000000e9600000, 0x00000000e9600000, 0x00000000e9700000|  0%| F|  |TAMS 0x00000000e9600000, 0x00000000e9600000| Untracked 
| 151|0x00000000e9700000, 0x00000000e9700000, 0x00000000e9800000|  0%| F|  |TAMS 0x00000000e9700000, 0x00000000e9700000| Untracked 
| 152|0x00000000e9800000, 0x00000000e9800000, 0x00000000e9900000|  0%| F|  |TAMS 0x00000000e9800000, 0x00000000e9800000| Untracked 
| 153|0x00000000e9900000, 0x00000000e9900000, 0x00000000e9a00000|  0%| F|  |TAMS 0x00000000e9900000, 0x00000000e9900000| Untracked 
| 154|0x00000000e9a00000, 0x00000000e9a00000, 0x00000000e9b00000|  0%| F|  |TAMS 0x00000000e9a00000, 0x00000000e9a00000| Untracked 
| 155|0x00000000e9b00000, 0x00000000e9b00000, 0x00000000e9c00000|  0%| F|  |TAMS 0x00000000e9b00000, 0x00000000e9b00000| Untracked 
| 156|0x00000000e9c00000, 0x00000000e9c00000, 0x00000000e9d00000|  0%| F|  |TAMS 0x00000000e9c00000, 0x00000000e9c00000| Untracked 
| 157|0x00000000e9d00000, 0x00000000e9d00000, 0x00000000e9e00000|  0%| F|  |TAMS 0x00000000e9d00000, 0x00000000e9d00000| Untracked 
| 158|0x00000000e9e00000, 0x00000000e9e00000, 0x00000000e9f00000|  0%| F|  |TAMS 0x00000000e9e00000, 0x00000000e9e00000| Untracked 
| 159|0x00000000e9f00000, 0x00000000e9f00000, 0x00000000ea000000|  0%| F|  |TAMS 0x00000000e9f00000, 0x00000000e9f00000| Untracked 
| 160|0x00000000ea000000, 0x00000000ea000000, 0x00000000ea100000|  0%| F|  |TAMS 0x00000000ea000000, 0x00000000ea000000| Untracked 
| 161|0x00000000ea100000, 0x00000000ea100000, 0x00000000ea200000|  0%| F|  |TAMS 0x00000000ea100000, 0x00000000ea100000| Untracked 
| 162|0x00000000ea200000, 0x00000000ea200000, 0x00000000ea300000|  0%| F|  |TAMS 0x00000000ea200000, 0x00000000ea200000| Untracked 
| 163|0x00000000ea300000, 0x00000000ea300000, 0x00000000ea400000|  0%| F|  |TAMS 0x00000000ea300000, 0x00000000ea300000| Untracked 
| 164|0x00000000ea400000, 0x00000000ea400000, 0x00000000ea500000|  0%| F|  |TAMS 0x00000000ea400000, 0x00000000ea400000| Untracked 
| 165|0x00000000ea500000, 0x00000000ea500000, 0x00000000ea600000|  0%| F|  |TAMS 0x00000000ea500000, 0x00000000ea500000| Untracked 
| 166|0x00000000ea600000, 0x00000000ea600000, 0x00000000ea700000|  0%| F|  |TAMS 0x00000000ea600000, 0x00000000ea600000| Untracked 
| 167|0x00000000ea700000, 0x00000000ea700000, 0x00000000ea800000|  0%| F|  |TAMS 0x00000000ea700000, 0x00000000ea700000| Untracked 
| 168|0x00000000ea800000, 0x00000000ea800000, 0x00000000ea900000|  0%| F|  |TAMS 0x00000000ea800000, 0x00000000ea800000| Untracked 
| 169|0x00000000ea900000, 0x00000000ea900000, 0x00000000eaa00000|  0%| F|  |TAMS 0x00000000ea900000, 0x00000000ea900000| Untracked 
| 170|0x00000000eaa00000, 0x00000000eaa00000, 0x00000000eab00000|  0%| F|  |TAMS 0x00000000eaa00000, 0x00000000eaa00000| Untracked 
| 171|0x00000000eab00000, 0x00000000eab00000, 0x00000000eac00000|  0%| F|  |TAMS 0x00000000eab00000, 0x00000000eab00000| Untracked 
| 172|0x00000000eac00000, 0x00000000eac00000, 0x00000000ead00000|  0%| F|  |TAMS 0x00000000eac00000, 0x00000000eac00000| Untracked 
| 173|0x00000000ead00000, 0x00000000ead00000, 0x00000000eae00000|  0%| F|  |TAMS 0x00000000ead00000, 0x00000000ead00000| Untracked 
| 174|0x00000000eae00000, 0x00000000eae00000, 0x00000000eaf00000|  0%| F|  |TAMS 0x00000000eae00000, 0x00000000eae00000| Untracked 
| 175|0x00000000eaf00000, 0x00000000eaf00000, 0x00000000eb000000|  0%| F|  |TAMS 0x00000000eaf00000, 0x00000000eaf00000| Untracked 
| 176|0x00000000eb000000, 0x00000000eb000000, 0x00000000eb100000|  0%| F|  |TAMS 0x00000000eb000000, 0x00000000eb000000| Untracked 
| 177|0x00000000eb100000, 0x00000000eb100000, 0x00000000eb200000|  0%| F|  |TAMS 0x00000000eb100000, 0x00000000eb100000| Untracked 
| 178|0x00000000eb200000, 0x00000000eb200000, 0x00000000eb300000|  0%| F|  |TAMS 0x00000000eb200000, 0x00000000eb200000| Untracked 
| 179|0x00000000eb300000, 0x00000000eb300000, 0x00000000eb400000|  0%| F|  |TAMS 0x00000000eb300000, 0x00000000eb300000| Untracked 
| 180|0x00000000eb400000, 0x00000000eb400000, 0x00000000eb500000|  0%| F|  |TAMS 0x00000000eb400000, 0x00000000eb400000| Untracked 
| 181|0x00000000eb500000, 0x00000000eb500000, 0x00000000eb600000|  0%| F|  |TAMS 0x00000000eb500000, 0x00000000eb500000| Untracked 
| 182|0x00000000eb600000, 0x00000000eb600000, 0x00000000eb700000|  0%| F|  |TAMS 0x00000000eb600000, 0x00000000eb600000| Untracked 
| 183|0x00000000eb700000, 0x00000000eb700000, 0x00000000eb800000|  0%| F|  |TAMS 0x00000000eb700000, 0x00000000eb700000| Untracked 
| 184|0x00000000eb800000, 0x00000000eb800000, 0x00000000eb900000|  0%| F|  |TAMS 0x00000000eb800000, 0x00000000eb800000| Untracked 
| 185|0x00000000eb900000, 0x00000000eb900000, 0x00000000eba00000|  0%| F|  |TAMS 0x00000000eb900000, 0x00000000eb900000| Untracked 
| 186|0x00000000eba00000, 0x00000000eba00000, 0x00000000ebb00000|  0%| F|  |TAMS 0x00000000eba00000, 0x00000000eba00000| Untracked 
| 187|0x00000000ebb00000, 0x00000000ebb00000, 0x00000000ebc00000|  0%| F|  |TAMS 0x00000000ebb00000, 0x00000000ebb00000| Untracked 
| 188|0x00000000ebc00000, 0x00000000ebc00000, 0x00000000ebd00000|  0%| F|  |TAMS 0x00000000ebc00000, 0x00000000ebc00000| Untracked 
| 189|0x00000000ebd00000, 0x00000000ebd00000, 0x00000000ebe00000|  0%| F|  |TAMS 0x00000000ebd00000, 0x00000000ebd00000| Untracked 
| 190|0x00000000ebe00000, 0x00000000ebe00000, 0x00000000ebf00000|  0%| F|  |TAMS 0x00000000ebe00000, 0x00000000ebe00000| Untracked 
| 191|0x00000000ebf00000, 0x00000000ebf00000, 0x00000000ec000000|  0%| F|  |TAMS 0x00000000ebf00000, 0x00000000ebf00000| Untracked 
| 192|0x00000000ec000000, 0x00000000ec000000, 0x00000000ec100000|  0%| F|  |TAMS 0x00000000ec000000, 0x00000000ec000000| Untracked 
| 193|0x00000000ec100000, 0x00000000ec100000, 0x00000000ec200000|  0%| F|  |TAMS 0x00000000ec100000, 0x00000000ec100000| Untracked 
| 194|0x00000000ec200000, 0x00000000ec200000, 0x00000000ec300000|  0%| F|  |TAMS 0x00000000ec200000, 0x00000000ec200000| Untracked 
| 195|0x00000000ec300000, 0x00000000ec300000, 0x00000000ec400000|  0%| F|  |TAMS 0x00000000ec300000, 0x00000000ec300000| Untracked 
| 196|0x00000000ec400000, 0x00000000ec400000, 0x00000000ec500000|  0%| F|  |TAMS 0x00000000ec400000, 0x00000000ec400000| Untracked 
| 197|0x00000000ec500000, 0x00000000ec500000, 0x00000000ec600000|  0%| F|  |TAMS 0x00000000ec500000, 0x00000000ec500000| Untracked 
| 198|0x00000000ec600000, 0x00000000ec600000, 0x00000000ec700000|  0%| F|  |TAMS 0x00000000ec600000, 0x00000000ec600000| Untracked 
| 199|0x00000000ec700000, 0x00000000ec700000, 0x00000000ec800000|  0%| F|  |TAMS 0x00000000ec700000, 0x00000000ec700000| Untracked 
| 200|0x00000000ec800000, 0x00000000ec800000, 0x00000000ec900000|  0%| F|  |TAMS 0x00000000ec800000, 0x00000000ec800000| Untracked 
| 201|0x00000000ec900000, 0x00000000ec900000, 0x00000000eca00000|  0%| F|  |TAMS 0x00000000ec900000, 0x00000000ec900000| Untracked 
| 202|0x00000000eca00000, 0x00000000eca00000, 0x00000000ecb00000|  0%| F|  |TAMS 0x00000000eca00000, 0x00000000eca00000| Untracked 
| 203|0x00000000ecb00000, 0x00000000ecb00000, 0x00000000ecc00000|  0%| F|  |TAMS 0x00000000ecb00000, 0x00000000ecb00000| Untracked 
| 204|0x00000000ecc00000, 0x00000000ecc00000, 0x00000000ecd00000|  0%| F|  |TAMS 0x00000000ecc00000, 0x00000000ecc00000| Untracked 
| 205|0x00000000ecd00000, 0x00000000ecd00000, 0x00000000ece00000|  0%| F|  |TAMS 0x00000000ecd00000, 0x00000000ecd00000| Untracked 
| 206|0x00000000ece00000, 0x00000000ece00000, 0x00000000ecf00000|  0%| F|  |TAMS 0x00000000ece00000, 0x00000000ece00000| Untracked 
| 207|0x00000000ecf00000, 0x00000000ecf00000, 0x00000000ed000000|  0%| F|  |TAMS 0x00000000ecf00000, 0x00000000ecf00000| Untracked 
| 208|0x00000000ed000000, 0x00000000ed000000, 0x00000000ed100000|  0%| F|  |TAMS 0x00000000ed000000, 0x00000000ed000000| Untracked 
| 209|0x00000000ed100000, 0x00000000ed100000, 0x00000000ed200000|  0%| F|  |TAMS 0x00000000ed100000, 0x00000000ed100000| Untracked 
| 210|0x00000000ed200000, 0x00000000ed200000, 0x00000000ed300000|  0%| F|  |TAMS 0x00000000ed200000, 0x00000000ed200000| Untracked 
| 211|0x00000000ed300000, 0x00000000ed300000, 0x00000000ed400000|  0%| F|  |TAMS 0x00000000ed300000, 0x00000000ed300000| Untracked 
| 212|0x00000000ed400000, 0x00000000ed400000, 0x00000000ed500000|  0%| F|  |TAMS 0x00000000ed400000, 0x00000000ed400000| Untracked 
| 213|0x00000000ed500000, 0x00000000ed500000, 0x00000000ed600000|  0%| F|  |TAMS 0x00000000ed500000, 0x00000000ed500000| Untracked 
| 214|0x00000000ed600000, 0x00000000ed600000, 0x00000000ed700000|  0%| F|  |TAMS 0x00000000ed600000, 0x00000000ed600000| Untracked 
| 215|0x00000000ed700000, 0x00000000ed700000, 0x00000000ed800000|  0%| F|  |TAMS 0x00000000ed700000, 0x00000000ed700000| Untracked 
| 216|0x00000000ed800000, 0x00000000ed800000, 0x00000000ed900000|  0%| F|  |TAMS 0x00000000ed800000, 0x00000000ed800000| Untracked 
| 217|0x00000000ed900000, 0x00000000ed900000, 0x00000000eda00000|  0%| F|  |TAMS 0x00000000ed900000, 0x00000000ed900000| Untracked 
| 218|0x00000000eda00000, 0x00000000eda00000, 0x00000000edb00000|  0%| F|  |TAMS 0x00000000eda00000, 0x00000000eda00000| Untracked 
| 219|0x00000000edb00000, 0x00000000edb00000, 0x00000000edc00000|  0%| F|  |TAMS 0x00000000edb00000, 0x00000000edb00000| Untracked 
| 220|0x00000000edc00000, 0x00000000edc00000, 0x00000000edd00000|  0%| F|  |TAMS 0x00000000edc00000, 0x00000000edc00000| Untracked 
| 221|0x00000000edd00000, 0x00000000edd00000, 0x00000000ede00000|  0%| F|  |TAMS 0x00000000edd00000, 0x00000000edd00000| Untracked 
| 222|0x00000000ede00000, 0x00000000ede00000, 0x00000000edf00000|  0%| F|  |TAMS 0x00000000ede00000, 0x00000000ede00000| Untracked 
| 223|0x00000000edf00000, 0x00000000edf00000, 0x00000000ee000000|  0%| F|  |TAMS 0x00000000edf00000, 0x00000000edf00000| Untracked 
| 224|0x00000000ee000000, 0x00000000ee000000, 0x00000000ee100000|  0%| F|  |TAMS 0x00000000ee000000, 0x00000000ee000000| Untracked 
| 225|0x00000000ee100000, 0x00000000ee100000, 0x00000000ee200000|  0%| F|  |TAMS 0x00000000ee100000, 0x00000000ee100000| Untracked 
| 226|0x00000000ee200000, 0x00000000ee200000, 0x00000000ee300000|  0%| F|  |TAMS 0x00000000ee200000, 0x00000000ee200000| Untracked 
| 227|0x00000000ee300000, 0x00000000ee300000, 0x00000000ee400000|  0%| F|  |TAMS 0x00000000ee300000, 0x00000000ee300000| Untracked 
| 228|0x00000000ee400000, 0x00000000ee400000, 0x00000000ee500000|  0%| F|  |TAMS 0x00000000ee400000, 0x00000000ee400000| Untracked 
| 229|0x00000000ee500000, 0x00000000ee500000, 0x00000000ee600000|  0%| F|  |TAMS 0x00000000ee500000, 0x00000000ee500000| Untracked 
| 230|0x00000000ee600000, 0x00000000ee600000, 0x00000000ee700000|  0%| F|  |TAMS 0x00000000ee600000, 0x00000000ee600000| Untracked 
| 231|0x00000000ee700000, 0x00000000ee700000, 0x00000000ee800000|  0%| F|  |TAMS 0x00000000ee700000, 0x00000000ee700000| Untracked 
| 232|0x00000000ee800000, 0x00000000ee800000, 0x00000000ee900000|  0%| F|  |TAMS 0x00000000ee800000, 0x00000000ee800000| Untracked 
| 233|0x00000000ee900000, 0x00000000ee900000, 0x00000000eea00000|  0%| F|  |TAMS 0x00000000ee900000, 0x00000000ee900000| Untracked 
| 234|0x00000000eea00000, 0x00000000eea00000, 0x00000000eeb00000|  0%| F|  |TAMS 0x00000000eea00000, 0x00000000eea00000| Untracked 
| 235|0x00000000eeb00000, 0x00000000eeb00000, 0x00000000eec00000|  0%| F|  |TAMS 0x00000000eeb00000, 0x00000000eeb00000| Untracked 
| 236|0x00000000eec00000, 0x00000000eec00000, 0x00000000eed00000|  0%| F|  |TAMS 0x00000000eec00000, 0x00000000eec00000| Untracked 
| 237|0x00000000eed00000, 0x00000000eed80800, 0x00000000eee00000| 50%| E|  |TAMS 0x00000000eed00000, 0x00000000eed00000| Complete 
| 238|0x00000000eee00000, 0x00000000eef00000, 0x00000000eef00000|100%| E|CS|TAMS 0x00000000eee00000, 0x00000000eee00000| Complete 
| 239|0x00000000eef00000, 0x00000000ef000000, 0x00000000ef000000|100%| E|CS|TAMS 0x00000000eef00000, 0x00000000eef00000| Complete 
| 240|0x00000000ef000000, 0x00000000ef100000, 0x00000000ef100000|100%| E|CS|TAMS 0x00000000ef000000, 0x00000000ef000000| Complete 
| 241|0x00000000ef100000, 0x00000000ef200000, 0x00000000ef200000|100%| E|CS|TAMS 0x00000000ef100000, 0x00000000ef100000| Complete 
| 242|0x00000000ef200000, 0x00000000ef300000, 0x00000000ef300000|100%| E|CS|TAMS 0x00000000ef200000, 0x00000000ef200000| Complete 
| 243|0x00000000ef300000, 0x00000000ef400000, 0x00000000ef400000|100%| E|CS|TAMS 0x00000000ef300000, 0x00000000ef300000| Complete 
| 244|0x00000000ef400000, 0x00000000ef500000, 0x00000000ef500000|100%| E|CS|TAMS 0x00000000ef400000, 0x00000000ef400000| Complete 
| 245|0x00000000ef500000, 0x00000000ef600000, 0x00000000ef600000|100%| E|CS|TAMS 0x00000000ef500000, 0x00000000ef500000| Complete 
| 246|0x00000000ef600000, 0x00000000ef700000, 0x00000000ef700000|100%| E|CS|TAMS 0x00000000ef600000, 0x00000000ef600000| Complete 
| 247|0x00000000ef700000, 0x00000000ef800000, 0x00000000ef800000|100%| E|CS|TAMS 0x00000000ef700000, 0x00000000ef700000| Complete 
| 248|0x00000000ef800000, 0x00000000ef900000, 0x00000000ef900000|100%| E|CS|TAMS 0x00000000ef800000, 0x00000000ef800000| Complete 
| 249|0x00000000ef900000, 0x00000000efa00000, 0x00000000efa00000|100%| E|CS|TAMS 0x00000000ef900000, 0x00000000ef900000| Complete 
| 250|0x00000000efa00000, 0x00000000efb00000, 0x00000000efb00000|100%| E|CS|TAMS 0x00000000efa00000, 0x00000000efa00000| Complete 
| 251|0x00000000efb00000, 0x00000000efc00000, 0x00000000efc00000|100%| E|CS|TAMS 0x00000000efb00000, 0x00000000efb00000| Complete 
| 252|0x00000000efc00000, 0x00000000efd00000, 0x00000000efd00000|100%| E|CS|TAMS 0x00000000efc00000, 0x00000000efc00000| Complete 
| 253|0x00000000efd00000, 0x00000000efe00000, 0x00000000efe00000|100%| E|CS|TAMS 0x00000000efd00000, 0x00000000efd00000| Complete 
| 254|0x00000000efe00000, 0x00000000eff00000, 0x00000000eff00000|100%| E|CS|TAMS 0x00000000efe00000, 0x00000000efe00000| Complete 
| 255|0x00000000eff00000, 0x00000000f0000000, 0x00000000f0000000|100%| E|CS|TAMS 0x00000000eff00000, 0x00000000eff00000| Complete 

Card table byte_map: [0x0000017f68380000,0x0000017f68480000] _byte_map_base: 0x0000017f67c80000

Marking Bits (Prev, Next): (CMBitMap*) 0x0000017f4f9cfe10, (CMBitMap*) 0x0000017f4f9cfdd0
 Prev Bits: [0x0000017f68d80000, 0x0000017f69580000)
 Next Bits: [0x0000017f68580000, 0x0000017f68d80000)

Polling page: 0x0000017f4fa80000

Metaspace:

Usage:
  Non-class:     58.41 MB used.
      Class:      9.30 MB used.
       Both:     67.71 MB used.

Virtual space:
  Non-class space:       64.00 MB reserved,      58.81 MB ( 92%) committed,  8 nodes.
      Class space:      208.00 MB reserved,       9.69 MB (  5%) committed,  1 nodes.
             Both:      272.00 MB reserved,      68.50 MB ( 25%) committed. 

Chunk freelists:
   Non-Class:  1.17 MB
       Class:  2.36 MB
        Both:  3.53 MB

MaxMetaspaceSize: 256.00 MB
CompressedClassSpaceSize: 208.00 MB
Initial GC threshold: 21.00 MB
Current GC threshold: 99.06 MB
CDS: on
MetaspaceReclaimPolicy: balanced
 - commit_granule_bytes: 65536.
 - commit_granule_words: 8192.
 - virtual_space_node_default_size: 1048576.
 - enlarge_chunks_in_place: 1.
 - new_chunks_are_fully_committed: 0.
 - uncommit_free_chunks: 1.
 - use_allocation_guard: 0.
 - handle_deallocations: 1.


Internal statistics:

num_allocs_failed_limit: 12.
num_arena_births: 956.
num_arena_deaths: 0.
num_vsnodes_births: 9.
num_vsnodes_deaths: 0.
num_space_committed: 1096.
num_space_uncommitted: 0.
num_chunks_returned_to_freelist: 12.
num_chunks_taken_from_freelist: 3918.
num_chunk_merges: 9.
num_chunk_splits: 2532.
num_chunks_enlarged: 1569.
num_purges: 0.
num_inconsistent_stats: 0.

CodeHeap 'non-profiled nmethods': size=120000Kb used=5294Kb max_used=5294Kb free=114705Kb
 bounds [0x0000017f60500000, 0x0000017f60a30000, 0x0000017f67a30000]
CodeHeap 'profiled nmethods': size=120000Kb used=19240Kb max_used=19240Kb free=100759Kb
 bounds [0x0000017f58fd0000, 0x0000017f5a2a0000, 0x0000017f60500000]
CodeHeap 'non-nmethods': size=5760Kb used=2385Kb max_used=2458Kb free=3374Kb
 bounds [0x0000017f58a30000, 0x0000017f58ca0000, 0x0000017f58fd0000]
 total_blobs=10197 nmethods=9278 adapters=831
 compilation: enabled
              stopped_count=0, restarted_count=0
 full_count=0

Compilation events (20 events):
Event: 40.334 Thread 0x0000017f6bd68dd0 nmethod 10012 0x0000017f60a1d990 code [0x0000017f60a1dde0, 0x0000017f60a21688]
Event: 40.334 Thread 0x0000017f6bd68dd0 10020       4       sun.reflect.generics.parser.SignatureParser::parsePackageNameAndSimpleClassTypeSignature (119 bytes)
Event: 40.337 Thread 0x0000017f6bd69780 10024       1       org.gradle.internal.instantiation.generator.AsmBackedClassGenerator$ClassBuilderImpl::access$7000 (5 bytes)
Event: 40.337 Thread 0x0000017f6bd69780 nmethod 10024 0x0000017f60a23610 code [0x0000017f60a237a0, 0x0000017f60a23858]
Event: 40.342 Thread 0x0000017f6bd69780 10025       3       org.gradle.api.internal.DefaultNamedDomainObjectCollection$ContainerElementsDynamicObject::<init> (6 bytes)
Event: 40.342 Thread 0x0000017f6bd69780 nmethod 10025 0x0000017f5a28f490 code [0x0000017f5a28f640, 0x0000017f5a28f8b8]
Event: 40.351 Thread 0x0000017f6bd69780 10026       3       org.gradle.internal.reflect.PropertyAccessorType::of (101 bytes)
Event: 40.352 Thread 0x0000017f6bd69780 nmethod 10026 0x0000017f5a28fa10 code [0x0000017f5a28fd80, 0x0000017f5a2916d8]
Event: 40.355 Thread 0x0000017f6bd69780 10027       3       org.gradle.internal.instantiation.generator.AbstractClassGenerator::inspectType (560 bytes)
Event: 40.357 Thread 0x0000017f6bd69780 nmethod 10027 0x0000017f5a291e10 code [0x0000017f5a2925a0, 0x0000017f5a297368]
Event: 40.401 Thread 0x0000017f72a08de0 nmethod 10015 0x0000017f60a23c10 code [0x0000017f60a24080, 0x0000017f60a29028]
Event: 40.401 Thread 0x0000017f72a08de0 10029       4       java.util.Locale::getDefault (4 bytes)
Event: 40.401 Thread 0x0000017f72a08de0 nmethod 10029 0x0000017f60a2b510 code [0x0000017f60a2b680, 0x0000017f60a2b6f8]
Event: 40.401 Thread 0x0000017f72a08de0 10016       4       java.util.ArrayList::spliterator (12 bytes)
Event: 40.402 Thread 0x0000017f72a08de0 nmethod 10016 0x0000017f60a2b810 code [0x0000017f60a2b9a0, 0x0000017f60a2ba98]
Event: 40.402 Thread 0x0000017f72a08de0 10018       4       sun.reflect.generics.parser.SignatureParser::parseFieldTypeSignature (73 bytes)
Event: 40.422 Thread 0x0000017f6bd69780 10032   !   3       jdk.internal.reflect.GeneratedConstructorAccessor5::newInstance (53 bytes)
Event: 40.422 Thread 0x0000017f6bd69780 nmethod 10032 0x0000017f5a298b10 code [0x0000017f5a298d40, 0x0000017f5a2995e8]
Event: 40.435 Thread 0x0000017f6bd69780 10033       3       java.lang.AbstractStringBuilder::append (45 bytes)
Event: 40.435 Thread 0x0000017f6bd69780 nmethod 10033 0x0000017f5a299a10 code [0x0000017f5a299be0, 0x0000017f5a299f28]

GC Heap History (20 events):
Event: 1.079 GC heap before
{Heap before GC invocations=0 (full 0):
 garbage-first heap   total 262144K, used 24576K [0x00000000e0000000, 0x0000000100000000)
  region size 1024K, 21 young (21504K), 0 survivors (0K)
 Metaspace       used 2874K, committed 3072K, reserved 221184K
  class space    used 366K, committed 448K, reserved 212992K
}
Event: 1.102 GC heap after
{Heap after GC invocations=1 (full 0):
 garbage-first heap   total 262144K, used 10706K [0x00000000e0000000, 0x0000000100000000)
  region size 1024K, 3 young (3072K), 3 survivors (3072K)
 Metaspace       used 2874K, committed 3072K, reserved 221184K
  class space    used 366K, committed 448K, reserved 212992K
}
Event: 1.822 GC heap before
{Heap before GC invocations=1 (full 0):
 garbage-first heap   total 262144K, used 34258K [0x00000000e0000000, 0x0000000100000000)
  region size 1024K, 26 young (26624K), 3 survivors (3072K)
 Metaspace       used 3912K, committed 4096K, reserved 221184K
  class space    used 480K, committed 576K, reserved 212992K
}
Event: 1.823 GC heap after
{Heap after GC invocations=2 (full 0):
 garbage-first heap   total 262144K, used 11335K [0x00000000e0000000, 0x0000000100000000)
  region size 1024K, 1 young (1024K), 1 survivors (1024K)
 Metaspace       used 3912K, committed 4096K, reserved 221184K
  class space    used 480K, committed 576K, reserved 212992K
}
Event: 5.747 GC heap before
{Heap before GC invocations=2 (full 0):
 garbage-first heap   total 262144K, used 109639K [0x00000000e0000000, 0x0000000100000000)
  region size 1024K, 96 young (98304K), 1 survivors (1024K)
 Metaspace       used 19620K, committed 19968K, reserved 237568K
  class space    used 2924K, committed 3072K, reserved 212992K
}
Event: 5.753 GC heap after
{Heap after GC invocations=3 (full 0):
 garbage-first heap   total 262144K, used 22124K [0x00000000e0000000, 0x0000000100000000)
  region size 1024K, 12 young (12288K), 12 survivors (12288K)
 Metaspace       used 19620K, committed 19968K, reserved 237568K
  class space    used 2924K, committed 3072K, reserved 212992K
}
Event: 6.369 GC heap before
{Heap before GC invocations=3 (full 0):
 garbage-first heap   total 262144K, used 48748K [0x00000000e0000000, 0x0000000100000000)
  region size 1024K, 29 young (29696K), 12 survivors (12288K)
 Metaspace       used 21174K, committed 21504K, reserved 237568K
  class space    used 3157K, committed 3328K, reserved 212992K
}
Event: 6.374 GC heap after
{Heap after GC invocations=4 (full 0):
 garbage-first heap   total 262144K, used 34997K [0x00000000e0000000, 0x0000000100000000)
  region size 1024K, 3 young (3072K), 3 survivors (3072K)
 Metaspace       used 21174K, committed 21504K, reserved 237568K
  class space    used 3157K, committed 3328K, reserved 212992K
}
Event: 10.460 GC heap before
{Heap before GC invocations=5 (full 0):
 garbage-first heap   total 262144K, used 140469K [0x00000000e0000000, 0x0000000100000000)
  region size 1024K, 105 young (107520K), 3 survivors (3072K)
 Metaspace       used 35613K, committed 35968K, reserved 245760K
  class space    used 4958K, committed 5120K, reserved 212992K
}
Event: 10.465 GC heap after
{Heap after GC invocations=6 (full 0):
 garbage-first heap   total 262144K, used 42823K [0x00000000e0000000, 0x0000000100000000)
  region size 1024K, 11 young (11264K), 11 survivors (11264K)
 Metaspace       used 35613K, committed 35968K, reserved 245760K
  class space    used 4958K, committed 5120K, reserved 212992K
}
Event: 10.478 GC heap before
{Heap before GC invocations=6 (full 0):
 garbage-first heap   total 262144K, used 42823K [0x00000000e0000000, 0x0000000100000000)
  region size 1024K, 12 young (12288K), 11 survivors (11264K)
 Metaspace       used 35736K, committed 36160K, reserved 245760K
  class space    used 4979K, committed 5184K, reserved 212992K
}
Event: 10.483 GC heap after
{Heap after GC invocations=7 (full 0):
 garbage-first heap   total 262144K, used 42651K [0x00000000e0000000, 0x0000000100000000)
  region size 1024K, 1 young (1024K), 1 survivors (1024K)
 Metaspace       used 35736K, committed 36160K, reserved 245760K
  class space    used 4979K, committed 5184K, reserved 212992K
}
Event: 12.639 GC heap before
{Heap before GC invocations=7 (full 0):
 garbage-first heap   total 262144K, used 45723K [0x00000000e0000000, 0x0000000100000000)
  region size 1024K, 5 young (5120K), 1 survivors (1024K)
 Metaspace       used 35888K, committed 36288K, reserved 245760K
  class space    used 5001K, committed 5184K, reserved 212992K
}
Event: 12.641 GC heap after
{Heap after GC invocations=8 (full 0):
 garbage-first heap   total 262144K, used 42081K [0x00000000e0000000, 0x0000000100000000)
  region size 1024K, 1 young (1024K), 1 survivors (1024K)
 Metaspace       used 35888K, committed 36288K, reserved 245760K
  class space    used 5001K, committed 5184K, reserved 212992K
}
Event: 22.619 GC heap before
{Heap before GC invocations=9 (full 0):
 garbage-first heap   total 262144K, used 218209K [0x00000000e0000000, 0x0000000100000000)
  region size 1024K, 153 young (156672K), 1 survivors (1024K)
 Metaspace       used 50020K, committed 50752K, reserved 262144K
  class space    used 6992K, committed 7360K, reserved 212992K
}
Event: 22.626 GC heap after
{Heap after GC invocations=10 (full 0):
 garbage-first heap   total 262144K, used 74303K [0x00000000e0000000, 0x0000000100000000)
  region size 1024K, 12 young (12288K), 12 survivors (12288K)
 Metaspace       used 50020K, committed 50752K, reserved 262144K
  class space    used 6992K, committed 7360K, reserved 212992K
}
Event: 38.560 GC heap before
{Heap before GC invocations=10 (full 0):
 garbage-first heap   total 262144K, used 203327K [0x00000000e0000000, 0x0000000100000000)
  region size 1024K, 139 young (142336K), 12 survivors (12288K)
 Metaspace       used 59791K, committed 60608K, reserved 270336K
  class space    used 8286K, committed 8704K, reserved 212992K
}
Event: 38.568 GC heap after
{Heap after GC invocations=11 (full 0):
 garbage-first heap   total 262144K, used 81457K [0x00000000e0000000, 0x0000000100000000)
  region size 1024K, 8 young (8192K), 8 survivors (8192K)
 Metaspace       used 59791K, committed 60608K, reserved 270336K
  class space    used 8286K, committed 8704K, reserved 212992K
}
Event: 40.028 GC heap before
{Heap before GC invocations=12 (full 0):
 garbage-first heap   total 262144K, used 226865K [0x00000000e0000000, 0x0000000100000000)
  region size 1024K, 131 young (134144K), 8 survivors (8192K)
 Metaspace       used 67954K, committed 68800K, reserved 278528K
  class space    used 9325K, committed 9728K, reserved 212992K
}
Event: 40.038 GC heap after
{Heap after GC invocations=13 (full 0):
 garbage-first heap   total 262144K, used 117380K [0x00000000e0000000, 0x0000000100000000)
  region size 1024K, 17 young (17408K), 17 survivors (17408K)
 Metaspace       used 67954K, committed 68800K, reserved 278528K
  class space    used 9325K, committed 9728K, reserved 212992K
}

Deoptimization events (20 events):
Event: 39.795 Thread 0x0000017f6e50a010 Uncommon trap: trap_request=0xffffffc6 fr.pc=0x0000017f606dd418 relative=0x0000000000000438
Event: 39.795 Thread 0x0000017f6e50a010 Uncommon trap: reason=bimorphic_or_optimized_type_check action=maybe_recompile pc=0x0000017f606dd418 method=java.util.Spliterators$IteratorSpliterator.tryAdvance(Ljava/util/function/Consumer;)Z @ 50 c2
Event: 39.795 Thread 0x0000017f6e50a010 DEOPT PACKING pc=0x0000017f606dd418 sp=0x00000027c8af7430
Event: 39.795 Thread 0x0000017f6e50a010 DEOPT UNPACKING pc=0x0000017f58a823a3 sp=0x00000027c8af73d0 mode 2
Event: 40.085 Thread 0x0000017f6e50a010 DEOPT PACKING pc=0x0000017f5a1f228c sp=0x00000027c8af9140
Event: 40.085 Thread 0x0000017f6e50a010 DEOPT UNPACKING pc=0x0000017f58a82b43 sp=0x00000027c8af8768 mode 0
Event: 40.344 Thread 0x0000017f6e50a010 Uncommon trap: trap_request=0xffffff45 fr.pc=0x0000017f60917b60 relative=0x00000000000071c0
Event: 40.344 Thread 0x0000017f6e50a010 Uncommon trap: reason=unstable_if action=reinterpret pc=0x0000017f60917b60 method=org.gradle.internal.reflect.PropertyAccessorType.of(Ljava/lang/reflect/Method;)Lorg/gradle/internal/reflect/PropertyAccessorType; @ 56 c2
Event: 40.344 Thread 0x0000017f6e50a010 DEOPT PACKING pc=0x0000017f60917b60 sp=0x00000027c8af88f0
Event: 40.344 Thread 0x0000017f6e50a010 DEOPT UNPACKING pc=0x0000017f58a823a3 sp=0x00000027c8af8880 mode 2
Event: 40.351 Thread 0x0000017f6e50a010 Uncommon trap: trap_request=0xffffff45 fr.pc=0x0000017f60721b9c relative=0x000000000000035c
Event: 40.351 Thread 0x0000017f6e50a010 Uncommon trap: reason=unstable_if action=reinterpret pc=0x0000017f60721b9c method=org.gradle.internal.reflect.PropertyAccessorType.of(Ljava/lang/reflect/Method;)Lorg/gradle/internal/reflect/PropertyAccessorType; @ 56 c2
Event: 40.351 Thread 0x0000017f6e50a010 DEOPT PACKING pc=0x0000017f60721b9c sp=0x00000027c8af88b0
Event: 40.351 Thread 0x0000017f6e50a010 DEOPT UNPACKING pc=0x0000017f58a823a3 sp=0x00000027c8af8878 mode 2
Event: 40.363 Thread 0x0000017f6e50a010 DEOPT PACKING pc=0x0000017f5a29699e sp=0x00000027c8af8850
Event: 40.364 Thread 0x0000017f6e50a010 DEOPT UNPACKING pc=0x0000017f58a82b43 sp=0x00000027c8af7df0 mode 0
Event: 40.430 Thread 0x0000017f6e50a010 Uncommon trap: trap_request=0xffffff45 fr.pc=0x0000017f6083ae48 relative=0x0000000000000508
Event: 40.430 Thread 0x0000017f6e50a010 Uncommon trap: reason=unstable_if action=reinterpret pc=0x0000017f6083ae48 method=java.lang.AbstractStringBuilder.putStringAt(ILjava/lang/String;II)V @ 8 c2
Event: 40.430 Thread 0x0000017f6e50a010 DEOPT PACKING pc=0x0000017f6083ae48 sp=0x00000027c8af7a10
Event: 40.430 Thread 0x0000017f6e50a010 DEOPT UNPACKING pc=0x0000017f58a823a3 sp=0x00000027c8af78f0 mode 2

Classes unloaded (0 events):
No events

Classes redefined (0 events):
No events

Internal exceptions (20 events):
Event: 39.089 Thread 0x0000017f6e50a010 Exception <a 'java/lang/ClassNotFoundException'{0x00000000ed53c2c8}: org/gradle/api/tasks/testing/TestBeanInfo> (0x00000000ed53c2c8) 
thrown [s\open\src\hotspot\share\classfile\systemDictionary.cpp, line 256]
Event: 39.089 Thread 0x0000017f6e50a010 Exception <a 'java/lang/ClassNotFoundException'{0x00000000ed549aa8}: org/gradle/api/tasks/testing/AbstractTestTaskBeanInfo> (0x00000000ed549aa8) 
thrown [s\open\src\hotspot\share\classfile\systemDictionary.cpp, line 256]
Event: 39.090 Thread 0x0000017f6e50a010 Exception <a 'java/lang/ClassNotFoundException'{0x00000000ed5544e8}: org/gradle/api/internal/ConventionTaskBeanInfo> (0x00000000ed5544e8) 
thrown [s\open\src\hotspot\share\classfile\systemDictionary.cpp, line 256]
Event: 39.090 Thread 0x0000017f6e50a010 Exception <a 'java/lang/ClassNotFoundException'{0x00000000ed55ece8}: org/gradle/api/DefaultTaskBeanInfo> (0x00000000ed55ece8) 
thrown [s\open\src\hotspot\share\classfile\systemDictionary.cpp, line 256]
Event: 39.090 Thread 0x0000017f6e50a010 Exception <a 'java/lang/ClassNotFoundException'{0x00000000ed569728}: org/gradle/api/internal/AbstractTaskBeanInfo> (0x00000000ed569728) 
thrown [s\open\src\hotspot\share\classfile\systemDictionary.cpp, line 256]
Event: 39.090 Thread 0x0000017f6e50a010 Exception <a 'java/lang/ClassNotFoundException'{0x00000000ed574138}: org/gradle/api/internal/AbstractTaskCustomizer> (0x00000000ed574138) 
thrown [s\open\src\hotspot\share\classfile\systemDictionary.cpp, line 256]
Event: 39.091 Thread 0x0000017f6e50a010 Exception <a 'java/lang/ClassNotFoundException'{0x00000000ed5cf148}: org/gradle/api/DefaultTaskCustomizer> (0x00000000ed5cf148) 
thrown [s\open\src\hotspot\share\classfile\systemDictionary.cpp, line 256]
Event: 39.093 Thread 0x0000017f6e50a010 Exception <a 'java/lang/ClassNotFoundException'{0x00000000ed436730}: org/gradle/api/internal/ConventionTaskCustomizer> (0x00000000ed436730) 
thrown [s\open\src\hotspot\share\classfile\systemDictionary.cpp, line 256]
Event: 39.093 Thread 0x0000017f6e50a010 Exception <a 'java/lang/ClassNotFoundException'{0x00000000ed453658}: org/gradle/api/tasks/testing/AbstractTestTaskCustomizer> (0x00000000ed453658) 
thrown [s\open\src\hotspot\share\classfile\systemDictionary.cpp, line 256]
Event: 39.094 Thread 0x0000017f6e50a010 Exception <a 'java/lang/ClassNotFoundException'{0x00000000ed47d718}: org/gradle/api/tasks/testing/TestCustomizer> (0x00000000ed47d718) 
thrown [s\open\src\hotspot\share\classfile\systemDictionary.cpp, line 256]
Event: 39.096 Thread 0x0000017f6e50a010 Exception <a 'java/lang/ClassNotFoundException'{0x00000000ed302250}: org/gradle/api/tasks/testing/Test_DecoratedCustomizer> (0x00000000ed302250) 
thrown [s\open\src\hotspot\share\classfile\systemDictionary.cpp, line 256]
Event: 39.112 Thread 0x0000017f6e50a010 Exception <a 'java/lang/ClassNotFoundException'{0x00000000ed00ab68}: org/codehaus/groovy/runtime/NullObjectBeanInfo> (0x00000000ed00ab68) 
thrown [s\open\src\hotspot\share\classfile\systemDictionary.cpp, line 256]
Event: 39.113 Thread 0x0000017f6e50a010 Exception <a 'java/lang/ClassNotFoundException'{0x00000000ecfd32c0}: org/codehaus/groovy/runtime/NullObjectCustomizer> (0x00000000ecfd32c0) 
thrown [s\open\src\hotspot\share\classfile\systemDictionary.cpp, line 256]
Event: 39.121 Thread 0x0000017f6e50a010 Exception <a 'java/lang/ClassNotFoundException'{0x00000000ece38be8}: groovy/runtime/metaclass/[Ljava/lang/String;MetaClass> (0x00000000ece38be8) 
thrown [s\open\src\hotspot\share\prims\jni.cpp, line 535]
Event: 39.121 Thread 0x0000017f6e50a010 Exception <a 'java/lang/ClassNotFoundException'{0x00000000ece46f68}: [Ljava/lang/String;BeanInfo> (0x00000000ece46f68) 
thrown [s\open\src\hotspot\share\prims\jni.cpp, line 535]
Event: 39.121 Thread 0x0000017f6e50a010 Exception <a 'java/lang/ClassNotFoundException'{0x00000000ece47d20}: [Ljava/lang/String;BeanInfo> (0x00000000ece47d20) 
thrown [s\open\src\hotspot\share\prims\jni.cpp, line 535]
Event: 39.121 Thread 0x0000017f6e50a010 Exception <a 'java/lang/ClassNotFoundException'{0x00000000ece48b98}: [Ljava/lang/String;Customizer> (0x00000000ece48b98) 
thrown [s\open\src\hotspot\share\prims\jni.cpp, line 535]
Event: 39.121 Thread 0x0000017f6e50a010 Exception <a 'java/lang/ClassNotFoundException'{0x00000000ece49950}: [Ljava/lang/String;Customizer> (0x00000000ece49950) 
thrown [s\open\src\hotspot\share\prims\jni.cpp, line 535]
Event: 39.685 Thread 0x0000017f6e50a010 Exception <a 'java/lang/NoSuchMethodError'{0x00000000e9ee6938}: 'void java.lang.invoke.DirectMethodHandle$Holder.invokeVirtual(java.lang.Object, java.lang.Object, java.lang.Object, java.lang.Object)'> (0x00000000e9ee6938) 
thrown [s\open\src\hotspot\share\interpreter\linkResolver.cpp, line 759]
Event: 40.359 Thread 0x0000017f6e50a010 Exception <a 'java/lang/NoSuchMethodError'{0x00000000ef0f39b8}: 'int java.lang.invoke.DirectMethodHandle$Holder.invokeSpecialIFC(java.lang.Object, java.lang.Object, java.lang.Object, java.lang.Object, java.lang.Object)'> (0x00000000ef0f39b8) 
thrown [s\open\src\hotspot\share\interpreter\linkResolver.cpp, line 759]

VM Operations (20 events):
Event: 39.165 Executing VM operation: ICBufferFull
Event: 39.165 Executing VM operation: ICBufferFull done
Event: 39.288 Executing VM operation: HandshakeAllThreads
Event: 39.289 Executing VM operation: HandshakeAllThreads done
Event: 39.305 Executing VM operation: HandshakeAllThreads
Event: 39.305 Executing VM operation: HandshakeAllThreads done
Event: 39.376 Executing VM operation: ICBufferFull
Event: 39.377 Executing VM operation: ICBufferFull done
Event: 39.548 Executing VM operation: HandshakeAllThreads
Event: 39.548 Executing VM operation: HandshakeAllThreads done
Event: 39.620 Executing VM operation: HandshakeAllThreads
Event: 39.620 Executing VM operation: HandshakeAllThreads done
Event: 39.664 Executing VM operation: ICBufferFull
Event: 39.664 Executing VM operation: ICBufferFull done
Event: 39.847 Executing VM operation: ICBufferFull
Event: 39.847 Executing VM operation: ICBufferFull done
Event: 40.028 Executing VM operation: G1CollectForAllocation
Event: 40.038 Executing VM operation: G1CollectForAllocation done
Event: 40.085 Executing VM operation: HandshakeAllThreads
Event: 40.085 Executing VM operation: HandshakeAllThreads done

Events (20 events):
Event: 39.085 loading class java/util/LinkedHashSetCustomizer done
Event: 39.203 loading class java/text/MessageFormat
Event: 39.203 loading class java/text/MessageFormat done
Event: 39.254 Thread 0x0000017f70322080 Thread added: 0x0000017f70322080
Event: 39.261 Thread 0x0000017f70324bd0 Thread added: 0x0000017f70324bd0
Event: 39.267 Thread 0x0000017f70322a20 Thread added: 0x0000017f70322a20
Event: 39.273 Thread 0x0000017f703250a0 Thread added: 0x0000017f703250a0
Event: 39.279 Thread 0x0000017f70325570 Thread added: 0x0000017f70325570
Event: 39.284 Thread 0x0000017f70322ef0 Thread added: 0x0000017f70322ef0
Event: 39.293 Thread 0x0000017f70325a40 Thread added: 0x0000017f70325a40
Event: 39.297 Thread 0x0000017f703233c0 Thread added: 0x0000017f703233c0
Event: 39.307 Thread 0x0000017f70323890 Thread added: 0x0000017f70323890
Event: 39.315 Thread 0x0000017f70324230 Thread added: 0x0000017f70324230
Event: 39.320 Thread 0x0000017f6ebf3080 Thread added: 0x0000017f6ebf3080
Event: 39.327 Thread 0x0000017f6ebf3550 Thread added: 0x0000017f6ebf3550
Event: 39.341 Thread 0x0000017f6ebf4890 Thread added: 0x0000017f6ebf4890
Event: 39.345 Thread 0x0000017f6ebf8250 Thread added: 0x0000017f6ebf8250
Event: 39.349 Thread 0x0000017f6ebf5700 Thread added: 0x0000017f6ebf5700
Event: 39.619 loading class java/util/AbstractList$ListItr
Event: 39.619 loading class java/util/AbstractList$ListItr done


Dynamic libraries:
0x00007ff650250000 - 0x00007ff650260000 	C:\Program Files\Java\jdk-17.0.5\bin\java.exe
0x00007ffcb2970000 - 0x00007ffcb2b68000 	C:\WINDOWS\SYSTEM32\ntdll.dll
0x00007ffcb0a60000 - 0x00007ffcb0b1f000 	C:\WINDOWS\System32\KERNEL32.DLL
0x00007ffcb04d0000 - 0x00007ffcb07c6000 	C:\WINDOWS\System32\KERNELBASE.dll
0x00007ffcb0050000 - 0x00007ffcb0150000 	C:\WINDOWS\System32\ucrtbase.dll
0x00007ffc80260000 - 0x00007ffc80278000 	C:\Program Files\Java\jdk-17.0.5\bin\jli.dll
0x00007ffcb1970000 - 0x00007ffcb1a1f000 	C:\WINDOWS\System32\ADVAPI32.dll
0x00007ffcb1bb0000 - 0x00007ffcb1c4e000 	C:\WINDOWS\System32\msvcrt.dll
0x00007ffcb10d0000 - 0x00007ffcb116c000 	C:\WINDOWS\System32\sechost.dll
0x00007ffcb1c90000 - 0x00007ffcb1db6000 	C:\WINDOWS\System32\RPCRT4.dll
0x00007ffcb12f0000 - 0x00007ffcb148d000 	C:\WINDOWS\System32\USER32.dll
0x00007ffcb0340000 - 0x00007ffcb0362000 	C:\WINDOWS\System32\win32u.dll
0x00007ffcb2750000 - 0x00007ffcb277c000 	C:\WINDOWS\System32\GDI32.dll
0x00007ffcb07d0000 - 0x00007ffcb08e5000 	C:\WINDOWS\System32\gdi32full.dll
0x00007ffcb01c0000 - 0x00007ffcb025d000 	C:\WINDOWS\System32\msvcp_win.dll
0x00007ffc7d620000 - 0x00007ffc7d63a000 	C:\Program Files\Java\jdk-17.0.5\bin\VCRUNTIME140.dll
0x00007ffc98400000 - 0x00007ffc9869a000 	C:\WINDOWS\WinSxS\amd64_microsoft.windows.common-controls_6595b64144ccf1df_6.0.19041.1110_none_60b5254171f9507e\COMCTL32.dll
0x00007ffca8980000 - 0x00007ffca898a000 	C:\WINDOWS\SYSTEM32\VERSION.dll
0x00007ffcb1c60000 - 0x00007ffcb1c90000 	C:\WINDOWS\System32\IMM32.DLL
0x00007ffc94b70000 - 0x00007ffc94b7c000 	C:\Program Files\Java\jdk-17.0.5\bin\vcruntime140_1.dll
0x00007ffc677a0000 - 0x00007ffc6782d000 	C:\Program Files\Java\jdk-17.0.5\bin\msvcp140.dll
0x00007ffc61c60000 - 0x00007ffc62822000 	C:\Program Files\Java\jdk-17.0.5\bin\server\jvm.dll
0x00007ffcb1ba0000 - 0x00007ffcb1ba8000 	C:\WINDOWS\System32\PSAPI.DLL
0x00007ffcabb00000 - 0x00007ffcabb09000 	C:\WINDOWS\SYSTEM32\WSOCK32.dll
0x00007ffcb1900000 - 0x00007ffcb196b000 	C:\WINDOWS\System32\WS2_32.dll
0x00007ffc9b620000 - 0x00007ffc9b647000 	C:\WINDOWS\SYSTEM32\WINMM.dll
0x00007ffcadbe0000 - 0x00007ffcadbf2000 	C:\WINDOWS\SYSTEM32\kernel.appcore.dll
0x00007ffc94a50000 - 0x00007ffc94a5a000 	C:\Program Files\Java\jdk-17.0.5\bin\jimage.dll
0x00007ffca5090000 - 0x00007ffca5274000 	C:\WINDOWS\SYSTEM32\DBGHELP.DLL
0x00007ffc95ad0000 - 0x00007ffc95b04000 	C:\WINDOWS\SYSTEM32\dbgcore.DLL
0x00007ffcb08f0000 - 0x00007ffcb0972000 	C:\WINDOWS\System32\bcryptPrimitives.dll
0x00007ffc6fba0000 - 0x00007ffc6fbc5000 	C:\Program Files\Java\jdk-17.0.5\bin\java.dll
0x00007ffc61b80000 - 0x00007ffc61c56000 	C:\Program Files\Java\jdk-17.0.5\bin\jsvml.dll
0x00007ffcb1e20000 - 0x00007ffcb2564000 	C:\WINDOWS\System32\SHELL32.dll
0x00007ffcadde0000 - 0x00007ffcae573000 	C:\WINDOWS\SYSTEM32\windows.storage.dll
0x00007ffcb0b80000 - 0x00007ffcb0ed4000 	C:\WINDOWS\System32\combase.dll
0x00007ffcaf9b0000 - 0x00007ffcaf9de000 	C:\WINDOWS\SYSTEM32\Wldp.dll
0x00007ffcb1020000 - 0x00007ffcb10cd000 	C:\WINDOWS\System32\SHCORE.dll
0x00007ffcb1b40000 - 0x00007ffcb1b95000 	C:\WINDOWS\System32\shlwapi.dll
0x00007ffcaff80000 - 0x00007ffcaffa5000 	C:\WINDOWS\SYSTEM32\profapi.dll
0x00007ffc7c000000 - 0x00007ffc7c019000 	C:\Program Files\Java\jdk-17.0.5\bin\net.dll
0x00007ffcaefd0000 - 0x00007ffcaf0da000 	C:\WINDOWS\SYSTEM32\WINHTTP.dll
0x00007ffcaf790000 - 0x00007ffcaf7fa000 	C:\WINDOWS\system32\mswsock.dll
0x00007ffc78ed0000 - 0x00007ffc78ee6000 	C:\Program Files\Java\jdk-17.0.5\bin\nio.dll
0x00007ffc7d600000 - 0x00007ffc7d618000 	C:\Program Files\Java\jdk-17.0.5\bin\zip.dll
0x00007ffc948a0000 - 0x00007ffc948b0000 	C:\Program Files\Java\jdk-17.0.5\bin\verify.dll
0x00007ffc80280000 - 0x00007ffc802a7000 	C:\Users\leejihoon\.gradle\native\68d5fa5c4cc2d200863cafc0d521ce42e7d3e7ee720ec0a83991735586a16f82\windows-amd64\native-platform.dll
0x00007ffc61a30000 - 0x00007ffc61b74000 	C:\Users\leejihoon\.gradle\native\e376f236ea51e6404a007f0833ffe2c6e607c4080706a723a18a27aeea778392\windows-amd64\native-platform-file-events.dll
0x00007ffc90620000 - 0x00007ffc90629000 	C:\Program Files\Java\jdk-17.0.5\bin\management.dll
0x00007ffc8f750000 - 0x00007ffc8f75b000 	C:\Program Files\Java\jdk-17.0.5\bin\management_ext.dll
0x00007ffcaf9f0000 - 0x00007ffcafa08000 	C:\WINDOWS\SYSTEM32\CRYPTSP.dll
0x00007ffcaef40000 - 0x00007ffcaef74000 	C:\WINDOWS\system32\rsaenh.dll
0x00007ffcb0260000 - 0x00007ffcb0287000 	C:\WINDOWS\System32\bcrypt.dll
0x00007ffcaff40000 - 0x00007ffcaff6e000 	C:\WINDOWS\SYSTEM32\USERENV.dll
0x00007ffcaf920000 - 0x00007ffcaf92c000 	C:\WINDOWS\SYSTEM32\CRYPTBASE.dll
0x00007ffcaf450000 - 0x00007ffcaf48b000 	C:\WINDOWS\SYSTEM32\IPHLPAPI.DLL
0x00007ffcb1170000 - 0x00007ffcb1178000 	C:\WINDOWS\System32\NSI.dll
0x00007ffca5940000 - 0x00007ffca5957000 	C:\WINDOWS\SYSTEM32\dhcpcsvc6.DLL
0x00007ffca6ec0000 - 0x00007ffca6edd000 	C:\WINDOWS\SYSTEM32\dhcpcsvc.DLL
0x00007ffcaf490000 - 0x00007ffcaf55a000 	C:\WINDOWS\SYSTEM32\DNSAPI.dll
0x00007ffc8eb50000 - 0x00007ffc8eb5e000 	C:\Program Files\Java\jdk-17.0.5\bin\sunmscapi.dll
0x00007ffcb0370000 - 0x00007ffcb04ce000 	C:\WINDOWS\System32\CRYPT32.dll
0x00007ffcafb00000 - 0x00007ffcafb28000 	C:\WINDOWS\SYSTEM32\ncrypt.dll
0x00007ffcafac0000 - 0x00007ffcafafb000 	C:\WINDOWS\SYSTEM32\NTASN1.dll
0x00007ffc8df30000 - 0x00007ffc8df37000 	C:\WINDOWS\system32\wshunix.dll
0x00007ffc8d600000 - 0x00007ffc8d617000 	C:\WINDOWS\system32\napinsp.dll
0x00007ffc8d560000 - 0x00007ffc8d57b000 	C:\WINDOWS\system32\pnrpnsp.dll
0x00007ffcaa6b0000 - 0x00007ffcaa6c5000 	C:\WINDOWS\system32\wshbth.dll
0x00007ffcab9b0000 - 0x00007ffcab9cd000 	C:\WINDOWS\system32\NLAapi.dll
0x00007ffc8d4f0000 - 0x00007ffc8d502000 	C:\WINDOWS\System32\winrnr.dll
0x00007ffca72f0000 - 0x00007ffca72fa000 	C:\Windows\System32\rasadhlp.dll
0x00007ffc9b6b0000 - 0x00007ffc9b732000 	C:\WINDOWS\System32\fwpuclnt.dll

dbghelp: loaded successfully - version: 4.0.5 - missing functions: none
symbol engine: initialized successfully - sym options: 0x614 - pdb path: .;C:\Program Files\Java\jdk-17.0.5\bin;C:\WINDOWS\SYSTEM32;C:\WINDOWS\WinSxS\amd64_microsoft.windows.common-controls_6595b64144ccf1df_6.0.19041.1110_none_60b5254171f9507e;C:\Program Files\Java\jdk-17.0.5\bin\server;C:\Users\leejihoon\.gradle\native\68d5fa5c4cc2d200863cafc0d521ce42e7d3e7ee720ec0a83991735586a16f82\windows-amd64;C:\Users\leejihoon\.gradle\native\e376f236ea51e6404a007f0833ffe2c6e607c4080706a723a18a27aeea778392\windows-amd64

VM Arguments:
jvm_args: --add-opens=java.base/java.util.concurrent.atomic=ALL-UNNAMED -XX:MaxMetaspaceSize=256m -XX:+HeapDumpOnOutOfMemoryError --add-opens=java.base/java.util=ALL-UNNAMED --add-opens=java.base/java.lang=ALL-UNNAMED --add-opens=java.base/java.lang.invoke=ALL-UNNAMED --add-opens=java.prefs/java.util.prefs=ALL-UNNAMED --add-opens=java.base/java.nio.charset=ALL-UNNAMED --add-opens=java.base/java.net=ALL-UNNAMED --add-opens=java.base/java.util.concurrent.atomic=ALL-UNNAMED -Xms256m -Xmx512m -Dfile.encoding=UTF-8 -Duser.country=KR -Duser.language=ko -Duser.variant 
java_command: org.gradle.launcher.daemon.bootstrap.GradleDaemon 8.0
java_class_path (initial): C:\Users\leejihoon\.gradle\wrapper\dists\gradle-8.0-bin\ca5e32bp14vu59qr306oxotwh\gradle-8.0\lib\gradle-launcher-8.0.jar
Launcher Type: SUN_STANDARD

[Global flags]
     intx CICompilerCount                          = 3                                         {product} {ergonomic}
   size_t CompressedClassSpaceSize                 = 218103808                                 {product} {ergonomic}
     uint ConcGCThreads                            = 2                                         {product} {ergonomic}
     uint G1ConcRefinementThreads                  = 6                                         {product} {ergonomic}
   size_t G1HeapRegionSize                         = 1048576                                   {product} {ergonomic}
    uintx GCDrainStackTargetSize                   = 64                                        {product} {ergonomic}
     bool HeapDumpOnOutOfMemoryError               = true                                   {manageable} {command line}
   size_t InitialHeapSize                          = 268435456                                 {product} {command line}
   size_t MarkStackSize                            = 4194304                                   {product} {ergonomic}
   size_t MaxHeapSize                              = 536870912                                 {product} {command line}
   size_t MaxMetaspaceSize                         = 268435456                                 {product} {command line}
   size_t MaxNewSize                               = 321912832                                 {product} {ergonomic}
   size_t MinHeapDeltaBytes                        = 1048576                                   {product} {ergonomic}
   size_t MinHeapSize                              = 268435456                                 {product} {command line}
    uintx NonNMethodCodeHeapSize                   = 5832780                                {pd product} {ergonomic}
    uintx NonProfiledCodeHeapSize                  = 122912730                              {pd product} {ergonomic}
    uintx ProfiledCodeHeapSize                     = 122912730                              {pd product} {ergonomic}
    uintx ReservedCodeCacheSize                    = 251658240                              {pd product} {ergonomic}
     bool SegmentedCodeCache                       = true                                      {product} {ergonomic}
   size_t SoftMaxHeapSize                          = 536870912                              {manageable} {ergonomic}
     bool UseCompressedClassPointers               = true                           {product lp64_product} {ergonomic}
     bool UseCompressedOops                        = true                           {product lp64_product} {ergonomic}
     bool UseG1GC                                  = true                                      {product} {ergonomic}
     bool UseLargePagesIndividualAllocation        = false                                  {pd product} {ergonomic}

Logging:
Log output configuration:
 #0: stdout all=warning uptime,level,tags
 #1: stderr all=off uptime,level,tags

Environment Variables:
JAVA_HOME=C:\Program Files\Java\jdk-17.0.5
CLASSPATH="""%classpath%;.";F:\jdk1.8\bin;;.";F:\jdk1.8\bin;;.";F:\jdk1.8\bin;
PATH=C:\Program Files\Common Files\Oracle\Java\javapath;C:\Oracle\app\oracle\product\11.2.0\server\bin;C:\Python38\Scripts\;C:\Python38\;C:\mysql\bin;C:\Windows\system32;C:\Windows;C:\Windows\System32\Wbem;C:\Windows\System32\WindowsPowerShell\v1.0\;C:\Windows\System32\OpenSSH\;C:\Program Files (x86)\NVIDIA Corporation\PhysX\Common;C:\Program Files\Java\jdk-17.0.5\bin;C:\WINDOWS\system32;C:\WINDOWS;C:\WINDOWS\System32\Wbem;C:\WINDOWS\System32\WindowsPowerShell\v1.0\;C:\WINDOWS\System32\OpenSSH\;C:\Program Files\PuTTY\;C:\ProgramData\chocolatey\bin;C:\Program Files\JetBrains\IntelliJ IDEA 2020.3.1\bin;C:\Program Files\MySQL\MySQL Server 8.0\bin;C:\Program Files\nodejs\;C:\Program Files\Git\cmd;C:\Program Files\Docker\Docker\resources\bin;C:\ProgramData\DockerDesktop\version-bin;C:\Users\leejihoon\AppData\Local\Programs\Python\Python38\Scripts\;C:\Users\leejihoon\AppData\Local\Programs\Python\Python38\;C:\Program Files\MySQL\MySQL Shell 8.0\bin\;C:\Users\leejihoon\AppData\Local\Microsoft\WindowsApps;C:\Users\leejihoon\AppData\Local\GitHubDesktop\bin;C:\Program Files\Java\jdk-17.0.5\bin;D:\Front-end\vscode\Microsoft VS Code\bin;C:\Program Files\JetBrains\IntelliJ IDEA 2021.2\bin;;C:\Program Files\JetBrains\IntelliJ IDEA 2020.3.1\bin;C:\Users\leejihoon\AppData\Local\Microsoft\WindowsApps;C:\Windows\System32;C:\Program Files\MySQL\MySQL Server 8.0\bin;C:\Users\leejihoon\AppData\Roaming\npm;
USERNAME=leejihoon
OS=Windows_NT
PROCESSOR_IDENTIFIER=Intel64 Family 6 Model 158 Stepping 10, GenuineIntel



---------------  S Y S T E M  ---------------

OS:
 Windows 10 , 64 bit Build 19041 (10.0.19041.3155)
OS uptime: 3 days 8:47 hours
Hyper-V role detected

CPU: total 6 (initial active 6) (6 cores per cpu, 1 threads per core) family 6 model 158 stepping 10 microcode 0xb4, cx8, cmov, fxsr, mmx, 3dnowpref, sse, sse2, sse3, ssse3, sse4.1, sse4.2, popcnt, lzcnt, tsc, tscinvbit, avx, avx2, aes, erms, clmul, bmi1, bmi2, adx, fma, vzeroupper, clflush, clflushopt, hv

Memory: 4k page, system-wide physical 16320M (3116M free)
TotalPageFile size 18368M (AvailPageFile size 3M)
current process WorkingSet (physical memory assigned to process): 471M, peak: 472M
current process commit charge ("private bytes"): 519M, peak: 520M

vm_info: Java HotSpot(TM) 64-Bit Server VM (17.0.5+9-LTS-191) for windows-amd64 JRE (17.0.5+9-LTS-191), built on Sep 13 2022 17:31:43 by "mach5one" with MS VC++ 16.8 / 16.9 (VS2019)

END.
