#
# There is insufficient memory for the Java Runtime Environment to continue.
# Native memory allocation (malloc) failed to allocate 906096 bytes for Chunk::new
# Possible reasons:
#   The system is out of physical RAM or swap space
#   The process is running with CompressedOops enabled, and the Java Heap may be blocking the growth of the native heap
# Possible solutions:
#   Reduce memory load on the system
#   Increase physical memory or swap space
#   Check if swap backing store is full
#   Decrease Java heap size (-Xmx/-Xms)
#   Decrease number of Java threads
#   Decrease Java thread stack sizes (-Xss)
#   Set larger code cache with -XX:ReservedCodeCacheSize=
#   JVM is running with Unscaled Compressed Oops mode in which the Java heap is
#     placed in the first 4GB address space. The Java Heap base address is the
#     maximum limit for the native heap growth. Please use -XX:HeapBaseMinAddress
#     to set the Java Heap base and to place the Java Heap above 4GB virtual address.
# This output file may be truncated or incomplete.
#
#  Out of Memory Error (arena.cpp:189), pid=26020, tid=1068
#
# JRE version: Java(TM) SE Runtime Environment (17.0.5+9) (build 17.0.5+9-LTS-191)
# Java VM: Java HotSpot(TM) 64-Bit Server VM (17.0.5+9-LTS-191, mixed mode, sharing, tiered, compressed oops, compressed class ptrs, g1 gc, windows-amd64)
# No core dump will be written. Minidumps are not enabled by default on client versions of Windows
#

---------------  S U M M A R Y ------------

Command Line: --add-opens=java.base/java.util.concurrent.atomic=ALL-UNNAMED -XX:MaxMetaspaceSize=256m -XX:+HeapDumpOnOutOfMemoryError --add-opens=java.base/java.util=ALL-UNNAMED --add-opens=java.base/java.lang=ALL-UNNAMED --add-opens=java.base/java.lang.invoke=ALL-UNNAMED --add-opens=java.prefs/java.util.prefs=ALL-UNNAMED --add-opens=java.base/java.nio.charset=ALL-UNNAMED --add-opens=java.base/java.net=ALL-UNNAMED --add-opens=java.base/java.util.concurrent.atomic=ALL-UNNAMED -Xms256m -Xmx512m -Dfile.encoding=UTF-8 -Duser.country=KR -Duser.language=ko -Duser.variant org.gradle.launcher.daemon.bootstrap.GradleDaemon 8.0

Host: Intel(R) Core(TM) i5-8400 CPU @ 2.80GHz, 6 cores, 15G,  Windows 10 , 64 bit Build 19041 (10.0.19041.3155)
Time: Sun Aug 27 19:07:48 2023  Windows 10 , 64 bit Build 19041 (10.0.19041.3155) elapsed time: 40.395492 seconds (0d 0h 0m 40s)

---------------  T H R E A D  ---------------

Current thread (0x000001d0d9c3e6a0):  JavaThread "C2 CompilerThread0" daemon [_thread_in_native, id=1068, stack(0x0000006089200000,0x0000006089300000)]


Current CompileTask:
C2:  40395 13905       4       io.spring.gradle.dependencymanagement.org.apache.maven.model.interpolation.StringSearchModelInterpolator$InterpolateObjectAction$StringField::doInterpolate (49 bytes)

Stack: [0x0000006089200000,0x0000006089300000]
Native frames: (J=compiled Java code, j=interpreted, Vv=VM code, C=native code)
V  [jvm.dll+0x672eea]
V  [jvm.dll+0x7d2a04]
V  [jvm.dll+0x7d41ae]
V  [jvm.dll+0x7d4813]
V  [jvm.dll+0x242c15]
V  [jvm.dll+0xaa57b]
V  [jvm.dll+0xaab0c]
V  [jvm.dll+0x2a997f]
V  [jvm.dll+0x57b307]
V  [jvm.dll+0x21de72]
V  [jvm.dll+0x21e24f]
V  [jvm.dll+0x217b15]
V  [jvm.dll+0x214fdb]
V  [jvm.dll+0x1a18ed]
V  [jvm.dll+0x22493a]
V  [jvm.dll+0x222aa5]
V  [jvm.dll+0x7885db]
V  [jvm.dll+0x782b4a]
V  [jvm.dll+0x671d75]
C  [ucrtbase.dll+0x21bb2]
C  [KERNEL32.DLL+0x17614]
C  [ntdll.dll+0x526b1]


---------------  P R O C E S S  ---------------

Threads class SMR info:
_java_thread_list=0x000001d0e284b4f0, length=112, elements={
0x000001d0bf7c2260, 0x000001d0d9c1a510, 0x000001d0d9c1b290, 0x000001d0d9c37a90,
0x000001d0d9c3b470, 0x000001d0d9c3d140, 0x000001d0d9c3da00, 0x000001d0d9c3e6a0,
0x000001d0d9c3f050, 0x000001d0d9c43390, 0x000001d0da8ccaa0, 0x000001d0da8d77c0,
0x000001d0dbf35990, 0x000001d0db723370, 0x000001d0dbbaa8e0, 0x000001d0dc5ff020,
0x000001d0dbabfc90, 0x000001d0db6cd640, 0x000001d0dc5687e0, 0x000001d0dc4e3870,
0x000001d0dc4e33a0, 0x000001d0dc4e5a20, 0x000001d0dc4e3d40, 0x000001d0dc4e2ed0,
0x000001d0dc4e2530, 0x000001d0dc4e46e0, 0x000001d0dc4e5080, 0x000001d0dc4e5550,
0x000001d0dc4e4210, 0x000001d0dc4e4bb0, 0x000001d0dc4e2060, 0x000001d0dc4e2a00,
0x000001d0df252c30, 0x000001d0df254de0, 0x000001d0df2552b0, 0x000001d0df255780,
0x000001d0df257460, 0x000001d0df256ac0, 0x000001d0df255c50, 0x000001d0df251420,
0x000001d0df2565f0, 0x000001d0df256f90, 0x000001d0df257930, 0x000001d0df253100,
0x000001d0df250f50, 0x000001d0df2518f0, 0x000001d0df251dc0, 0x000001d0df253aa0,
0x000001d0df252760, 0x000001d0df254440, 0x000001d0df254910, 0x000001d0dc164340,
0x000001d0dc160e50, 0x000001d0dc1617f0, 0x000001d0dc164810, 0x000001d0dc161cc0,
0x000001d0dc162b30, 0x000001d0dc15fb10, 0x000001d0dc1639a0, 0x000001d0dc164ce0,
0x000001d0dc162190, 0x000001d0dc163000, 0x000001d0dc162660, 0x000001d0dc15ffe0,
0x000001d0dc1634d0, 0x000001d0dc1604b0, 0x000001d0dc163e70, 0x000001d0dc1651b0,
0x000001d0dc165680, 0x000001d0dc160980, 0x000001d0dc161320, 0x000001d0dc15eca0,
0x000001d0dc165b50, 0x000001d0dc15e300, 0x000001d0dc15e7d0, 0x000001d0dc15f170,
0x000001d0dc15f640, 0x000001d0dcf8ad90, 0x000001d0dcf89580, 0x000001d0dcf873d0,
0x000001d0dcf878a0, 0x000001d0dcf87d70, 0x000001d0dcf88240, 0x000001d0dcf890b0,
0x000001d0dcf89a50, 0x000001d0dcf8c5a0, 0x000001d0dcf8cf40, 0x000001d0dcf86f00,
0x000001d0dcf8d8e0, 0x000001d0dff150f0, 0x000001d0dff13410, 0x000001d0dff19920,
0x000001d0dff120d0, 0x000001d0dff15f60, 0x000001d0dff172a0, 0x000001d0dff138e0,
0x000001d0dff17770, 0x000001d0e1f8f010, 0x000001d0dcf8b260, 0x000001d0dcf8d410,
0x000001d0df253f70, 0x000001d0df4af070, 0x000001d0df4a8690, 0x000001d0df4a81c0,
0x000001d0df4ab6b0, 0x000001d0df4aeba0, 0x000001d0df4a8b60, 0x000001d0df4aad10,
0x000001d0df4ac520, 0x000001d0df4aa840, 0x000001d0df4ae6d0, 0x000001d0df4ad860
}

Java Threads: ( => current thread )
  0x000001d0bf7c2260 JavaThread "main" [_thread_blocked, id=14436, stack(0x0000006088500000,0x0000006088600000)]
  0x000001d0d9c1a510 JavaThread "Reference Handler" daemon [_thread_blocked, id=20940, stack(0x0000006088c00000,0x0000006088d00000)]
  0x000001d0d9c1b290 JavaThread "Finalizer" daemon [_thread_blocked, id=4568, stack(0x0000006088d00000,0x0000006088e00000)]
  0x000001d0d9c37a90 JavaThread "Signal Dispatcher" daemon [_thread_blocked, id=27736, stack(0x0000006088e00000,0x0000006088f00000)]
  0x000001d0d9c3b470 JavaThread "Attach Listener" daemon [_thread_blocked, id=22108, stack(0x0000006088f00000,0x0000006089000000)]
  0x000001d0d9c3d140 JavaThread "Service Thread" daemon [_thread_blocked, id=6744, stack(0x0000006089000000,0x0000006089100000)]
  0x000001d0d9c3da00 JavaThread "Monitor Deflation Thread" daemon [_thread_blocked, id=27020, stack(0x0000006089100000,0x0000006089200000)]
=>0x000001d0d9c3e6a0 JavaThread "C2 CompilerThread0" daemon [_thread_in_native, id=1068, stack(0x0000006089200000,0x0000006089300000)]
  0x000001d0d9c3f050 JavaThread "C1 CompilerThread0" daemon [_thread_blocked, id=23720, stack(0x0000006089300000,0x0000006089400000)]
  0x000001d0d9c43390 JavaThread "Sweeper thread" daemon [_thread_blocked, id=21808, stack(0x0000006089400000,0x0000006089500000)]
  0x000001d0da8ccaa0 JavaThread "Common-Cleaner" daemon [_thread_blocked, id=24352, stack(0x0000006089500000,0x0000006089600000)]
  0x000001d0da8d77c0 JavaThread "Notification Thread" daemon [_thread_blocked, id=27428, stack(0x0000006089600000,0x0000006089700000)]
  0x000001d0dbf35990 JavaThread "Daemon health stats" [_thread_blocked, id=21776, stack(0x0000006089e00000,0x0000006089f00000)]
  0x000001d0db723370 JavaThread "Incoming local TCP Connector on port 3822" [_thread_in_native, id=10516, stack(0x0000006089f00000,0x000000608a000000)]
  0x000001d0dbbaa8e0 JavaThread "Daemon periodic checks" [_thread_blocked, id=26396, stack(0x000000608a000000,0x000000608a100000)]
  0x000001d0dc5ff020 JavaThread "Daemon" [_thread_blocked, id=17008, stack(0x000000608a100000,0x000000608a200000)]
  0x000001d0dbabfc90 JavaThread "Handler for socket connection from /127.0.0.1:3822 to /127.0.0.1:3825" [_thread_in_native, id=17092, stack(0x000000608a200000,0x000000608a300000)]
  0x000001d0db6cd640 JavaThread "Cancel handler" [_thread_blocked, id=21628, stack(0x000000608a300000,0x000000608a400000)]
  0x000001d0dc5687e0 JavaThread "Daemon worker" [_thread_in_Java, id=21380, stack(0x000000608a400000,0x000000608a500000)]
  0x000001d0dc4e3870 JavaThread "Asynchronous log dispatcher for DefaultDaemonConnection: socket connection from /127.0.0.1:3822 to /127.0.0.1:3825" [_thread_blocked, id=16724, stack(0x000000608a500000,0x000000608a600000)]
  0x000001d0dc4e33a0 JavaThread "Stdin handler" [_thread_blocked, id=14236, stack(0x000000608a600000,0x000000608a700000)]
  0x000001d0dc4e5a20 JavaThread "Daemon client event forwarder" [_thread_blocked, id=18716, stack(0x000000608a700000,0x000000608a800000)]
  0x000001d0dc4e3d40 JavaThread "Cache worker for journal cache (C:\Users\leejihoon\.gradle\caches\journal-1)" [_thread_blocked, id=24124, stack(0x000000608a800000,0x000000608a900000)]
  0x000001d0dc4e2ed0 JavaThread "File lock request listener" [_thread_in_native, id=26244, stack(0x000000608a900000,0x000000608aa00000)]
  0x000001d0dc4e2530 JavaThread "File lock release action executor" [_thread_blocked, id=7160, stack(0x000000608aa00000,0x000000608ab00000)]
  0x000001d0dc4e46e0 JavaThread "Cache worker for file hash cache (C:\Users\leejihoon\.gradle\caches\8.0\fileHashes)" [_thread_blocked, id=2664, stack(0x0000006089800000,0x0000006089900000)]
  0x000001d0dc4e5080 JavaThread "File watcher server" daemon [_thread_in_native, id=18728, stack(0x000000608ac00000,0x000000608ad00000)]
  0x000001d0dc4e5550 JavaThread "File watcher consumer" daemon [_thread_blocked, id=21384, stack(0x000000608ad00000,0x000000608ae00000)]
  0x000001d0dc4e4210 JavaThread "jar transforms" [_thread_blocked, id=13224, stack(0x000000608ae00000,0x000000608af00000)]
  0x000001d0dc4e4bb0 JavaThread "jar transforms Thread 2" [_thread_blocked, id=20580, stack(0x000000608af00000,0x000000608b000000)]
  0x000001d0dc4e2060 JavaThread "jar transforms Thread 3" [_thread_blocked, id=13132, stack(0x000000608b000000,0x000000608b100000)]
  0x000001d0dc4e2a00 JavaThread "jar transforms Thread 4" [_thread_blocked, id=7340, stack(0x000000608b100000,0x000000608b200000)]
  0x000001d0df252c30 JavaThread "jar transforms Thread 5" [_thread_blocked, id=8084, stack(0x000000608b200000,0x000000608b300000)]
  0x000001d0df254de0 JavaThread "jar transforms Thread 6" [_thread_blocked, id=27312, stack(0x000000608b300000,0x000000608b400000)]
  0x000001d0df2552b0 JavaThread "Cache worker for checksums cache (C:\Users\leejihoon\Desktop\coupon_platform\.gradle\8.0\checksums)" [_thread_blocked, id=10728, stack(0x000000608b500000,0x000000608b600000)]
  0x000001d0df255780 JavaThread "Cache worker for cache directory md-rule (C:\Users\leejihoon\.gradle\caches\8.0\md-rule)" [_thread_blocked, id=15620, stack(0x000000608b600000,0x000000608b700000)]
  0x000001d0df257460 JavaThread "Cache worker for file content cache (C:\Users\leejihoon\.gradle\caches\8.0\fileContent)" [_thread_blocked, id=28088, stack(0x000000608b700000,0x000000608b800000)]
  0x000001d0df256ac0 JavaThread "Cache worker for file hash cache (C:\Users\leejihoon\Desktop\coupon_platform\.gradle\8.0\fileHashes)" [_thread_blocked, id=9676, stack(0x000000608b800000,0x000000608b900000)]
  0x000001d0df255c50 JavaThread "Cache worker for cache directory md-supplier (C:\Users\leejihoon\.gradle\caches\8.0\md-supplier)" [_thread_blocked, id=24832, stack(0x000000608b900000,0x000000608ba00000)]
  0x000001d0df251420 JavaThread "Cache worker for execution history cache (C:\Users\leejihoon\.gradle\caches\8.0\executionHistory)" [_thread_blocked, id=27064, stack(0x000000608ba00000,0x000000608bb00000)]
  0x000001d0df2565f0 JavaThread "Cache worker for kotlin-dsl (C:\Users\leejihoon\.gradle\caches\8.0\kotlin-dsl)" [_thread_blocked, id=11872, stack(0x000000608bb00000,0x000000608bc00000)]
  0x000001d0df256f90 JavaThread "Cache worker for dependencies-accessors (C:\Users\leejihoon\Desktop\coupon_platform\.gradle\8.0\dependencies-accessors)" [_thread_blocked, id=21172, stack(0x000000608bc00000,0x000000608bd00000)]
  0x000001d0df257930 JavaThread "Cache worker for Build Output Cleanup Cache (C:\Users\leejihoon\Desktop\coupon_platform\.gradle\buildOutputCleanup)" [_thread_blocked, id=14480, stack(0x000000608bd00000,0x000000608be00000)]
  0x000001d0df253100 JavaThread "Unconstrained build operations" [_thread_blocked, id=20904, stack(0x000000608be00000,0x000000608bf00000)]
  0x000001d0df250f50 JavaThread "Unconstrained build operations Thread 2" [_thread_blocked, id=13208, stack(0x000000608bf00000,0x000000608c000000)]
  0x000001d0df2518f0 JavaThread "Unconstrained build operations Thread 3" [_thread_blocked, id=19132, stack(0x000000608c000000,0x000000608c100000)]
  0x000001d0df251dc0 JavaThread "Unconstrained build operations Thread 4" [_thread_blocked, id=4348, stack(0x000000608c100000,0x000000608c200000)]
  0x000001d0df253aa0 JavaThread "Unconstrained build operations Thread 5" [_thread_blocked, id=12608, stack(0x000000608c200000,0x000000608c300000)]
  0x000001d0df252760 JavaThread "Unconstrained build operations Thread 6" [_thread_blocked, id=14792, stack(0x000000608c300000,0x000000608c400000)]
  0x000001d0df254440 JavaThread "Unconstrained build operations Thread 7" [_thread_blocked, id=23964, stack(0x000000608c400000,0x000000608c500000)]
  0x000001d0df254910 JavaThread "Unconstrained build operations Thread 8" [_thread_blocked, id=21568, stack(0x000000608c500000,0x000000608c600000)]
  0x000001d0dc164340 JavaThread "Unconstrained build operations Thread 9" [_thread_blocked, id=3672, stack(0x000000608c600000,0x000000608c700000)]
  0x000001d0dc160e50 JavaThread "Unconstrained build operations Thread 10" [_thread_blocked, id=11360, stack(0x000000608c700000,0x000000608c800000)]
  0x000001d0dc1617f0 JavaThread "Unconstrained build operations Thread 11" [_thread_blocked, id=25836, stack(0x000000608c800000,0x000000608c900000)]
  0x000001d0dc164810 JavaThread "Unconstrained build operations Thread 12" [_thread_blocked, id=10256, stack(0x000000608c900000,0x000000608ca00000)]
  0x000001d0dc161cc0 JavaThread "Unconstrained build operations Thread 13" [_thread_blocked, id=11220, stack(0x000000608ca00000,0x000000608cb00000)]
  0x000001d0dc162b30 JavaThread "Unconstrained build operations Thread 14" [_thread_blocked, id=23080, stack(0x000000608cb00000,0x000000608cc00000)]
  0x000001d0dc15fb10 JavaThread "Unconstrained build operations Thread 15" [_thread_blocked, id=13364, stack(0x000000608cc00000,0x000000608cd00000)]
  0x000001d0dc1639a0 JavaThread "Unconstrained build operations Thread 16" [_thread_blocked, id=12720, stack(0x000000608cd00000,0x000000608ce00000)]
  0x000001d0dc164ce0 JavaThread "Unconstrained build operations Thread 17" [_thread_blocked, id=13780, stack(0x000000608ce00000,0x000000608cf00000)]
  0x000001d0dc162190 JavaThread "Unconstrained build operations Thread 18" [_thread_blocked, id=8188, stack(0x000000608cf00000,0x000000608d000000)]
  0x000001d0dc163000 JavaThread "Unconstrained build operations Thread 19" [_thread_blocked, id=17020, stack(0x000000608d000000,0x000000608d100000)]
  0x000001d0dc162660 JavaThread "Unconstrained build operations Thread 20" [_thread_blocked, id=26060, stack(0x000000608d100000,0x000000608d200000)]
  0x000001d0dc15ffe0 JavaThread "Unconstrained build operations Thread 21" [_thread_blocked, id=2832, stack(0x000000608d200000,0x000000608d300000)]
  0x000001d0dc1634d0 JavaThread "Unconstrained build operations Thread 22" [_thread_blocked, id=16844, stack(0x000000608d300000,0x000000608d400000)]
  0x000001d0dc1604b0 JavaThread "Unconstrained build operations Thread 23" [_thread_blocked, id=8240, stack(0x000000608d400000,0x000000608d500000)]
  0x000001d0dc163e70 JavaThread "Unconstrained build operations Thread 24" [_thread_blocked, id=16228, stack(0x000000608d500000,0x000000608d600000)]
  0x000001d0dc1651b0 JavaThread "Unconstrained build operations Thread 25" [_thread_blocked, id=16212, stack(0x000000608d600000,0x000000608d700000)]
  0x000001d0dc165680 JavaThread "Unconstrained build operations Thread 26" [_thread_blocked, id=22072, stack(0x000000608d700000,0x000000608d800000)]
  0x000001d0dc160980 JavaThread "Unconstrained build operations Thread 27" [_thread_blocked, id=19540, stack(0x000000608d800000,0x000000608d900000)]
  0x000001d0dc161320 JavaThread "Unconstrained build operations Thread 28" [_thread_blocked, id=28108, stack(0x000000608d900000,0x000000608da00000)]
  0x000001d0dc15eca0 JavaThread "Unconstrained build operations Thread 29" [_thread_blocked, id=22504, stack(0x000000608da00000,0x000000608db00000)]
  0x000001d0dc165b50 JavaThread "Unconstrained build operations Thread 30" [_thread_blocked, id=21192, stack(0x000000608db00000,0x000000608dc00000)]
  0x000001d0dc15e300 JavaThread "Unconstrained build operations Thread 31" [_thread_blocked, id=14008, stack(0x000000608dc00000,0x000000608dd00000)]
  0x000001d0dc15e7d0 JavaThread "Unconstrained build operations Thread 32" [_thread_blocked, id=21472, stack(0x000000608dd00000,0x000000608de00000)]
  0x000001d0dc15f170 JavaThread "Unconstrained build operations Thread 33" [_thread_blocked, id=9196, stack(0x000000608de00000,0x000000608df00000)]
  0x000001d0dc15f640 JavaThread "Unconstrained build operations Thread 34" [_thread_blocked, id=9836, stack(0x000000608df00000,0x000000608e000000)]
  0x000001d0dcf8ad90 JavaThread "Unconstrained build operations Thread 35" [_thread_blocked, id=2084, stack(0x000000608e000000,0x000000608e100000)]
  0x000001d0dcf89580 JavaThread "Unconstrained build operations Thread 36" [_thread_blocked, id=4108, stack(0x000000608e100000,0x000000608e200000)]
  0x000001d0dcf873d0 JavaThread "Unconstrained build operations Thread 37" [_thread_blocked, id=23072, stack(0x000000608e200000,0x000000608e300000)]
  0x000001d0dcf878a0 JavaThread "Unconstrained build operations Thread 38" [_thread_blocked, id=20908, stack(0x000000608e300000,0x000000608e400000)]
  0x000001d0dcf87d70 JavaThread "Unconstrained build operations Thread 39" [_thread_blocked, id=24156, stack(0x000000608e400000,0x000000608e500000)]
  0x000001d0dcf88240 JavaThread "Unconstrained build operations Thread 40" [_thread_blocked, id=19336, stack(0x000000608e500000,0x000000608e600000)]
  0x000001d0dcf890b0 JavaThread "Unconstrained build operations Thread 41" [_thread_blocked, id=8696, stack(0x000000608e600000,0x000000608e700000)]
  0x000001d0dcf89a50 JavaThread "Unconstrained build operations Thread 42" [_thread_blocked, id=15732, stack(0x000000608e700000,0x000000608e800000)]
  0x000001d0dcf8c5a0 JavaThread "Unconstrained build operations Thread 43" [_thread_blocked, id=18868, stack(0x000000608e800000,0x000000608e900000)]
  0x000001d0dcf8cf40 JavaThread "Unconstrained build operations Thread 44" [_thread_blocked, id=23524, stack(0x000000608e900000,0x000000608ea00000)]
  0x000001d0dcf86f00 JavaThread "Unconstrained build operations Thread 45" [_thread_blocked, id=84, stack(0x000000608ea00000,0x000000608eb00000)]
  0x000001d0dcf8d8e0 JavaThread "Memory manager" [_thread_blocked, id=22564, stack(0x000000608ed00000,0x000000608ee00000)]
  0x000001d0dff150f0 JavaThread "included builds" [_thread_blocked, id=21308, stack(0x000000608f300000,0x000000608f400000)]
  0x000001d0dff13410 JavaThread "Execution worker" [_thread_blocked, id=27256, stack(0x000000608f400000,0x000000608f500000)]
  0x000001d0dff19920 JavaThread "Execution worker Thread 2" [_thread_blocked, id=27380, stack(0x000000608f500000,0x000000608f600000)]
  0x000001d0dff120d0 JavaThread "Execution worker Thread 3" [_thread_blocked, id=4016, stack(0x000000608f600000,0x000000608f700000)]
  0x000001d0dff15f60 JavaThread "Execution worker Thread 4" [_thread_blocked, id=25656, stack(0x000000608f700000,0x000000608f800000)]
  0x000001d0dff172a0 JavaThread "Execution worker Thread 5" [_thread_blocked, id=13432, stack(0x000000608f800000,0x000000608f900000)]
  0x000001d0dff138e0 JavaThread "Cache worker for execution history cache (C:\Users\leejihoon\Desktop\coupon_platform\.gradle\8.0\executionHistory)" [_thread_blocked, id=6936, stack(0x000000608f900000,0x000000608fa00000)]
  0x000001d0dff17770 JavaThread "Unconstrained build operations Thread 46" [_thread_blocked, id=24916, stack(0x000000608f200000,0x000000608f300000)]
  0x000001d0e1f8f010 JavaThread "C2 CompilerThread1" daemon [_thread_blocked, id=8768, stack(0x000000608fa00000,0x000000608fb00000)]
  0x000001d0dcf8b260 JavaThread "Unconstrained build operations Thread 47" [_thread_blocked, id=12396, stack(0x000000608fb00000,0x000000608fc00000)]
  0x000001d0dcf8d410 JavaThread "Unconstrained build operations Thread 48" [_thread_blocked, id=3884, stack(0x000000608fc00000,0x000000608fd00000)]
  0x000001d0df253f70 JavaThread "Unconstrained build operations Thread 49" [_thread_blocked, id=23808, stack(0x000000608fd00000,0x000000608fe00000)]
  0x000001d0df4af070 JavaThread "Unconstrained build operations Thread 50" [_thread_blocked, id=24632, stack(0x000000608fe00000,0x000000608ff00000)]
  0x000001d0df4a8690 JavaThread "Unconstrained build operations Thread 51" [_thread_blocked, id=28576, stack(0x000000608ff00000,0x0000006090000000)]
  0x000001d0df4a81c0 JavaThread "Unconstrained build operations Thread 52" [_thread_blocked, id=14352, stack(0x0000006090000000,0x0000006090100000)]
  0x000001d0df4ab6b0 JavaThread "Unconstrained build operations Thread 53" [_thread_blocked, id=18904, stack(0x0000006090100000,0x0000006090200000)]
  0x000001d0df4aeba0 JavaThread "Unconstrained build operations Thread 54" [_thread_blocked, id=22360, stack(0x0000006090200000,0x0000006090300000)]
  0x000001d0df4a8b60 JavaThread "Unconstrained build operations Thread 55" [_thread_blocked, id=9668, stack(0x0000006090300000,0x0000006090400000)]
  0x000001d0df4aad10 JavaThread "Unconstrained build operations Thread 56" [_thread_blocked, id=20336, stack(0x0000006090400000,0x0000006090500000)]
  0x000001d0df4ac520 JavaThread "Unconstrained build operations Thread 57" [_thread_blocked, id=7396, stack(0x0000006090500000,0x0000006090600000)]
  0x000001d0df4aa840 JavaThread "Unconstrained build operations Thread 58" [_thread_blocked, id=23128, stack(0x0000006090600000,0x0000006090700000)]
  0x000001d0df4ae6d0 JavaThread "Unconstrained build operations Thread 59" [_thread_blocked, id=17860, stack(0x0000006090700000,0x0000006090800000)]
  0x000001d0df4ad860 JavaThread "Unconstrained build operations Thread 60" [_thread_blocked, id=8580, stack(0x0000006090800000,0x0000006090900000)]

Other Threads:
  0x000001d0d9c15ad0 VMThread "VM Thread" [stack: 0x0000006088b00000,0x0000006088c00000] [id=17720]
  0x000001d0da8da8d0 WatcherThread [stack: 0x0000006089700000,0x0000006089800000] [id=11316]
  0x000001d0bf7ef810 GCTaskThread "GC Thread#0" [stack: 0x0000006088600000,0x0000006088700000] [id=24996]
  0x000001d0db332790 GCTaskThread "GC Thread#1" [stack: 0x0000006089900000,0x0000006089a00000] [id=25864]
  0x000001d0db332a40 GCTaskThread "GC Thread#2" [stack: 0x0000006089a00000,0x0000006089b00000] [id=12576]
  0x000001d0db43f090 GCTaskThread "GC Thread#3" [stack: 0x0000006089b00000,0x0000006089c00000] [id=19816]
  0x000001d0db43f750 GCTaskThread "GC Thread#4" [stack: 0x0000006089c00000,0x0000006089d00000] [id=14584]
  0x000001d0db43fa00 GCTaskThread "GC Thread#5" [stack: 0x0000006089d00000,0x0000006089e00000] [id=25848]
  0x000001d0bf7f5670 ConcurrentGCThread "G1 Main Marker" [stack: 0x0000006088700000,0x0000006088800000] [id=26504]
  0x000001d0bf7f5f90 ConcurrentGCThread "G1 Conc#0" [stack: 0x0000006088800000,0x0000006088900000] [id=19664]
  0x000001d0dbfd4020 ConcurrentGCThread "G1 Conc#1" [stack: 0x000000608b400000,0x000000608b500000] [id=7012]
  0x000001d0bf89eb10 ConcurrentGCThread "G1 Refine#0" [stack: 0x0000006088900000,0x0000006088a00000] [id=26992]
  0x000001d0dedcc480 ConcurrentGCThread "G1 Refine#1" [stack: 0x000000608ab00000,0x000000608ac00000] [id=27916]
  0x000001d0db470d00 ConcurrentGCThread "G1 Refine#2" [stack: 0x000000608eb00000,0x000000608ec00000] [id=14108]
  0x000001d0dbd4b850 ConcurrentGCThread "G1 Refine#3" [stack: 0x000000608ec00000,0x000000608ed00000] [id=19752]
  0x000001d0dbd4cc70 ConcurrentGCThread "G1 Refine#4" [stack: 0x000000608ee00000,0x000000608ef00000] [id=9860]
  0x000001d0dbd4afb0 ConcurrentGCThread "G1 Refine#5" [stack: 0x000000608ef00000,0x000000608f000000] [id=19188]
  0x000001d0d9ada630 ConcurrentGCThread "G1 Service" [stack: 0x0000006088a00000,0x0000006088b00000] [id=7692]

Threads with active compile tasks:
C2 CompilerThread0    40417 13905       4       io.spring.gradle.dependencymanagement.org.apache.maven.model.interpolation.StringSearchModelInterpolator$InterpolateObjectAction$StringField::doInterpolate (49 bytes)

VM state: not at safepoint (normal execution)

VM Mutex/Monitor currently owned by a thread: None

Heap address: 0x00000000e0000000, size: 512 MB, Compressed Oops mode: 32-bit

CDS archive(s) mapped at: [0x0000000800000000-0x0000000800bd0000-0x0000000800bd0000), size 12386304, SharedBaseAddress: 0x0000000800000000, ArchiveRelocationMode: 0.
Compressed class space mapped at: 0x0000000800c00000-0x000000080dc00000, reserved size: 218103808
Narrow klass base: 0x0000000800000000, Narrow klass shift: 0, Narrow klass range: 0x100000000

GC Precious Log:
 CPUs: 6 total, 6 available
 Memory: 16320M
 Large Page Support: Disabled
 NUMA Support: Disabled
 Compressed Oops: Enabled (32-bit)
 Heap Region Size: 1M
 Heap Min Capacity: 256M
 Heap Initial Capacity: 256M
 Heap Max Capacity: 512M
 Pre-touch: Disabled
 Parallel Workers: 6
 Concurrent Workers: 2
 Concurrent Refinement Workers: 6
 Periodic GC: Disabled

Heap:
 garbage-first heap   total 262144K, used 168504K [0x00000000e0000000, 0x0000000100000000)
  region size 1024K, 4 young (4096K), 2 survivors (2048K)
 Metaspace       used 122540K, committed 123392K, reserved 327680K
  class space    used 15890K, committed 16320K, reserved 212992K

Heap Regions: E=young(eden), S=young(survivor), O=old, HS=humongous(starts), HC=humongous(continues), CS=collection set, F=free, OA=open archive, CA=closed archive, TAMS=top-at-mark-start (previous, next)
|   0|0x00000000e0000000, 0x00000000e0100000, 0x00000000e0100000|100%|HS|  |TAMS 0x00000000e0100000, 0x00000000e0000000| Complete 
|   1|0x00000000e0100000, 0x00000000e0200000, 0x00000000e0200000|100%|HC|  |TAMS 0x00000000e0200000, 0x00000000e0100000| Complete 
|   2|0x00000000e0200000, 0x00000000e0300000, 0x00000000e0300000|100%|HC|  |TAMS 0x00000000e0300000, 0x00000000e0200000| Complete 
|   3|0x00000000e0300000, 0x00000000e0400000, 0x00000000e0400000|100%|HC|  |TAMS 0x00000000e0400000, 0x00000000e0300000| Complete 
|   4|0x00000000e0400000, 0x00000000e0500000, 0x00000000e0500000|100%| O|  |TAMS 0x00000000e0500000, 0x00000000e0400000| Untracked 
|   5|0x00000000e0500000, 0x00000000e0600000, 0x00000000e0600000|100%| O|  |TAMS 0x00000000e0600000, 0x00000000e0500000| Untracked 
|   6|0x00000000e0600000, 0x00000000e0700000, 0x00000000e0700000|100%| O|  |TAMS 0x00000000e0700000, 0x00000000e0600000| Untracked 
|   7|0x00000000e0700000, 0x00000000e0800000, 0x00000000e0800000|100%| O|  |TAMS 0x00000000e0800000, 0x00000000e0700000| Untracked 
|   8|0x00000000e0800000, 0x00000000e0900000, 0x00000000e0900000|100%| O|  |TAMS 0x00000000e0900000, 0x00000000e0800000| Untracked 
|   9|0x00000000e0900000, 0x00000000e0a00000, 0x00000000e0a00000|100%| O|  |TAMS 0x00000000e0a00000, 0x00000000e0900000| Untracked 
|  10|0x00000000e0a00000, 0x00000000e0b00000, 0x00000000e0b00000|100%| O|  |TAMS 0x00000000e0b00000, 0x00000000e0a00000| Untracked 
|  11|0x00000000e0b00000, 0x00000000e0c00000, 0x00000000e0c00000|100%|HS|  |TAMS 0x00000000e0c00000, 0x00000000e0b00000| Complete 
|  12|0x00000000e0c00000, 0x00000000e0d00000, 0x00000000e0d00000|100%|HS|  |TAMS 0x00000000e0d00000, 0x00000000e0c00000| Complete 
|  13|0x00000000e0d00000, 0x00000000e0e00000, 0x00000000e0e00000|100%|HC|  |TAMS 0x00000000e0e00000, 0x00000000e0d00000| Complete 
|  14|0x00000000e0e00000, 0x00000000e0f00000, 0x00000000e0f00000|100%|HS|  |TAMS 0x00000000e0f00000, 0x00000000e0e00000| Complete 
|  15|0x00000000e0f00000, 0x00000000e1000000, 0x00000000e1000000|100%|HC|  |TAMS 0x00000000e1000000, 0x00000000e0f00000| Complete 
|  16|0x00000000e1000000, 0x00000000e1100000, 0x00000000e1100000|100%|HC|  |TAMS 0x00000000e1100000, 0x00000000e1000000| Complete 
|  17|0x00000000e1100000, 0x00000000e1200000, 0x00000000e1200000|100%|HS|  |TAMS 0x00000000e1200000, 0x00000000e1100000| Complete 
|  18|0x00000000e1200000, 0x00000000e1300000, 0x00000000e1300000|100%|HS|  |TAMS 0x00000000e1300000, 0x00000000e1200000| Complete 
|  19|0x00000000e1300000, 0x00000000e1400000, 0x00000000e1400000|100%|HC|  |TAMS 0x00000000e1400000, 0x00000000e1300000| Complete 
|  20|0x00000000e1400000, 0x00000000e1500000, 0x00000000e1500000|100%|HC|  |TAMS 0x00000000e1500000, 0x00000000e1400000| Complete 
|  21|0x00000000e1500000, 0x00000000e1600000, 0x00000000e1600000|100%|HC|  |TAMS 0x00000000e1600000, 0x00000000e1500000| Complete 
|  22|0x00000000e1600000, 0x00000000e1700000, 0x00000000e1700000|100%|HS|  |TAMS 0x00000000e1700000, 0x00000000e1600000| Complete 
|  23|0x00000000e1700000, 0x00000000e1800000, 0x00000000e1800000|100%|HC|  |TAMS 0x00000000e1800000, 0x00000000e1700000| Complete 
|  24|0x00000000e1800000, 0x00000000e1900000, 0x00000000e1900000|100%|HC|  |TAMS 0x00000000e1900000, 0x00000000e1800000| Complete 
|  25|0x00000000e1900000, 0x00000000e1a00000, 0x00000000e1a00000|100%|HC|  |TAMS 0x00000000e1a00000, 0x00000000e1900000| Complete 
|  26|0x00000000e1a00000, 0x00000000e1b00000, 0x00000000e1b00000|100%|HC|  |TAMS 0x00000000e1b00000, 0x00000000e1a00000| Complete 
|  27|0x00000000e1b00000, 0x00000000e1c00000, 0x00000000e1c00000|100%|HS|  |TAMS 0x00000000e1c00000, 0x00000000e1b00000| Complete 
|  28|0x00000000e1c00000, 0x00000000e1d00000, 0x00000000e1d00000|100%| O|  |TAMS 0x00000000e1d00000, 0x00000000e1c00000| Untracked 
|  29|0x00000000e1d00000, 0x00000000e1e00000, 0x00000000e1e00000|100%| O|  |TAMS 0x00000000e1e00000, 0x00000000e1d00000| Untracked 
|  30|0x00000000e1e00000, 0x00000000e1f00000, 0x00000000e1f00000|100%| O|  |TAMS 0x00000000e1f00000, 0x00000000e1e00000| Untracked 
|  31|0x00000000e1f00000, 0x00000000e2000000, 0x00000000e2000000|100%| O|  |TAMS 0x00000000e2000000, 0x00000000e1f00000| Untracked 
|  32|0x00000000e2000000, 0x00000000e2100000, 0x00000000e2100000|100%| O|  |TAMS 0x00000000e2100000, 0x00000000e2000000| Untracked 
|  33|0x00000000e2100000, 0x00000000e2200000, 0x00000000e2200000|100%| O|  |TAMS 0x00000000e2200000, 0x00000000e2100000| Untracked 
|  34|0x00000000e2200000, 0x00000000e2300000, 0x00000000e2300000|100%| O|  |TAMS 0x00000000e2300000, 0x00000000e2200000| Untracked 
|  35|0x00000000e2300000, 0x00000000e2400000, 0x00000000e2400000|100%| O|  |TAMS 0x00000000e2400000, 0x00000000e2300000| Untracked 
|  36|0x00000000e2400000, 0x00000000e2500000, 0x00000000e2500000|100%| O|  |TAMS 0x00000000e2500000, 0x00000000e2400000| Untracked 
|  37|0x00000000e2500000, 0x00000000e2600000, 0x00000000e2600000|100%| O|  |TAMS 0x00000000e2600000, 0x00000000e2500000| Untracked 
|  38|0x00000000e2600000, 0x00000000e2700000, 0x00000000e2700000|100%| O|  |TAMS 0x00000000e2700000, 0x00000000e2600000| Untracked 
|  39|0x00000000e2700000, 0x00000000e2800000, 0x00000000e2800000|100%| O|  |TAMS 0x00000000e2800000, 0x00000000e2700000| Untracked 
|  40|0x00000000e2800000, 0x00000000e2900000, 0x00000000e2900000|100%| O|  |TAMS 0x00000000e2900000, 0x00000000e2800000| Untracked 
|  41|0x00000000e2900000, 0x00000000e2a00000, 0x00000000e2a00000|100%| O|  |TAMS 0x00000000e2a00000, 0x00000000e2900000| Untracked 
|  42|0x00000000e2a00000, 0x00000000e2b00000, 0x00000000e2b00000|100%|HS|  |TAMS 0x00000000e2a00000, 0x00000000e2a00000| Complete 
|  43|0x00000000e2b00000, 0x00000000e2c00000, 0x00000000e2c00000|100%|HS|  |TAMS 0x00000000e2c00000, 0x00000000e2b00000| Complete 
|  44|0x00000000e2c00000, 0x00000000e2d00000, 0x00000000e2d00000|100%|HC|  |TAMS 0x00000000e2d00000, 0x00000000e2c00000| Complete 
|  45|0x00000000e2d00000, 0x00000000e2e00000, 0x00000000e2e00000|100%|HC|  |TAMS 0x00000000e2e00000, 0x00000000e2d00000| Complete 
|  46|0x00000000e2e00000, 0x00000000e2f00000, 0x00000000e2f00000|100%|HS|  |TAMS 0x00000000e2f00000, 0x00000000e2e00000| Complete 
|  47|0x00000000e2f00000, 0x00000000e3000000, 0x00000000e3000000|100%|HC|  |TAMS 0x00000000e3000000, 0x00000000e2f00000| Complete 
|  48|0x00000000e3000000, 0x00000000e3100000, 0x00000000e3100000|100%|HC|  |TAMS 0x00000000e3100000, 0x00000000e3000000| Complete 
|  49|0x00000000e3100000, 0x00000000e3200000, 0x00000000e3200000|100%|HC|  |TAMS 0x00000000e3200000, 0x00000000e3100000| Complete 
|  50|0x00000000e3200000, 0x00000000e3300000, 0x00000000e3300000|100%|HC|  |TAMS 0x00000000e3300000, 0x00000000e3200000| Complete 
|  51|0x00000000e3300000, 0x00000000e3400000, 0x00000000e3400000|100%|HS|  |TAMS 0x00000000e3400000, 0x00000000e3300000| Complete 
|  52|0x00000000e3400000, 0x00000000e3500000, 0x00000000e3500000|100%|HC|  |TAMS 0x00000000e3500000, 0x00000000e3400000| Complete 
|  53|0x00000000e3500000, 0x00000000e3600000, 0x00000000e3600000|100%|HC|  |TAMS 0x00000000e3600000, 0x00000000e3500000| Complete 
|  54|0x00000000e3600000, 0x00000000e3700000, 0x00000000e3700000|100%|HC|  |TAMS 0x00000000e3700000, 0x00000000e3600000| Complete 
|  55|0x00000000e3700000, 0x00000000e3800000, 0x00000000e3800000|100%|HS|  |TAMS 0x00000000e3800000, 0x00000000e3700000| Complete 
|  56|0x00000000e3800000, 0x00000000e3900000, 0x00000000e3900000|100%|HC|  |TAMS 0x00000000e3900000, 0x00000000e3800000| Complete 
|  57|0x00000000e3900000, 0x00000000e3a00000, 0x00000000e3a00000|100%|HS|  |TAMS 0x00000000e3a00000, 0x00000000e3900000| Complete 
|  58|0x00000000e3a00000, 0x00000000e3b00000, 0x00000000e3b00000|100%|HC|  |TAMS 0x00000000e3b00000, 0x00000000e3a00000| Complete 
|  59|0x00000000e3b00000, 0x00000000e3c00000, 0x00000000e3c00000|100%|HC|  |TAMS 0x00000000e3c00000, 0x00000000e3b00000| Complete 
|  60|0x00000000e3c00000, 0x00000000e3d00000, 0x00000000e3d00000|100%|HC|  |TAMS 0x00000000e3d00000, 0x00000000e3c00000| Complete 
|  61|0x00000000e3d00000, 0x00000000e3e00000, 0x00000000e3e00000|100%| O|  |TAMS 0x00000000e3e00000, 0x00000000e3d00000| Untracked 
|  62|0x00000000e3e00000, 0x00000000e3f00000, 0x00000000e3f00000|100%| O|  |TAMS 0x00000000e3f00000, 0x00000000e3e00000| Untracked 
|  63|0x00000000e3f00000, 0x00000000e4000000, 0x00000000e4000000|100%| O|  |TAMS 0x00000000e4000000, 0x00000000e3f00000| Untracked 
|  64|0x00000000e4000000, 0x00000000e4100000, 0x00000000e4100000|100%| O|  |TAMS 0x00000000e4100000, 0x00000000e4000000| Untracked 
|  65|0x00000000e4100000, 0x00000000e4200000, 0x00000000e4200000|100%| O|  |TAMS 0x00000000e4200000, 0x00000000e4100000| Untracked 
|  66|0x00000000e4200000, 0x00000000e4300000, 0x00000000e4300000|100%| O|  |TAMS 0x00000000e4300000, 0x00000000e4200000| Untracked 
|  67|0x00000000e4300000, 0x00000000e4400000, 0x00000000e4400000|100%| O|  |TAMS 0x00000000e4400000, 0x00000000e4300000| Untracked 
|  68|0x00000000e4400000, 0x00000000e4500000, 0x00000000e4500000|100%| O|  |TAMS 0x00000000e4500000, 0x00000000e4400000| Untracked 
|  69|0x00000000e4500000, 0x00000000e4600000, 0x00000000e4600000|100%| O|  |TAMS 0x00000000e4600000, 0x00000000e4500000| Untracked 
|  70|0x00000000e4600000, 0x00000000e4700000, 0x00000000e4700000|100%| O|  |TAMS 0x00000000e4700000, 0x00000000e4600000| Untracked 
|  71|0x00000000e4700000, 0x00000000e4800000, 0x00000000e4800000|100%| O|  |TAMS 0x00000000e4800000, 0x00000000e4700000| Untracked 
|  72|0x00000000e4800000, 0x00000000e4900000, 0x00000000e4900000|100%| O|  |TAMS 0x00000000e4900000, 0x00000000e4800000| Untracked 
|  73|0x00000000e4900000, 0x00000000e4a00000, 0x00000000e4a00000|100%| O|  |TAMS 0x00000000e4a00000, 0x00000000e4900000| Untracked 
|  74|0x00000000e4a00000, 0x00000000e4b00000, 0x00000000e4b00000|100%| O|  |TAMS 0x00000000e4b00000, 0x00000000e4a00000| Untracked 
|  75|0x00000000e4b00000, 0x00000000e4c00000, 0x00000000e4c00000|100%| O|  |TAMS 0x00000000e4c00000, 0x00000000e4b00000| Untracked 
|  76|0x00000000e4c00000, 0x00000000e4d00000, 0x00000000e4d00000|100%| O|  |TAMS 0x00000000e4d00000, 0x00000000e4c00000| Untracked 
|  77|0x00000000e4d00000, 0x00000000e4e00000, 0x00000000e4e00000|100%|HS|  |TAMS 0x00000000e4e00000, 0x00000000e4d00000| Complete 
|  78|0x00000000e4e00000, 0x00000000e4f00000, 0x00000000e4f00000|100%|HC|  |TAMS 0x00000000e4f00000, 0x00000000e4e00000| Complete 
|  79|0x00000000e4f00000, 0x00000000e5000000, 0x00000000e5000000|100%|HC|  |TAMS 0x00000000e5000000, 0x00000000e4f00000| Complete 
|  80|0x00000000e5000000, 0x00000000e5100000, 0x00000000e5100000|100%|HC|  |TAMS 0x00000000e5100000, 0x00000000e5000000| Complete 
|  81|0x00000000e5100000, 0x00000000e5200000, 0x00000000e5200000|100%| O|  |TAMS 0x00000000e5200000, 0x00000000e5100000| Untracked 
|  82|0x00000000e5200000, 0x00000000e5300000, 0x00000000e5300000|100%| O|  |TAMS 0x00000000e5300000, 0x00000000e5200000| Untracked 
|  83|0x00000000e5300000, 0x00000000e5400000, 0x00000000e5400000|100%| O|  |TAMS 0x00000000e5400000, 0x00000000e5300000| Untracked 
|  84|0x00000000e5400000, 0x00000000e5500000, 0x00000000e5500000|100%| O|  |TAMS 0x00000000e5500000, 0x00000000e5400000| Untracked 
|  85|0x00000000e5500000, 0x00000000e5600000, 0x00000000e5600000|100%| O|  |TAMS 0x00000000e5600000, 0x00000000e5500000| Untracked 
|  86|0x00000000e5600000, 0x00000000e5700000, 0x00000000e5700000|100%| O|  |TAMS 0x00000000e5700000, 0x00000000e5600000| Untracked 
|  87|0x00000000e5700000, 0x00000000e5800000, 0x00000000e5800000|100%| O|  |TAMS 0x00000000e5700000, 0x00000000e5700000| Untracked 
|  88|0x00000000e5800000, 0x00000000e5900000, 0x00000000e5900000|100%| O|  |TAMS 0x00000000e5800000, 0x00000000e5800000| Untracked 
|  89|0x00000000e5900000, 0x00000000e5a00000, 0x00000000e5a00000|100%| O|  |TAMS 0x00000000e5900000, 0x00000000e5900000| Untracked 
|  90|0x00000000e5a00000, 0x00000000e5b00000, 0x00000000e5b00000|100%| O|  |TAMS 0x00000000e5a00000, 0x00000000e5a00000| Untracked 
|  91|0x00000000e5b00000, 0x00000000e5c00000, 0x00000000e5c00000|100%| O|  |TAMS 0x00000000e5b00000, 0x00000000e5b00000| Untracked 
|  92|0x00000000e5c00000, 0x00000000e5d00000, 0x00000000e5d00000|100%| O|  |TAMS 0x00000000e5c00000, 0x00000000e5c00000| Untracked 
|  93|0x00000000e5d00000, 0x00000000e5e00000, 0x00000000e5e00000|100%| O|  |TAMS 0x00000000e5e00000, 0x00000000e5d00000| Untracked 
|  94|0x00000000e5e00000, 0x00000000e5f00000, 0x00000000e5f00000|100%| O|  |TAMS 0x00000000e5f00000, 0x00000000e5e00000| Untracked 
|  95|0x00000000e5f00000, 0x00000000e6000000, 0x00000000e6000000|100%| O|  |TAMS 0x00000000e6000000, 0x00000000e5f00000| Untracked 
|  96|0x00000000e6000000, 0x00000000e6100000, 0x00000000e6100000|100%| O|  |TAMS 0x00000000e6100000, 0x00000000e6000000| Untracked 
|  97|0x00000000e6100000, 0x00000000e6200000, 0x00000000e6200000|100%| O|  |TAMS 0x00000000e6200000, 0x00000000e6100000| Untracked 
|  98|0x00000000e6200000, 0x00000000e6300000, 0x00000000e6300000|100%| O|  |TAMS 0x00000000e6300000, 0x00000000e6200000| Untracked 
|  99|0x00000000e6300000, 0x00000000e6400000, 0x00000000e6400000|100%| O|  |TAMS 0x00000000e6400000, 0x00000000e6300000| Untracked 
| 100|0x00000000e6400000, 0x00000000e6500000, 0x00000000e6500000|100%| O|  |TAMS 0x00000000e6500000, 0x00000000e6400000| Untracked 
| 101|0x00000000e6500000, 0x00000000e6600000, 0x00000000e6600000|100%| O|  |TAMS 0x00000000e6600000, 0x00000000e6500000| Untracked 
| 102|0x00000000e6600000, 0x00000000e6700000, 0x00000000e6700000|100%| O|  |TAMS 0x00000000e6700000, 0x00000000e6600000| Untracked 
| 103|0x00000000e6700000, 0x00000000e6800000, 0x00000000e6800000|100%| O|  |TAMS 0x00000000e6800000, 0x00000000e6700000| Untracked 
| 104|0x00000000e6800000, 0x00000000e6900000, 0x00000000e6900000|100%| O|  |TAMS 0x00000000e6900000, 0x00000000e6800000| Untracked 
| 105|0x00000000e6900000, 0x00000000e6a00000, 0x00000000e6a00000|100%| O|  |TAMS 0x00000000e6a00000, 0x00000000e6900000| Untracked 
| 106|0x00000000e6a00000, 0x00000000e6b00000, 0x00000000e6b00000|100%| O|  |TAMS 0x00000000e6b00000, 0x00000000e6a00000| Untracked 
| 107|0x00000000e6b00000, 0x00000000e6c00000, 0x00000000e6c00000|100%| O|  |TAMS 0x00000000e6c00000, 0x00000000e6b00000| Untracked 
| 108|0x00000000e6c00000, 0x00000000e6d00000, 0x00000000e6d00000|100%| O|  |TAMS 0x00000000e6d00000, 0x00000000e6c00000| Untracked 
| 109|0x00000000e6d00000, 0x00000000e6e00000, 0x00000000e6e00000|100%| O|  |TAMS 0x00000000e6e00000, 0x00000000e6d00000| Untracked 
| 110|0x00000000e6e00000, 0x00000000e6f00000, 0x00000000e6f00000|100%| O|  |TAMS 0x00000000e6f00000, 0x00000000e6e00000| Untracked 
| 111|0x00000000e6f00000, 0x00000000e7000000, 0x00000000e7000000|100%| O|  |TAMS 0x00000000e7000000, 0x00000000e6f00000| Untracked 
| 112|0x00000000e7000000, 0x00000000e7100000, 0x00000000e7100000|100%| O|  |TAMS 0x00000000e7100000, 0x00000000e7000000| Untracked 
| 113|0x00000000e7100000, 0x00000000e7200000, 0x00000000e7200000|100%| O|  |TAMS 0x00000000e7200000, 0x00000000e7100000| Untracked 
| 114|0x00000000e7200000, 0x00000000e7300000, 0x00000000e7300000|100%| O|  |TAMS 0x00000000e7300000, 0x00000000e7200000| Untracked 
| 115|0x00000000e7300000, 0x00000000e7400000, 0x00000000e7400000|100%| O|  |TAMS 0x00000000e7400000, 0x00000000e7300000| Untracked 
| 116|0x00000000e7400000, 0x00000000e7500000, 0x00000000e7500000|100%| O|  |TAMS 0x00000000e7500000, 0x00000000e7400000| Untracked 
| 117|0x00000000e7500000, 0x00000000e7600000, 0x00000000e7600000|100%| O|  |TAMS 0x00000000e7600000, 0x00000000e7500000| Untracked 
| 118|0x00000000e7600000, 0x00000000e7700000, 0x00000000e7700000|100%| O|  |TAMS 0x00000000e7700000, 0x00000000e7600000| Untracked 
| 119|0x00000000e7700000, 0x00000000e7800000, 0x00000000e7800000|100%| O|  |TAMS 0x00000000e7800000, 0x00000000e7700000| Untracked 
| 120|0x00000000e7800000, 0x00000000e7900000, 0x00000000e7900000|100%| O|  |TAMS 0x00000000e7900000, 0x00000000e7800000| Untracked 
| 121|0x00000000e7900000, 0x00000000e7a00000, 0x00000000e7a00000|100%| O|  |TAMS 0x00000000e7a00000, 0x00000000e7900000| Untracked 
| 122|0x00000000e7a00000, 0x00000000e7b00000, 0x00000000e7b00000|100%| O|  |TAMS 0x00000000e7b00000, 0x00000000e7a00000| Untracked 
| 123|0x00000000e7b00000, 0x00000000e7c00000, 0x00000000e7c00000|100%| O|  |TAMS 0x00000000e7c00000, 0x00000000e7b00000| Untracked 
| 124|0x00000000e7c00000, 0x00000000e7d00000, 0x00000000e7d00000|100%| O|  |TAMS 0x00000000e7d00000, 0x00000000e7c00000| Untracked 
| 125|0x00000000e7d00000, 0x00000000e7e00000, 0x00000000e7e00000|100%| O|  |TAMS 0x00000000e7e00000, 0x00000000e7d00000| Untracked 
| 126|0x00000000e7e00000, 0x00000000e7f00000, 0x00000000e7f00000|100%| O|  |TAMS 0x00000000e7f00000, 0x00000000e7e00000| Untracked 
| 127|0x00000000e7f00000, 0x00000000e8000000, 0x00000000e8000000|100%| O|  |TAMS 0x00000000e8000000, 0x00000000e7f00000| Untracked 
| 128|0x00000000e8000000, 0x00000000e8100000, 0x00000000e8100000|100%| O|  |TAMS 0x00000000e8100000, 0x00000000e8000000| Untracked 
| 129|0x00000000e8100000, 0x00000000e8200000, 0x00000000e8200000|100%| O|  |TAMS 0x00000000e8200000, 0x00000000e8100000| Untracked 
| 130|0x00000000e8200000, 0x00000000e8300000, 0x00000000e8300000|100%| O|  |TAMS 0x00000000e8300000, 0x00000000e8200000| Untracked 
| 131|0x00000000e8300000, 0x00000000e8400000, 0x00000000e8400000|100%| O|  |TAMS 0x00000000e8400000, 0x00000000e8300000| Untracked 
| 132|0x00000000e8400000, 0x00000000e8500000, 0x00000000e8500000|100%| O|  |TAMS 0x00000000e8500000, 0x00000000e8400000| Untracked 
| 133|0x00000000e8500000, 0x00000000e8600000, 0x00000000e8600000|100%| O|  |TAMS 0x00000000e8600000, 0x00000000e8500000| Untracked 
| 134|0x00000000e8600000, 0x00000000e8700000, 0x00000000e8700000|100%| O|  |TAMS 0x00000000e8700000, 0x00000000e8600000| Untracked 
| 135|0x00000000e8700000, 0x00000000e8800000, 0x00000000e8800000|100%| O|  |TAMS 0x00000000e8800000, 0x00000000e8700000| Untracked 
| 136|0x00000000e8800000, 0x00000000e8900000, 0x00000000e8900000|100%| O|  |TAMS 0x00000000e8900000, 0x00000000e8800000| Untracked 
| 137|0x00000000e8900000, 0x00000000e8a00000, 0x00000000e8a00000|100%| O|  |TAMS 0x00000000e8a00000, 0x00000000e8900000| Untracked 
| 138|0x00000000e8a00000, 0x00000000e8b00000, 0x00000000e8b00000|100%| O|  |TAMS 0x00000000e8b00000, 0x00000000e8a00000| Untracked 
| 139|0x00000000e8b00000, 0x00000000e8c00000, 0x00000000e8c00000|100%| O|  |TAMS 0x00000000e8c00000, 0x00000000e8b00000| Untracked 
| 140|0x00000000e8c00000, 0x00000000e8d00000, 0x00000000e8d00000|100%| O|  |TAMS 0x00000000e8d00000, 0x00000000e8c00000| Untracked 
| 141|0x00000000e8d00000, 0x00000000e8d00000, 0x00000000e8e00000|  0%| F|  |TAMS 0x00000000e8d00000, 0x00000000e8d00000| Untracked 
| 142|0x00000000e8e00000, 0x00000000e8f00000, 0x00000000e8f00000|100%|HS|  |TAMS 0x00000000e8e00000, 0x00000000e8e00000| Complete 
| 143|0x00000000e8f00000, 0x00000000e9000000, 0x00000000e9000000|100%|HC|  |TAMS 0x00000000e8f00000, 0x00000000e8f00000| Complete 
| 144|0x00000000e9000000, 0x00000000e9100000, 0x00000000e9100000|100%|HS|  |TAMS 0x00000000e9000000, 0x00000000e9000000| Complete 
| 145|0x00000000e9100000, 0x00000000e9200000, 0x00000000e9200000|100%|HC|  |TAMS 0x00000000e9100000, 0x00000000e9100000| Complete 
| 146|0x00000000e9200000, 0x00000000e9300000, 0x00000000e9300000|100%|HC|  |TAMS 0x00000000e9200000, 0x00000000e9200000| Complete 
| 147|0x00000000e9300000, 0x00000000e9400000, 0x00000000e9400000|100%|HS|  |TAMS 0x00000000e9300000, 0x00000000e9300000| Complete 
| 148|0x00000000e9400000, 0x00000000e9500000, 0x00000000e9500000|100%|HC|  |TAMS 0x00000000e9400000, 0x00000000e9400000| Complete 
| 149|0x00000000e9500000, 0x00000000e9600000, 0x00000000e9600000|100%|HC|  |TAMS 0x00000000e9500000, 0x00000000e9500000| Complete 
| 150|0x00000000e9600000, 0x00000000e9700000, 0x00000000e9700000|100%|HC|  |TAMS 0x00000000e9600000, 0x00000000e9600000| Complete 
| 151|0x00000000e9700000, 0x00000000e9800000, 0x00000000e9800000|100%|HS|  |TAMS 0x00000000e9700000, 0x00000000e9700000| Complete 
| 152|0x00000000e9800000, 0x00000000e9900000, 0x00000000e9900000|100%|HC|  |TAMS 0x00000000e9800000, 0x00000000e9800000| Complete 
| 153|0x00000000e9900000, 0x00000000e9a00000, 0x00000000e9a00000|100%|HC|  |TAMS 0x00000000e9900000, 0x00000000e9900000| Complete 
| 154|0x00000000e9a00000, 0x00000000e9b00000, 0x00000000e9b00000|100%|HC|  |TAMS 0x00000000e9a00000, 0x00000000e9a00000| Complete 
| 155|0x00000000e9b00000, 0x00000000e9c00000, 0x00000000e9c00000|100%|HC|  |TAMS 0x00000000e9b00000, 0x00000000e9b00000| Complete 
| 156|0x00000000e9c00000, 0x00000000e9d00000, 0x00000000e9d00000|100%| O|  |TAMS 0x00000000e9c00000, 0x00000000e9c00000| Untracked 
| 157|0x00000000e9d00000, 0x00000000e9e00000, 0x00000000e9e00000|100%| O|  |TAMS 0x00000000e9d00000, 0x00000000e9d00000| Untracked 
| 158|0x00000000e9e00000, 0x00000000e9f00000, 0x00000000e9f00000|100%| O|  |TAMS 0x00000000e9e00000, 0x00000000e9e00000| Untracked 
| 159|0x00000000e9f00000, 0x00000000ea000000, 0x00000000ea000000|100%| O|  |TAMS 0x00000000e9f00000, 0x00000000e9f00000| Untracked 
| 160|0x00000000ea000000, 0x00000000ea100000, 0x00000000ea100000|100%| O|  |TAMS 0x00000000ea000000, 0x00000000ea000000| Untracked 
| 161|0x00000000ea100000, 0x00000000ea200000, 0x00000000ea200000|100%| O|  |TAMS 0x00000000ea100000, 0x00000000ea100000| Untracked 
| 162|0x00000000ea200000, 0x00000000ea300000, 0x00000000ea300000|100%| O|  |TAMS 0x00000000ea200000, 0x00000000ea200000| Untracked 
| 163|0x00000000ea300000, 0x00000000ea35ea00, 0x00000000ea400000| 36%| O|  |TAMS 0x00000000ea300000, 0x00000000ea300000| Untracked 
| 164|0x00000000ea400000, 0x00000000ea400000, 0x00000000ea500000|  0%| F|  |TAMS 0x00000000ea400000, 0x00000000ea400000| Untracked 
| 165|0x00000000ea500000, 0x00000000ea500000, 0x00000000ea600000|  0%| F|  |TAMS 0x00000000ea500000, 0x00000000ea500000| Untracked 
| 166|0x00000000ea600000, 0x00000000ea600000, 0x00000000ea700000|  0%| F|  |TAMS 0x00000000ea600000, 0x00000000ea600000| Untracked 
| 167|0x00000000ea700000, 0x00000000ea700000, 0x00000000ea800000|  0%| F|  |TAMS 0x00000000ea700000, 0x00000000ea700000| Untracked 
| 168|0x00000000ea800000, 0x00000000ea800000, 0x00000000ea900000|  0%| F|  |TAMS 0x00000000ea800000, 0x00000000ea800000| Untracked 
| 169|0x00000000ea900000, 0x00000000ea900000, 0x00000000eaa00000|  0%| F|  |TAMS 0x00000000ea900000, 0x00000000ea900000| Untracked 
| 170|0x00000000eaa00000, 0x00000000eaa00000, 0x00000000eab00000|  0%| F|  |TAMS 0x00000000eaa00000, 0x00000000eaa00000| Untracked 
| 171|0x00000000eab00000, 0x00000000eab00000, 0x00000000eac00000|  0%| F|  |TAMS 0x00000000eab00000, 0x00000000eab00000| Untracked 
| 172|0x00000000eac00000, 0x00000000eac00000, 0x00000000ead00000|  0%| F|  |TAMS 0x00000000eac00000, 0x00000000eac00000| Untracked 
| 173|0x00000000ead00000, 0x00000000ead00000, 0x00000000eae00000|  0%| F|  |TAMS 0x00000000ead00000, 0x00000000ead00000| Untracked 
| 174|0x00000000eae00000, 0x00000000eae00000, 0x00000000eaf00000|  0%| F|  |TAMS 0x00000000eae00000, 0x00000000eae00000| Untracked 
| 175|0x00000000eaf00000, 0x00000000eaf00000, 0x00000000eb000000|  0%| F|  |TAMS 0x00000000eaf00000, 0x00000000eaf00000| Untracked 
| 176|0x00000000eb000000, 0x00000000eb000000, 0x00000000eb100000|  0%| F|  |TAMS 0x00000000eb000000, 0x00000000eb000000| Untracked 
| 177|0x00000000eb100000, 0x00000000eb100000, 0x00000000eb200000|  0%| F|  |TAMS 0x00000000eb100000, 0x00000000eb100000| Untracked 
| 178|0x00000000eb200000, 0x00000000eb200000, 0x00000000eb300000|  0%| F|  |TAMS 0x00000000eb200000, 0x00000000eb200000| Untracked 
| 179|0x00000000eb300000, 0x00000000eb300000, 0x00000000eb400000|  0%| F|  |TAMS 0x00000000eb300000, 0x00000000eb300000| Untracked 
| 180|0x00000000eb400000, 0x00000000eb400000, 0x00000000eb500000|  0%| F|  |TAMS 0x00000000eb400000, 0x00000000eb400000| Untracked 
| 181|0x00000000eb500000, 0x00000000eb500000, 0x00000000eb600000|  0%| F|  |TAMS 0x00000000eb500000, 0x00000000eb500000| Untracked 
| 182|0x00000000eb600000, 0x00000000eb600000, 0x00000000eb700000|  0%| F|  |TAMS 0x00000000eb600000, 0x00000000eb600000| Untracked 
| 183|0x00000000eb700000, 0x00000000eb700000, 0x00000000eb800000|  0%| F|  |TAMS 0x00000000eb700000, 0x00000000eb700000| Untracked 
| 184|0x00000000eb800000, 0x00000000eb800000, 0x00000000eb900000|  0%| F|  |TAMS 0x00000000eb800000, 0x00000000eb800000| Untracked 
| 185|0x00000000eb900000, 0x00000000eb900000, 0x00000000eba00000|  0%| F|  |TAMS 0x00000000eb900000, 0x00000000eb900000| Untracked 
| 186|0x00000000eba00000, 0x00000000eba00000, 0x00000000ebb00000|  0%| F|  |TAMS 0x00000000eba00000, 0x00000000eba00000| Untracked 
| 187|0x00000000ebb00000, 0x00000000ebb00000, 0x00000000ebc00000|  0%| F|  |TAMS 0x00000000ebb00000, 0x00000000ebb00000| Untracked 
| 188|0x00000000ebc00000, 0x00000000ebc00000, 0x00000000ebd00000|  0%| F|  |TAMS 0x00000000ebc00000, 0x00000000ebc00000| Untracked 
| 189|0x00000000ebd00000, 0x00000000ebd00000, 0x00000000ebe00000|  0%| F|  |TAMS 0x00000000ebd00000, 0x00000000ebd00000| Untracked 
| 190|0x00000000ebe00000, 0x00000000ebe00000, 0x00000000ebf00000|  0%| F|  |TAMS 0x00000000ebe00000, 0x00000000ebe00000| Untracked 
| 191|0x00000000ebf00000, 0x00000000ebf00000, 0x00000000ec000000|  0%| F|  |TAMS 0x00000000ebf00000, 0x00000000ebf00000| Untracked 
| 192|0x00000000ec000000, 0x00000000ec000000, 0x00000000ec100000|  0%| F|  |TAMS 0x00000000ec000000, 0x00000000ec000000| Untracked 
| 193|0x00000000ec100000, 0x00000000ec100000, 0x00000000ec200000|  0%| F|  |TAMS 0x00000000ec100000, 0x00000000ec100000| Untracked 
| 194|0x00000000ec200000, 0x00000000ec200000, 0x00000000ec300000|  0%| F|  |TAMS 0x00000000ec200000, 0x00000000ec200000| Untracked 
| 195|0x00000000ec300000, 0x00000000ec300000, 0x00000000ec400000|  0%| F|  |TAMS 0x00000000ec300000, 0x00000000ec300000| Untracked 
| 196|0x00000000ec400000, 0x00000000ec400000, 0x00000000ec500000|  0%| F|  |TAMS 0x00000000ec400000, 0x00000000ec400000| Untracked 
| 197|0x00000000ec500000, 0x00000000ec500000, 0x00000000ec600000|  0%| F|  |TAMS 0x00000000ec500000, 0x00000000ec500000| Untracked 
| 198|0x00000000ec600000, 0x00000000ec600000, 0x00000000ec700000|  0%| F|  |TAMS 0x00000000ec600000, 0x00000000ec600000| Untracked 
| 199|0x00000000ec700000, 0x00000000ec700000, 0x00000000ec800000|  0%| F|  |TAMS 0x00000000ec700000, 0x00000000ec700000| Untracked 
| 200|0x00000000ec800000, 0x00000000ec800000, 0x00000000ec900000|  0%| F|  |TAMS 0x00000000ec800000, 0x00000000ec800000| Untracked 
| 201|0x00000000ec900000, 0x00000000ec900000, 0x00000000eca00000|  0%| F|  |TAMS 0x00000000ec900000, 0x00000000ec900000| Untracked 
| 202|0x00000000eca00000, 0x00000000eca00000, 0x00000000ecb00000|  0%| F|  |TAMS 0x00000000eca00000, 0x00000000eca00000| Untracked 
| 203|0x00000000ecb00000, 0x00000000ecb00000, 0x00000000ecc00000|  0%| F|  |TAMS 0x00000000ecb00000, 0x00000000ecb00000| Untracked 
| 204|0x00000000ecc00000, 0x00000000ecc00000, 0x00000000ecd00000|  0%| F|  |TAMS 0x00000000ecc00000, 0x00000000ecc00000| Untracked 
| 205|0x00000000ecd00000, 0x00000000ecd00000, 0x00000000ece00000|  0%| F|  |TAMS 0x00000000ecd00000, 0x00000000ecd00000| Untracked 
| 206|0x00000000ece00000, 0x00000000ece00000, 0x00000000ecf00000|  0%| F|  |TAMS 0x00000000ece00000, 0x00000000ece00000| Untracked 
| 207|0x00000000ecf00000, 0x00000000ecf00000, 0x00000000ed000000|  0%| F|  |TAMS 0x00000000ecf00000, 0x00000000ecf00000| Untracked 
| 208|0x00000000ed000000, 0x00000000ed000000, 0x00000000ed100000|  0%| F|  |TAMS 0x00000000ed000000, 0x00000000ed000000| Untracked 
| 209|0x00000000ed100000, 0x00000000ed100000, 0x00000000ed200000|  0%| F|  |TAMS 0x00000000ed100000, 0x00000000ed100000| Untracked 
| 210|0x00000000ed200000, 0x00000000ed200000, 0x00000000ed300000|  0%| F|  |TAMS 0x00000000ed200000, 0x00000000ed200000| Untracked 
| 211|0x00000000ed300000, 0x00000000ed300000, 0x00000000ed400000|  0%| F|  |TAMS 0x00000000ed300000, 0x00000000ed300000| Untracked 
| 212|0x00000000ed400000, 0x00000000ed400000, 0x00000000ed500000|  0%| F|  |TAMS 0x00000000ed400000, 0x00000000ed400000| Untracked 
| 213|0x00000000ed500000, 0x00000000ed500000, 0x00000000ed600000|  0%| F|  |TAMS 0x00000000ed500000, 0x00000000ed500000| Untracked 
| 214|0x00000000ed600000, 0x00000000ed600000, 0x00000000ed700000|  0%| F|  |TAMS 0x00000000ed600000, 0x00000000ed600000| Untracked 
| 215|0x00000000ed700000, 0x00000000ed700000, 0x00000000ed800000|  0%| F|  |TAMS 0x00000000ed700000, 0x00000000ed700000| Untracked 
| 216|0x00000000ed800000, 0x00000000ed800000, 0x00000000ed900000|  0%| F|  |TAMS 0x00000000ed800000, 0x00000000ed800000| Untracked 
| 217|0x00000000ed900000, 0x00000000ed900000, 0x00000000eda00000|  0%| F|  |TAMS 0x00000000ed900000, 0x00000000ed900000| Untracked 
| 218|0x00000000eda00000, 0x00000000eda00000, 0x00000000edb00000|  0%| F|  |TAMS 0x00000000eda00000, 0x00000000eda00000| Untracked 
| 219|0x00000000edb00000, 0x00000000edb00000, 0x00000000edc00000|  0%| F|  |TAMS 0x00000000edb00000, 0x00000000edb00000| Untracked 
| 220|0x00000000edc00000, 0x00000000edc00000, 0x00000000edd00000|  0%| F|  |TAMS 0x00000000edc00000, 0x00000000edc00000| Untracked 
| 221|0x00000000edd00000, 0x00000000edd00000, 0x00000000ede00000|  0%| F|  |TAMS 0x00000000edd00000, 0x00000000edd00000| Untracked 
| 222|0x00000000ede00000, 0x00000000ede00000, 0x00000000edf00000|  0%| F|  |TAMS 0x00000000ede00000, 0x00000000ede00000| Untracked 
| 223|0x00000000edf00000, 0x00000000edf00000, 0x00000000ee000000|  0%| F|  |TAMS 0x00000000edf00000, 0x00000000edf00000| Untracked 
| 224|0x00000000ee000000, 0x00000000ee000000, 0x00000000ee100000|  0%| F|  |TAMS 0x00000000ee000000, 0x00000000ee000000| Untracked 
| 225|0x00000000ee100000, 0x00000000ee100000, 0x00000000ee200000|  0%| F|  |TAMS 0x00000000ee100000, 0x00000000ee100000| Untracked 
| 226|0x00000000ee200000, 0x00000000ee200000, 0x00000000ee300000|  0%| F|  |TAMS 0x00000000ee200000, 0x00000000ee200000| Untracked 
| 227|0x00000000ee300000, 0x00000000ee300000, 0x00000000ee400000|  0%| F|  |TAMS 0x00000000ee300000, 0x00000000ee300000| Untracked 
| 228|0x00000000ee400000, 0x00000000ee400000, 0x00000000ee500000|  0%| F|  |TAMS 0x00000000ee400000, 0x00000000ee400000| Untracked 
| 229|0x00000000ee500000, 0x00000000ee500000, 0x00000000ee600000|  0%| F|  |TAMS 0x00000000ee500000, 0x00000000ee500000| Untracked 
| 230|0x00000000ee600000, 0x00000000ee600000, 0x00000000ee700000|  0%| F|  |TAMS 0x00000000ee600000, 0x00000000ee600000| Untracked 
| 231|0x00000000ee700000, 0x00000000ee700000, 0x00000000ee800000|  0%| F|  |TAMS 0x00000000ee700000, 0x00000000ee700000| Untracked 
| 232|0x00000000ee800000, 0x00000000ee800000, 0x00000000ee900000|  0%| F|  |TAMS 0x00000000ee800000, 0x00000000ee800000| Untracked 
| 233|0x00000000ee900000, 0x00000000ee900000, 0x00000000eea00000|  0%| F|  |TAMS 0x00000000ee900000, 0x00000000ee900000| Untracked 
| 234|0x00000000eea00000, 0x00000000eea00000, 0x00000000eeb00000|  0%| F|  |TAMS 0x00000000eea00000, 0x00000000eea00000| Untracked 
| 235|0x00000000eeb00000, 0x00000000eeb00000, 0x00000000eec00000|  0%| F|  |TAMS 0x00000000eeb00000, 0x00000000eeb00000| Untracked 
| 236|0x00000000eec00000, 0x00000000eec00000, 0x00000000eed00000|  0%| F|  |TAMS 0x00000000eec00000, 0x00000000eec00000| Untracked 
| 237|0x00000000eed00000, 0x00000000eed00000, 0x00000000eee00000|  0%| F|  |TAMS 0x00000000eed00000, 0x00000000eed00000| Untracked 
| 238|0x00000000eee00000, 0x00000000eee00000, 0x00000000eef00000|  0%| F|  |TAMS 0x00000000eee00000, 0x00000000eee00000| Untracked 
| 239|0x00000000eef00000, 0x00000000eef00000, 0x00000000ef000000|  0%| F|  |TAMS 0x00000000eef00000, 0x00000000eef00000| Untracked 
| 240|0x00000000ef000000, 0x00000000ef000000, 0x00000000ef100000|  0%| F|  |TAMS 0x00000000ef000000, 0x00000000ef000000| Untracked 
| 241|0x00000000ef100000, 0x00000000ef100000, 0x00000000ef200000|  0%| F|  |TAMS 0x00000000ef100000, 0x00000000ef100000| Untracked 
| 242|0x00000000ef200000, 0x00000000ef200000, 0x00000000ef300000|  0%| F|  |TAMS 0x00000000ef200000, 0x00000000ef200000| Untracked 
| 243|0x00000000ef300000, 0x00000000ef300000, 0x00000000ef400000|  0%| F|  |TAMS 0x00000000ef300000, 0x00000000ef300000| Untracked 
| 244|0x00000000ef400000, 0x00000000ef400000, 0x00000000ef500000|  0%| F|  |TAMS 0x00000000ef400000, 0x00000000ef400000| Untracked 
| 245|0x00000000ef500000, 0x00000000ef500000, 0x00000000ef600000|  0%| F|  |TAMS 0x00000000ef500000, 0x00000000ef500000| Untracked 
| 246|0x00000000ef600000, 0x00000000ef600000, 0x00000000ef700000|  0%| F|  |TAMS 0x00000000ef600000, 0x00000000ef600000| Untracked 
| 247|0x00000000ef700000, 0x00000000ef700000, 0x00000000ef800000|  0%| F|  |TAMS 0x00000000ef700000, 0x00000000ef700000| Untracked 
| 248|0x00000000ef800000, 0x00000000ef800000, 0x00000000ef900000|  0%| F|  |TAMS 0x00000000ef800000, 0x00000000ef800000| Untracked 
| 249|0x00000000ef900000, 0x00000000ef900000, 0x00000000efa00000|  0%| F|  |TAMS 0x00000000ef900000, 0x00000000ef900000| Untracked 
| 250|0x00000000efa00000, 0x00000000efa00000, 0x00000000efb00000|  0%| F|  |TAMS 0x00000000efa00000, 0x00000000efa00000| Untracked 
| 251|0x00000000efb00000, 0x00000000efb93c68, 0x00000000efc00000| 57%| E|  |TAMS 0x00000000efb00000, 0x00000000efb00000| Complete 
| 252|0x00000000efc00000, 0x00000000efc2f6d0, 0x00000000efd00000| 18%| S|CS|TAMS 0x00000000efc00000, 0x00000000efc00000| Complete 
| 253|0x00000000efd00000, 0x00000000efe00000, 0x00000000efe00000|100%| S|CS|TAMS 0x00000000efd00000, 0x00000000efd00000| Complete 
| 254|0x00000000efe00000, 0x00000000eff00000, 0x00000000eff00000|100%| E|CS|TAMS 0x00000000efe00000, 0x00000000efe00000| Complete 
| 255|0x00000000eff00000, 0x00000000f0000000, 0x00000000f0000000|100%| E|CS|TAMS 0x00000000eff00000, 0x00000000eff00000| Complete 

Card table byte_map: [0x000001d0d6250000,0x000001d0d6350000] _byte_map_base: 0x000001d0d5b50000

Marking Bits (Prev, Next): (CMBitMap*) 0x000001d0bf7f0d40, (CMBitMap*) 0x000001d0bf7f0d80
 Prev Bits: [0x000001d0d6450000, 0x000001d0d6c50000)
 Next Bits: [0x000001d0d6c50000, 0x000001d0d7450000)

Polling page: 0x000001d0bd730000

Metaspace:

Usage:
  Non-class:    104.15 MB used.
      Class:     15.52 MB used.
       Both:    119.67 MB used.

Virtual space:
  Non-class space:      112.00 MB reserved,     104.56 MB ( 93%) committed,  14 nodes.
      Class space:      208.00 MB reserved,      15.94 MB (  8%) committed,  1 nodes.
             Both:      320.00 MB reserved,     120.50 MB ( 38%) committed. 

Chunk freelists:
   Non-Class:  2.56 MB
       Class:  3.93 MB
        Both:  6.50 MB

MaxMetaspaceSize: 256.00 MB
CompressedClassSpaceSize: 208.00 MB
Initial GC threshold: 21.00 MB
Current GC threshold: 190.75 MB
CDS: on
MetaspaceReclaimPolicy: balanced
 - commit_granule_bytes: 65536.
 - commit_granule_words: 8192.
 - virtual_space_node_default_size: 1048576.
 - enlarge_chunks_in_place: 1.
 - new_chunks_are_fully_committed: 0.
 - uncommit_free_chunks: 1.
 - use_allocation_guard: 0.
 - handle_deallocations: 1.


Internal statistics:

num_allocs_failed_limit: 9.
num_arena_births: 1098.
num_arena_deaths: 0.
num_vsnodes_births: 15.
num_vsnodes_deaths: 0.
num_space_committed: 1926.
num_space_uncommitted: 0.
num_chunks_returned_to_freelist: 9.
num_chunks_taken_from_freelist: 5722.
num_chunk_merges: 9.
num_chunk_splits: 4233.
num_chunks_enlarged: 3264.
num_purges: 0.
num_inconsistent_stats: 0.

CodeHeap 'non-profiled nmethods': size=120000Kb used=6407Kb max_used=6842Kb free=113592Kb
 bounds [0x000001d0ceb10000, 0x000001d0cf1c0000, 0x000001d0d6040000]
CodeHeap 'profiled nmethods': size=120000Kb used=24388Kb max_used=26285Kb free=95611Kb
 bounds [0x000001d0c75e0000, 0x000001d0c8fa0000, 0x000001d0ceb10000]
CodeHeap 'non-nmethods': size=5760Kb used=2529Kb max_used=2597Kb free=3230Kb
 bounds [0x000001d0c7040000, 0x000001d0c72e0000, 0x000001d0c75e0000]
 total_blobs=12872 nmethods=11781 adapters=1001
 compilation: enabled
              stopped_count=0, restarted_count=0
 full_count=0

Compilation events (20 events):
Event: 40.377 Thread 0x000001d0d9c3f050 13964       3       io.spring.gradle.dependencymanagement.internal.properties.ProjectPropertySource::getProperty (46 bytes)
Event: 40.378 Thread 0x000001d0d9c3f050 nmethod 13964 0x000001d0c7970d10 code [0x000001d0c7970f40, 0x000001d0c79717b8]
Event: 40.378 Thread 0x000001d0d9c3f050 13967       3       io.spring.gradle.dependencymanagement.org.apache.maven.model.merge.MavenModelMerger::getPluginKey (5 bytes)
Event: 40.378 Thread 0x000001d0d9c3f050 nmethod 13967 0x000001d0c7b62590 code [0x000001d0c7b627a0, 0x000001d0c7b62c88]
Event: 40.378 Thread 0x000001d0d9c3f050 13965       3       io.spring.gradle.dependencymanagement.org.codehaus.plexus.interpolation.PropertiesBasedValueSource::getValue (20 bytes)
Event: 40.378 Thread 0x000001d0d9c3f050 nmethod 13965 0x000001d0c81e1510 code [0x000001d0c81e16c0, 0x000001d0c81e18e8]
Event: 40.378 Thread 0x000001d0d9c3f050 13969       3       io.spring.gradle.dependencymanagement.org.codehaus.plexus.util.StringUtils::isNotEmpty (17 bytes)
Event: 40.378 Thread 0x000001d0d9c3f050 nmethod 13969 0x000001d0c7d03b90 code [0x000001d0c7d03d40, 0x000001d0c7d03f98]
Event: 40.378 Thread 0x000001d0d9c3f050 13966       3       org.gradle.internal.classpath.AccessTrackingProperties::getProperty (7 bytes)
Event: 40.378 Thread 0x000001d0d9c3f050 nmethod 13966 0x000001d0c7b5e110 code [0x000001d0c7b5e300, 0x000001d0c7b5e978]
Event: 40.381 Thread 0x000001d0d9c3f050 13970       3       java.net.URI$Parser::scan (23 bytes)
Event: 40.381 Thread 0x000001d0d9c3f050 nmethod 13970 0x000001d0c7987090 code [0x000001d0c79872a0, 0x000001d0c7987938]
Event: 40.383 Thread 0x000001d0d9c3f050 13971       3       org.gradle.internal.action.InstantiatingAction::<init> (38 bytes)
Event: 40.383 Thread 0x000001d0d9c3f050 nmethod 13971 0x000001d0c7df7b10 code [0x000001d0c7df7ce0, 0x000001d0c7df8188]
Event: 40.384 Thread 0x000001d0d9c3f050 13972       3       org.gradle.internal.component.external.model.AbstractRealisedModuleResolveMetadataSerializationHelper::readMavenExcludes (65 bytes)
Event: 40.384 Thread 0x000001d0d9c3f050 nmethod 13972 0x000001d0c7982010 code [0x000001d0c7982260, 0x000001d0c7982d08]
Event: 40.384 Thread 0x000001d0d9c3f050 13973       1       com.google.common.base.Present::isPresent (2 bytes)
Event: 40.385 Thread 0x000001d0d9c3f050 nmethod 13973 0x000001d0cebf2e10 code [0x000001d0cebf2fa0, 0x000001d0cebf3078]
Event: 40.386 Thread 0x000001d0d9c3f050 13974       3       com.google.common.collect.Sets::newLinkedHashSet (8 bytes)
Event: 40.386 Thread 0x000001d0d9c3f050 nmethod 13974 0x000001d0c7eecb90 code [0x000001d0c7eecd60, 0x000001d0c7eecf68]

GC Heap History (20 events):
Event: 25.109 GC heap before
{Heap before GC invocations=11 (full 0):
 garbage-first heap   total 262144K, used 204043K [0x00000000e0000000, 0x0000000100000000)
  region size 1024K, 96 young (98304K), 14 survivors (14336K)
 Metaspace       used 87116K, committed 87872K, reserved 294912K
  class space    used 11860K, committed 12224K, reserved 212992K
}
Event: 25.116 GC heap after
{Heap after GC invocations=12 (full 0):
 garbage-first heap   total 262144K, used 127829K [0x00000000e0000000, 0x0000000100000000)
  region size 1024K, 7 young (7168K), 7 survivors (7168K)
 Metaspace       used 87116K, committed 87872K, reserved 294912K
  class space    used 11860K, committed 12224K, reserved 212992K
}
Event: 25.265 GC heap before
{Heap before GC invocations=12 (full 0):
 garbage-first heap   total 262144K, used 142165K [0x00000000e0000000, 0x0000000100000000)
  region size 1024K, 22 young (22528K), 7 survivors (7168K)
 Metaspace       used 89146K, committed 89920K, reserved 294912K
  class space    used 12127K, committed 12544K, reserved 212992K
}
Event: 25.269 GC heap after
{Heap after GC invocations=13 (full 0):
 garbage-first heap   total 262144K, used 128120K [0x00000000e0000000, 0x0000000100000000)
  region size 1024K, 7 young (7168K), 7 survivors (7168K)
 Metaspace       used 89146K, committed 89920K, reserved 294912K
  class space    used 12127K, committed 12544K, reserved 212992K
}
Event: 25.773 GC heap before
{Heap before GC invocations=14 (full 0):
 garbage-first heap   total 262144K, used 213112K [0x00000000e0000000, 0x0000000100000000)
  region size 1024K, 89 young (91136K), 7 survivors (7168K)
 Metaspace       used 92224K, committed 93056K, reserved 294912K
  class space    used 12479K, committed 12864K, reserved 212992K
}
Event: 25.779 GC heap after
{Heap after GC invocations=15 (full 0):
 garbage-first heap   total 262144K, used 133942K [0x00000000e0000000, 0x0000000100000000)
  region size 1024K, 7 young (7168K), 7 survivors (7168K)
 Metaspace       used 92224K, committed 93056K, reserved 294912K
  class space    used 12479K, committed 12864K, reserved 212992K
}
Event: 25.837 GC heap before
{Heap before GC invocations=15 (full 0):
 garbage-first heap   total 262144K, used 139062K [0x00000000e0000000, 0x0000000100000000)
  region size 1024K, 12 young (12288K), 7 survivors (7168K)
 Metaspace       used 92779K, committed 93568K, reserved 294912K
  class space    used 12542K, committed 12928K, reserved 212992K
}
Event: 25.841 GC heap after
{Heap after GC invocations=16 (full 0):
 garbage-first heap   total 262144K, used 134514K [0x00000000e0000000, 0x0000000100000000)
  region size 1024K, 2 young (2048K), 2 survivors (2048K)
 Metaspace       used 92779K, committed 93568K, reserved 294912K
  class space    used 12542K, committed 12928K, reserved 212992K
}
Event: 26.726 GC heap before
{Heap before GC invocations=16 (full 0):
 garbage-first heap   total 262144K, used 214386K [0x00000000e0000000, 0x0000000100000000)
  region size 1024K, 80 young (81920K), 2 survivors (2048K)
 Metaspace       used 98615K, committed 99392K, reserved 303104K
  class space    used 13108K, committed 13504K, reserved 212992K
}
Event: 26.731 GC heap after
{Heap after GC invocations=17 (full 0):
 garbage-first heap   total 262144K, used 141898K [0x00000000e0000000, 0x0000000100000000)
  region size 1024K, 9 young (9216K), 9 survivors (9216K)
 Metaspace       used 98615K, committed 99392K, reserved 303104K
  class space    used 13108K, committed 13504K, reserved 212992K
}
Event: 27.489 GC heap before
{Heap before GC invocations=18 (full 0):
 garbage-first heap   total 262144K, used 213578K [0x00000000e0000000, 0x0000000100000000)
  region size 1024K, 79 young (80896K), 9 survivors (9216K)
 Metaspace       used 109647K, committed 110464K, reserved 311296K
  class space    used 14365K, committed 14784K, reserved 212992K
}
Event: 27.494 GC heap after
{Heap after GC invocations=19 (full 0):
 garbage-first heap   total 262144K, used 144624K [0x00000000e0000000, 0x0000000100000000)
  region size 1024K, 3 young (3072K), 3 survivors (3072K)
 Metaspace       used 109647K, committed 110464K, reserved 311296K
  class space    used 14365K, committed 14784K, reserved 212992K
}
Event: 27.627 GC heap before
{Heap before GC invocations=19 (full 0):
 garbage-first heap   total 262144K, used 152816K [0x00000000e0000000, 0x0000000100000000)
  region size 1024K, 12 young (12288K), 3 survivors (3072K)
 Metaspace       used 111190K, committed 112000K, reserved 311296K
  class space    used 14501K, committed 14912K, reserved 212992K
}
Event: 27.629 GC heap after
{Heap after GC invocations=20 (full 0):
 garbage-first heap   total 262144K, used 145261K [0x00000000e0000000, 0x0000000100000000)
  region size 1024K, 1 young (1024K), 1 survivors (1024K)
 Metaspace       used 111190K, committed 112000K, reserved 311296K
  class space    used 14501K, committed 14912K, reserved 212992K
}
Event: 37.329 GC heap before
{Heap before GC invocations=20 (full 0):
 garbage-first heap   total 262144K, used 216941K [0x00000000e0000000, 0x0000000100000000)
  region size 1024K, 72 young (73728K), 1 survivors (1024K)
 Metaspace       used 116366K, committed 117184K, reserved 319488K
  class space    used 15030K, committed 15424K, reserved 212992K
}
Event: 37.332 GC heap after
{Heap after GC invocations=21 (full 0):
 garbage-first heap   total 262144K, used 148317K [0x00000000e0000000, 0x0000000100000000)
  region size 1024K, 4 young (4096K), 4 survivors (4096K)
 Metaspace       used 116366K, committed 117184K, reserved 319488K
  class space    used 15030K, committed 15424K, reserved 212992K
}
Event: 40.280 GC heap before
{Heap before GC invocations=22 (full 0):
 garbage-first heap   total 262144K, used 234333K [0x00000000e0000000, 0x0000000100000000)
  region size 1024K, 74 young (75776K), 4 survivors (4096K)
 Metaspace       used 122428K, committed 123328K, reserved 327680K
  class space    used 15887K, committed 16320K, reserved 212992K
}
Event: 40.290 GC heap after
{Heap after GC invocations=23 (full 0):
 garbage-first heap   total 262144K, used 166701K [0x00000000e0000000, 0x0000000100000000)
  region size 1024K, 10 young (10240K), 10 survivors (10240K)
 Metaspace       used 122428K, committed 123328K, reserved 327680K
  class space    used 15887K, committed 16320K, reserved 212992K
}
Event: 40.330 GC heap before
{Heap before GC invocations=23 (full 0):
 garbage-first heap   total 262144K, used 168749K [0x00000000e0000000, 0x0000000100000000)
  region size 1024K, 12 young (12288K), 10 survivors (10240K)
 Metaspace       used 122479K, committed 123328K, reserved 327680K
  class space    used 15890K, committed 16320K, reserved 212992K
}
Event: 40.334 GC heap after
{Heap after GC invocations=24 (full 0):
 garbage-first heap   total 262144K, used 167480K [0x00000000e0000000, 0x0000000100000000)
  region size 1024K, 2 young (2048K), 2 survivors (2048K)
 Metaspace       used 122479K, committed 123328K, reserved 327680K
  class space    used 15890K, committed 16320K, reserved 212992K
}

Deoptimization events (20 events):
Event: 40.260 Thread 0x000001d0dc5687e0 DEOPT PACKING pc=0x000001d0cef91b70 sp=0x000000608a4f7d60
Event: 40.260 Thread 0x000001d0dc5687e0 DEOPT UNPACKING pc=0x000001d0c70923a3 sp=0x000000608a4f7d00 mode 2
Event: 40.261 Thread 0x000001d0dc5687e0 Uncommon trap: trap_request=0xffffff45 fr.pc=0x000001d0cf0e4d58 relative=0x00000000000001d8
Event: 40.261 Thread 0x000001d0dc5687e0 Uncommon trap: reason=unstable_if action=reinterpret pc=0x000001d0cf0e4d58 method=java.lang.String.indexOf(Ljava/lang/String;)I @ 10 c2
Event: 40.261 Thread 0x000001d0dc5687e0 DEOPT PACKING pc=0x000001d0cf0e4d58 sp=0x000000608a4f7d40
Event: 40.261 Thread 0x000001d0dc5687e0 DEOPT UNPACKING pc=0x000001d0c70923a3 sp=0x000000608a4f7cd0 mode 2
Event: 40.278 Thread 0x000001d0dc5687e0 Uncommon trap: trap_request=0xffffff45 fr.pc=0x000001d0cec42224 relative=0x0000000000000aa4
Event: 40.278 Thread 0x000001d0dc5687e0 Uncommon trap: reason=unstable_if action=reinterpret pc=0x000001d0cec42224 method=io.spring.gradle.dependencymanagement.org.codehaus.plexus.util.xml.pull.MXParser.nextImpl()I @ 495 c2
Event: 40.278 Thread 0x000001d0dc5687e0 DEOPT PACKING pc=0x000001d0cec42224 sp=0x000000608a4f7a40
Event: 40.278 Thread 0x000001d0dc5687e0 DEOPT UNPACKING pc=0x000001d0c70923a3 sp=0x000000608a4f79b8 mode 2
Event: 40.301 Thread 0x000001d0dc5687e0 Uncommon trap: trap_request=0xffffff45 fr.pc=0x000001d0cefcd494 relative=0x0000000000000174
Event: 40.301 Thread 0x000001d0dc5687e0 Uncommon trap: reason=unstable_if action=reinterpret pc=0x000001d0cefcd494 method=java.lang.StringLatin1.trim([B)Ljava/lang/String; @ 60 c2
Event: 40.301 Thread 0x000001d0dc5687e0 DEOPT PACKING pc=0x000001d0cefcd494 sp=0x000000608a4f7900
Event: 40.301 Thread 0x000001d0dc5687e0 DEOPT UNPACKING pc=0x000001d0c70923a3 sp=0x000000608a4f7880 mode 2
Event: 40.351 Thread 0x000001d0dc5687e0 Uncommon trap: trap_request=0xffffff45 fr.pc=0x000001d0cee20554 relative=0x00000000000002b4
Event: 40.351 Thread 0x000001d0dc5687e0 Uncommon trap: reason=unstable_if action=reinterpret pc=0x000001d0cee20554 method=io.spring.gradle.dependencymanagement.org.codehaus.plexus.util.xml.pull.MXParser.isS(C)Z @ 21 c2
Event: 40.351 Thread 0x000001d0dc5687e0 DEOPT PACKING pc=0x000001d0cee20554 sp=0x000000608a4f7b30
Event: 40.351 Thread 0x000001d0dc5687e0 DEOPT UNPACKING pc=0x000001d0c70923a3 sp=0x000000608a4f7a50 mode 2
Event: 40.381 Thread 0x000001d0dc5687e0 DEOPT PACKING pc=0x000001d0c761c459 sp=0x000000608a4f6a80
Event: 40.381 Thread 0x000001d0dc5687e0 DEOPT UNPACKING pc=0x000001d0c7092b43 sp=0x000000608a4f5f78 mode 0

Classes unloaded (0 events):
No events

Classes redefined (0 events):
No events

Internal exceptions (20 events):
Event: 26.818 Thread 0x000001d0dc5687e0 Exception <a 'java/lang/NoSuchMethodError'{0x00000000ef7e03e0}: 'java.lang.Object java.lang.invoke.DirectMethodHandle$Holder.newInvokeSpecial(java.lang.Object, java.lang.Object, java.lang.Object, int, int, java.lang.Object, java.lang.Object)'> (0x00000000ef7e03e0) 
thrown [s\open\src\hotspot\share\interpreter\linkResolver.cpp, line 759]
Event: 28.056 Thread 0x000001d0df254de0 Exception <a 'sun/nio/fs/WindowsException'{0x00000000eeba7d30}> (0x00000000eeba7d30) 
thrown [s\open\src\hotspot\share\prims\jni.cpp, line 516]
Event: 28.066 Thread 0x000001d0df254de0 Exception <a 'sun/nio/fs/WindowsException'{0x00000000eea1af50}> (0x00000000eea1af50) 
thrown [s\open\src\hotspot\share\prims\jni.cpp, line 516]
Event: 28.067 Thread 0x000001d0df254de0 Exception <a 'sun/nio/fs/WindowsException'{0x00000000eea1b0d8}> (0x00000000eea1b0d8) 
thrown [s\open\src\hotspot\share\prims\jni.cpp, line 516]
Event: 28.219 Thread 0x000001d0dc5687e0 Implicit null exception at 0x000001d0cebbb992 to 0x000001d0cebbc034
Event: 28.220 Thread 0x000001d0dc5687e0 Implicit null exception at 0x000001d0cebf2694 to 0x000001d0cebf2d38
Event: 28.830 Thread 0x000001d0dc5687e0 Implicit null exception at 0x000001d0cf0edfe0 to 0x000001d0cf0ee078
Event: 37.927 Thread 0x000001d0dc4e5a20 Exception <a 'java/lang/NoSuchMethodError'{0x00000000ef488ba8}: static Lorg/gradle/tooling/internal/provider/PhasedBuildActionResult;.<clinit>()V> (0x00000000ef488ba8) 
thrown [s\open\src\hotspot\share\prims\jni.cpp, line 1107]
Event: 37.928 Thread 0x000001d0dc4e5a20 Exception <a 'java/lang/NoSuchMethodError'{0x00000000ef491dc0}: static Lorg/gradle/tooling/internal/provider/serialization/SerializedPayload;.<clinit>()V> (0x00000000ef491dc0) 
thrown [s\open\src\hotspot\share\prims\jni.cpp, line 1107]
Event: 37.929 Thread 0x000001d0dc4e5a20 Exception <a 'java/lang/NoSuchMethodError'{0x00000000ef499610}: static [B.<clinit>()V> (0x00000000ef499610) 
thrown [s\open\src\hotspot\share\prims\jni.cpp, line 1107]
Event: 38.005 Thread 0x000001d0dc4e5a20 Exception <a 'java/lang/NoSuchMethodError'{0x00000000eeee7008}: static Lorg/gradle/internal/build/event/types/DefaultTaskStartedProgressEvent;.<clinit>()V> (0x00000000eeee7008) 
thrown [s\open\src\hotspot\share\prims\jni.cpp, line 1107]
Event: 38.005 Thread 0x000001d0dc4e5a20 Exception <a 'java/lang/NoSuchMethodError'{0x00000000eeee8ca0}: static Lorg/gradle/internal/build/event/types/AbstractProgressEvent;.<clinit>()V> (0x00000000eeee8ca0) 
thrown [s\open\src\hotspot\share\prims\jni.cpp, line 1107]
Event: 38.005 Thread 0x000001d0dc4e5a20 Exception <a 'java/lang/NoSuchMethodError'{0x00000000eed06d40}: static Lorg/gradle/internal/build/event/types/DefaultTaskDescriptor;.<clinit>()V> (0x00000000eed06d40) 
thrown [s\open\src\hotspot\share\prims\jni.cpp, line 1107]
Event: 38.006 Thread 0x000001d0dc4e5a20 Exception <a 'java/lang/NoSuchMethodError'{0x00000000eed11a00}: static Lorg/gradle/internal/operations/OperationIdentifier;.<clinit>()V> (0x00000000eed11a00) 
thrown [s\open\src\hotspot\share\prims\jni.cpp, line 1107]
Event: 38.008 Thread 0x000001d0dc4e5a20 Exception <a 'java/lang/NoSuchMethodError'{0x00000000eed1bcd8}: static Lorg/gradle/internal/build/event/types/DefaultTaskFinishedProgressEvent;.<clinit>()V> (0x00000000eed1bcd8) 
thrown [s\open\src\hotspot\share\prims\jni.cpp, line 1107]
Event: 38.009 Thread 0x000001d0dc4e5a20 Exception <a 'java/lang/NoSuchMethodError'{0x00000000eed59068}: static Lorg/gradle/internal/build/event/types/DefaultTaskSuccessResult;.<clinit>()V> (0x00000000eed59068) 
thrown [s\open\src\hotspot\share\prims\jni.cpp, line 1107]
Event: 38.009 Thread 0x000001d0dc4e5a20 Exception <a 'java/lang/NoSuchMethodError'{0x00000000eed5a780}: static Lorg/gradle/internal/build/event/types/AbstractTaskResult;.<clinit>()V> (0x00000000eed5a780) 
thrown [s\open\src\hotspot\share\prims\jni.cpp, line 1107]
Event: 38.009 Thread 0x000001d0dc4e5a20 Exception <a 'java/lang/NoSuchMethodError'{0x00000000eed5c2f8}: static Lorg/gradle/internal/build/event/types/AbstractResult;.<clinit>()V> (0x00000000eed5c2f8) 
thrown [s\open\src\hotspot\share\prims\jni.cpp, line 1107]
Event: 38.010 Thread 0x000001d0dc4e5a20 Exception <a 'java/lang/NoSuchMethodError'{0x00000000eed6d410}: static Lorg/gradle/internal/build/event/types/DefaultScriptPluginIdentifier;.<clinit>()V> (0x00000000eed6d410) 
thrown [s\open\src\hotspot\share\prims\jni.cpp, line 1107]
Event: 38.127 Thread 0x000001d0dc5687e0 Exception <a 'java/lang/NoSuchMethodError'{0x00000000ee529150}: 'int java.lang.invoke.DirectMethodHandle$Holder.invokeSpecialIFC(java.lang.Object, java.lang.Object, java.lang.Object, java.lang.Object, java.lang.Object)'> (0x00000000ee529150) 
thrown [s\open\src\hotspot\share\interpreter\linkResolver.cpp, line 759]

VM Operations (20 events):
Event: 38.007 Executing VM operation: HandshakeAllThreads
Event: 38.007 Executing VM operation: HandshakeAllThreads done
Event: 38.167 Executing VM operation: ICBufferFull
Event: 38.167 Executing VM operation: ICBufferFull done
Event: 39.172 Executing VM operation: Cleanup
Event: 39.173 Executing VM operation: Cleanup done
Event: 40.178 Executing VM operation: Cleanup
Event: 40.193 Executing VM operation: Cleanup done
Event: 40.193 Executing VM operation: HandshakeAllThreads
Event: 40.193 Executing VM operation: HandshakeAllThreads done
Event: 40.210 Executing VM operation: HandshakeAllThreads
Event: 40.211 Executing VM operation: HandshakeAllThreads done
Event: 40.229 Executing VM operation: HandshakeAllThreads
Event: 40.229 Executing VM operation: HandshakeAllThreads done
Event: 40.229 Executing VM operation: HandshakeAllThreads
Event: 40.230 Executing VM operation: HandshakeAllThreads done
Event: 40.279 Executing VM operation: G1CollectForAllocation
Event: 40.292 Executing VM operation: G1CollectForAllocation done
Event: 40.330 Executing VM operation: G1CollectForAllocation
Event: 40.344 Executing VM operation: G1CollectForAllocation done

Events (20 events):
Event: 40.243 Thread 0x000001d0d9c43390 flushing nmethod 0x000001d0c8f1e510
Event: 40.243 Thread 0x000001d0d9c43390 flushing nmethod 0x000001d0c8f1f590
Event: 40.243 Thread 0x000001d0d9c43390 flushing nmethod 0x000001d0c8f1ff10
Event: 40.243 Thread 0x000001d0d9c43390 flushing nmethod 0x000001d0c8f23090
Event: 40.243 Thread 0x000001d0d9c43390 flushing nmethod 0x000001d0c8f29790
Event: 40.243 Thread 0x000001d0d9c43390 flushing nmethod 0x000001d0c8f29d10
Event: 40.243 Thread 0x000001d0d9c43390 flushing nmethod 0x000001d0c8f2a310
Event: 40.243 Thread 0x000001d0d9c43390 flushing nmethod 0x000001d0c8f2ae90
Event: 40.243 Thread 0x000001d0d9c43390 flushing nmethod 0x000001d0c8f2b210
Event: 40.243 Thread 0x000001d0d9c43390 flushing nmethod 0x000001d0c8f2fb10
Event: 40.243 Thread 0x000001d0d9c43390 flushing nmethod 0x000001d0c8f3c890
Event: 40.243 Thread 0x000001d0d9c43390 flushing nmethod 0x000001d0c8f4b990
Event: 40.246 Thread 0x000001d0df4ab6b0 Thread added: 0x000001d0df4ab6b0
Event: 40.258 Thread 0x000001d0df4aeba0 Thread added: 0x000001d0df4aeba0
Event: 40.268 Thread 0x000001d0df4a8b60 Thread added: 0x000001d0df4a8b60
Event: 40.275 Thread 0x000001d0df4aad10 Thread added: 0x000001d0df4aad10
Event: 40.298 Thread 0x000001d0df4ac520 Thread added: 0x000001d0df4ac520
Event: 40.320 Thread 0x000001d0df4aa840 Thread added: 0x000001d0df4aa840
Event: 40.329 Thread 0x000001d0df4ae6d0 Thread added: 0x000001d0df4ae6d0
Event: 40.350 Thread 0x000001d0df4ad860 Thread added: 0x000001d0df4ad860


Dynamic libraries:
0x00007ff650250000 - 0x00007ff650260000 	C:\Program Files\Java\jdk-17.0.5\bin\java.exe
0x00007ffcb2970000 - 0x00007ffcb2b68000 	C:\WINDOWS\SYSTEM32\ntdll.dll
0x00007ffcb0a60000 - 0x00007ffcb0b1f000 	C:\WINDOWS\System32\KERNEL32.DLL
0x00007ffcb04d0000 - 0x00007ffcb07c6000 	C:\WINDOWS\System32\KERNELBASE.dll
0x00007ffcb0050000 - 0x00007ffcb0150000 	C:\WINDOWS\System32\ucrtbase.dll
0x00007ffc80260000 - 0x00007ffc80278000 	C:\Program Files\Java\jdk-17.0.5\bin\jli.dll
0x00007ffcb1970000 - 0x00007ffcb1a1f000 	C:\WINDOWS\System32\ADVAPI32.dll
0x00007ffcb1bb0000 - 0x00007ffcb1c4e000 	C:\WINDOWS\System32\msvcrt.dll
0x00007ffcb10d0000 - 0x00007ffcb116c000 	C:\WINDOWS\System32\sechost.dll
0x00007ffcb1c90000 - 0x00007ffcb1db6000 	C:\WINDOWS\System32\RPCRT4.dll
0x00007ffc7d620000 - 0x00007ffc7d63a000 	C:\Program Files\Java\jdk-17.0.5\bin\VCRUNTIME140.dll
0x00007ffcb12f0000 - 0x00007ffcb148d000 	C:\WINDOWS\System32\USER32.dll
0x00007ffcb0340000 - 0x00007ffcb0362000 	C:\WINDOWS\System32\win32u.dll
0x00007ffcb2750000 - 0x00007ffcb277c000 	C:\WINDOWS\System32\GDI32.dll
0x00007ffcb07d0000 - 0x00007ffcb08e5000 	C:\WINDOWS\System32\gdi32full.dll
0x00007ffcb01c0000 - 0x00007ffcb025d000 	C:\WINDOWS\System32\msvcp_win.dll
0x00007ffc98400000 - 0x00007ffc9869a000 	C:\WINDOWS\WinSxS\amd64_microsoft.windows.common-controls_6595b64144ccf1df_6.0.19041.1110_none_60b5254171f9507e\COMCTL32.dll
0x00007ffca8980000 - 0x00007ffca898a000 	C:\WINDOWS\SYSTEM32\VERSION.dll
0x00007ffcb1c60000 - 0x00007ffcb1c90000 	C:\WINDOWS\System32\IMM32.DLL
0x00007ffc94b70000 - 0x00007ffc94b7c000 	C:\Program Files\Java\jdk-17.0.5\bin\vcruntime140_1.dll
0x00007ffc677a0000 - 0x00007ffc6782d000 	C:\Program Files\Java\jdk-17.0.5\bin\msvcp140.dll
0x00007ffc61c60000 - 0x00007ffc62822000 	C:\Program Files\Java\jdk-17.0.5\bin\server\jvm.dll
0x00007ffcb1ba0000 - 0x00007ffcb1ba8000 	C:\WINDOWS\System32\PSAPI.DLL
0x00007ffcabb00000 - 0x00007ffcabb09000 	C:\WINDOWS\SYSTEM32\WSOCK32.dll
0x00007ffcb1900000 - 0x00007ffcb196b000 	C:\WINDOWS\System32\WS2_32.dll
0x00007ffc9b620000 - 0x00007ffc9b647000 	C:\WINDOWS\SYSTEM32\WINMM.dll
0x00007ffcadbe0000 - 0x00007ffcadbf2000 	C:\WINDOWS\SYSTEM32\kernel.appcore.dll
0x00007ffc94a50000 - 0x00007ffc94a5a000 	C:\Program Files\Java\jdk-17.0.5\bin\jimage.dll
0x00007ffca5090000 - 0x00007ffca5274000 	C:\WINDOWS\SYSTEM32\DBGHELP.DLL
0x00007ffc95ad0000 - 0x00007ffc95b04000 	C:\WINDOWS\SYSTEM32\dbgcore.DLL
0x00007ffcb08f0000 - 0x00007ffcb0972000 	C:\WINDOWS\System32\bcryptPrimitives.dll
0x00007ffc6fba0000 - 0x00007ffc6fbc5000 	C:\Program Files\Java\jdk-17.0.5\bin\java.dll
0x00007ffc61b80000 - 0x00007ffc61c56000 	C:\Program Files\Java\jdk-17.0.5\bin\jsvml.dll
0x00007ffcb1e20000 - 0x00007ffcb2564000 	C:\WINDOWS\System32\SHELL32.dll
0x00007ffcadde0000 - 0x00007ffcae573000 	C:\WINDOWS\SYSTEM32\windows.storage.dll
0x00007ffcb0b80000 - 0x00007ffcb0ed4000 	C:\WINDOWS\System32\combase.dll
0x00007ffcaf9b0000 - 0x00007ffcaf9de000 	C:\WINDOWS\SYSTEM32\Wldp.dll
0x00007ffcb1020000 - 0x00007ffcb10cd000 	C:\WINDOWS\System32\SHCORE.dll
0x00007ffcb1b40000 - 0x00007ffcb1b95000 	C:\WINDOWS\System32\shlwapi.dll
0x00007ffcaff80000 - 0x00007ffcaffa5000 	C:\WINDOWS\SYSTEM32\profapi.dll
0x00007ffc7c000000 - 0x00007ffc7c019000 	C:\Program Files\Java\jdk-17.0.5\bin\net.dll
0x00007ffcaefd0000 - 0x00007ffcaf0da000 	C:\WINDOWS\SYSTEM32\WINHTTP.dll
0x00007ffcaf790000 - 0x00007ffcaf7fa000 	C:\WINDOWS\system32\mswsock.dll
0x00007ffc78ed0000 - 0x00007ffc78ee6000 	C:\Program Files\Java\jdk-17.0.5\bin\nio.dll
0x00007ffc7d600000 - 0x00007ffc7d618000 	C:\Program Files\Java\jdk-17.0.5\bin\zip.dll
0x00007ffc948a0000 - 0x00007ffc948b0000 	C:\Program Files\Java\jdk-17.0.5\bin\verify.dll
0x00007ffc80280000 - 0x00007ffc802a7000 	C:\Users\leejihoon\.gradle\native\68d5fa5c4cc2d200863cafc0d521ce42e7d3e7ee720ec0a83991735586a16f82\windows-amd64\native-platform.dll
0x00007ffc61a30000 - 0x00007ffc61b74000 	C:\Users\leejihoon\.gradle\native\e376f236ea51e6404a007f0833ffe2c6e607c4080706a723a18a27aeea778392\windows-amd64\native-platform-file-events.dll
0x00007ffc90620000 - 0x00007ffc90629000 	C:\Program Files\Java\jdk-17.0.5\bin\management.dll
0x00007ffc8f750000 - 0x00007ffc8f75b000 	C:\Program Files\Java\jdk-17.0.5\bin\management_ext.dll
0x00007ffcaf9f0000 - 0x00007ffcafa08000 	C:\WINDOWS\SYSTEM32\CRYPTSP.dll
0x00007ffcaef40000 - 0x00007ffcaef74000 	C:\WINDOWS\system32\rsaenh.dll
0x00007ffcb0260000 - 0x00007ffcb0287000 	C:\WINDOWS\System32\bcrypt.dll
0x00007ffcaff40000 - 0x00007ffcaff6e000 	C:\WINDOWS\SYSTEM32\USERENV.dll
0x00007ffcaf920000 - 0x00007ffcaf92c000 	C:\WINDOWS\SYSTEM32\CRYPTBASE.dll
0x00007ffcaf450000 - 0x00007ffcaf48b000 	C:\WINDOWS\SYSTEM32\IPHLPAPI.DLL
0x00007ffcb1170000 - 0x00007ffcb1178000 	C:\WINDOWS\System32\NSI.dll
0x00007ffca5940000 - 0x00007ffca5957000 	C:\WINDOWS\SYSTEM32\dhcpcsvc6.DLL
0x00007ffca6ec0000 - 0x00007ffca6edd000 	C:\WINDOWS\SYSTEM32\dhcpcsvc.DLL
0x00007ffcaf490000 - 0x00007ffcaf55a000 	C:\WINDOWS\SYSTEM32\DNSAPI.dll
0x00007ffc8eb50000 - 0x00007ffc8eb5e000 	C:\Program Files\Java\jdk-17.0.5\bin\sunmscapi.dll
0x00007ffcb0370000 - 0x00007ffcb04ce000 	C:\WINDOWS\System32\CRYPT32.dll
0x00007ffcafb00000 - 0x00007ffcafb28000 	C:\WINDOWS\SYSTEM32\ncrypt.dll
0x00007ffcafac0000 - 0x00007ffcafafb000 	C:\WINDOWS\SYSTEM32\NTASN1.dll
0x00007ffc8df30000 - 0x00007ffc8df37000 	C:\WINDOWS\system32\wshunix.dll
0x00007ffc8d600000 - 0x00007ffc8d617000 	C:\WINDOWS\system32\napinsp.dll
0x00007ffc8d560000 - 0x00007ffc8d57b000 	C:\WINDOWS\system32\pnrpnsp.dll
0x00007ffcaa6b0000 - 0x00007ffcaa6c5000 	C:\WINDOWS\system32\wshbth.dll
0x00007ffcab9b0000 - 0x00007ffcab9cd000 	C:\WINDOWS\system32\NLAapi.dll
0x00007ffc8d4f0000 - 0x00007ffc8d502000 	C:\WINDOWS\System32\winrnr.dll
0x00007ffca72f0000 - 0x00007ffca72fa000 	C:\Windows\System32\rasadhlp.dll
0x00007ffc9b6b0000 - 0x00007ffc9b732000 	C:\WINDOWS\System32\fwpuclnt.dll

dbghelp: loaded successfully - version: 4.0.5 - missing functions: none
symbol engine: initialized successfully - sym options: 0x614 - pdb path: .;C:\Program Files\Java\jdk-17.0.5\bin;C:\WINDOWS\SYSTEM32;C:\WINDOWS\WinSxS\amd64_microsoft.windows.common-controls_6595b64144ccf1df_6.0.19041.1110_none_60b5254171f9507e;C:\Program Files\Java\jdk-17.0.5\bin\server;C:\Users\leejihoon\.gradle\native\68d5fa5c4cc2d200863cafc0d521ce42e7d3e7ee720ec0a83991735586a16f82\windows-amd64;C:\Users\leejihoon\.gradle\native\e376f236ea51e6404a007f0833ffe2c6e607c4080706a723a18a27aeea778392\windows-amd64

VM Arguments:
jvm_args: --add-opens=java.base/java.util.concurrent.atomic=ALL-UNNAMED -XX:MaxMetaspaceSize=256m -XX:+HeapDumpOnOutOfMemoryError --add-opens=java.base/java.util=ALL-UNNAMED --add-opens=java.base/java.lang=ALL-UNNAMED --add-opens=java.base/java.lang.invoke=ALL-UNNAMED --add-opens=java.prefs/java.util.prefs=ALL-UNNAMED --add-opens=java.base/java.nio.charset=ALL-UNNAMED --add-opens=java.base/java.net=ALL-UNNAMED --add-opens=java.base/java.util.concurrent.atomic=ALL-UNNAMED -Xms256m -Xmx512m -Dfile.encoding=UTF-8 -Duser.country=KR -Duser.language=ko -Duser.variant 
java_command: org.gradle.launcher.daemon.bootstrap.GradleDaemon 8.0
java_class_path (initial): C:\Users\leejihoon\.gradle\wrapper\dists\gradle-8.0-bin\ca5e32bp14vu59qr306oxotwh\gradle-8.0\lib\gradle-launcher-8.0.jar
Launcher Type: SUN_STANDARD

[Global flags]
     intx CICompilerCount                          = 3                                         {product} {ergonomic}
   size_t CompressedClassSpaceSize                 = 218103808                                 {product} {ergonomic}
     uint ConcGCThreads                            = 2                                         {product} {ergonomic}
     uint G1ConcRefinementThreads                  = 6                                         {product} {ergonomic}
   size_t G1HeapRegionSize                         = 1048576                                   {product} {ergonomic}
    uintx GCDrainStackTargetSize                   = 64                                        {product} {ergonomic}
     bool HeapDumpOnOutOfMemoryError               = true                                   {manageable} {command line}
   size_t InitialHeapSize                          = 268435456                                 {product} {command line}
   size_t MarkStackSize                            = 4194304                                   {product} {ergonomic}
   size_t MaxHeapSize                              = 536870912                                 {product} {command line}
   size_t MaxMetaspaceSize                         = 268435456                                 {product} {command line}
   size_t MaxNewSize                               = 321912832                                 {product} {ergonomic}
   size_t MinHeapDeltaBytes                        = 1048576                                   {product} {ergonomic}
   size_t MinHeapSize                              = 268435456                                 {product} {command line}
    uintx NonNMethodCodeHeapSize                   = 5832780                                {pd product} {ergonomic}
    uintx NonProfiledCodeHeapSize                  = 122912730                              {pd product} {ergonomic}
    uintx ProfiledCodeHeapSize                     = 122912730                              {pd product} {ergonomic}
    uintx ReservedCodeCacheSize                    = 251658240                              {pd product} {ergonomic}
     bool SegmentedCodeCache                       = true                                      {product} {ergonomic}
   size_t SoftMaxHeapSize                          = 536870912                              {manageable} {ergonomic}
     bool UseCompressedClassPointers               = true                           {product lp64_product} {ergonomic}
     bool UseCompressedOops                        = true                           {product lp64_product} {ergonomic}
     bool UseG1GC                                  = true                                      {product} {ergonomic}
     bool UseLargePagesIndividualAllocation        = false                                  {pd product} {ergonomic}

Logging:
Log output configuration:
 #0: stdout all=warning uptime,level,tags
 #1: stderr all=off uptime,level,tags

Environment Variables:
JAVA_HOME=C:\Program Files\Java\jdk-17.0.5
CLASSPATH="""%classpath%;.";F:\jdk1.8\bin;;.";F:\jdk1.8\bin;;.";F:\jdk1.8\bin;
PATH=C:\Program Files\Common Files\Oracle\Java\javapath;C:\Oracle\app\oracle\product\11.2.0\server\bin;C:\Python38\Scripts\;C:\Python38\;C:\mysql\bin;C:\Windows\system32;C:\Windows;C:\Windows\System32\Wbem;C:\Windows\System32\WindowsPowerShell\v1.0\;C:\Windows\System32\OpenSSH\;C:\Program Files (x86)\NVIDIA Corporation\PhysX\Common;C:\Program Files\Java\jdk-17.0.5\bin;C:\WINDOWS\system32;C:\WINDOWS;C:\WINDOWS\System32\Wbem;C:\WINDOWS\System32\WindowsPowerShell\v1.0\;C:\WINDOWS\System32\OpenSSH\;C:\Program Files\PuTTY\;C:\ProgramData\chocolatey\bin;C:\Program Files\JetBrains\IntelliJ IDEA 2020.3.1\bin;C:\Program Files\MySQL\MySQL Server 8.0\bin;C:\Program Files\nodejs\;C:\Program Files\Git\cmd;C:\Program Files\Docker\Docker\resources\bin;C:\ProgramData\DockerDesktop\version-bin;C:\Users\leejihoon\AppData\Local\Programs\Python\Python38\Scripts\;C:\Users\leejihoon\AppData\Local\Programs\Python\Python38\;C:\Program Files\MySQL\MySQL Shell 8.0\bin\;C:\Users\leejihoon\AppData\Local\Microsoft\WindowsApps;C:\Users\leejihoon\AppData\Local\GitHubDesktop\bin;C:\Program Files\Java\jdk-17.0.5\bin;D:\Front-end\vscode\Microsoft VS Code\bin;C:\Program Files\JetBrains\IntelliJ IDEA 2021.2\bin;;C:\Program Files\JetBrains\IntelliJ IDEA 2020.3.1\bin;C:\Users\leejihoon\AppData\Local\Microsoft\WindowsApps;C:\Windows\System32;C:\Program Files\MySQL\MySQL Server 8.0\bin;C:\Users\leejihoon\AppData\Roaming\npm;
USERNAME=leejihoon
OS=Windows_NT
PROCESSOR_IDENTIFIER=Intel64 Family 6 Model 158 Stepping 10, GenuineIntel



---------------  S Y S T E M  ---------------

OS:
 Windows 10 , 64 bit Build 19041 (10.0.19041.3155)
OS uptime: 3 days 8:47 hours
Hyper-V role detected

CPU: total 6 (initial active 6) (6 cores per cpu, 1 threads per core) family 6 model 158 stepping 10 microcode 0xb4, cx8, cmov, fxsr, mmx, 3dnowpref, sse, sse2, sse3, ssse3, sse4.1, sse4.2, popcnt, lzcnt, tsc, tscinvbit, avx, avx2, aes, erms, clmul, bmi1, bmi2, adx, fma, vzeroupper, clflush, clflushopt, hv

Memory: 4k page, system-wide physical 16320M (3119M free)
TotalPageFile size 18368M (AvailPageFile size 3M)
current process WorkingSet (physical memory assigned to process): 557M, peak: 557M
current process commit charge ("private bytes"): 603M, peak: 605M

vm_info: Java HotSpot(TM) 64-Bit Server VM (17.0.5+9-LTS-191) for windows-amd64 JRE (17.0.5+9-LTS-191), built on Sep 13 2022 17:31:43 by "mach5one" with MS VC++ 16.8 / 16.9 (VS2019)

END.
